
AVRASM ver. 2.1.30  C:\cvavreval\AVR\SD-WC\List\BRELOK_DS1+.asm Wed May 16 18:03:43 2012

C:\cvavreval\AVR\SD-WC\List\BRELOK_DS1+.asm(1028): warning: Register r3 already defined by the .DEF directive
                 
                 
                 ;CodeVisionAVR C Compiler V2.05.0 Professional
                 ;(C) Copyright 1998-2010 Pavel Haiduc, HP InfoTech s.r.l.
                 ;http://www.hpinfotech.com
                 
                 ;Chip type                : ATtiny44
                 ;Program type             : Application
                 ;Clock frequency          : 8,000000 MHz
                 ;Memory model             : Small
                 ;Optimize for             : Size
                 ;(s)printf features       : int, width
                 ;(s)scanf features        : int, width
                 ;External RAM size        : 0
                 ;Data Stack size          : 64 byte(s)
                 ;Heap size                : 0 byte(s)
                 ;Promote 'char' to 'int'  : Yes
                 ;'char' is unsigned       : Yes
                 ;8 bit enums              : Yes
                 ;global 'const' stored in FLASH: No
                 ;Enhanced core instructions    : On
                 ;Smart register allocation     : On
                 ;Automatic register allocation : On
                 
                 	#pragma AVRPART ADMIN PART_NAME ATtiny44
                 	#pragma AVRPART MEMORY PROG_FLASH 4096
                 	#pragma AVRPART MEMORY EEPROM 256
                 	#pragma AVRPART MEMORY INT_SRAM SIZE 351
                 	#pragma AVRPART MEMORY INT_SRAM START_ADDR 0x60
                 
                 	.LISTMAC
                 	.EQU EERE=0x0
                 	.EQU EEWE=0x1
                 	.EQU EEMWE=0x2
                 	.EQU EECR=0x1C
                 	.EQU EEDR=0x1D
                 	.EQU EEARL=0x1E
                 
                 	.EQU WDTCSR=0x21
                 	.EQU MCUSR=0x34
                 	.EQU MCUCR=0x35
                 	.EQU SPL=0x3D
                 	.EQU SPH=0x3E
                 	.EQU SREG=0x3F
                 	.EQU GPIOR0=0x13
                 	.EQU GPIOR1=0x14
                 	.EQU GPIOR2=0x15
                 
                 	.DEF R0X0=R0
                 	.DEF R0X1=R1
                 	.DEF R0X2=R2
                 	.DEF R0X3=R3
                 	.DEF R0X4=R4
                 	.DEF R0X5=R5
                 	.DEF R0X6=R6
                 	.DEF R0X7=R7
                 	.DEF R0X8=R8
                 	.DEF R0X9=R9
                 	.DEF R0XA=R10
                 	.DEF R0XB=R11
                 	.DEF R0XC=R12
                 	.DEF R0XD=R13
                 	.DEF R0XE=R14
                 	.DEF R0XF=R15
                 	.DEF R0X10=R16
                 	.DEF R0X11=R17
                 	.DEF R0X12=R18
                 	.DEF R0X13=R19
                 	.DEF R0X14=R20
                 	.DEF R0X15=R21
                 	.DEF R0X16=R22
                 	.DEF R0X17=R23
                 	.DEF R0X18=R24
                 	.DEF R0X19=R25
                 	.DEF R0X1A=R26
                 	.DEF R0X1B=R27
                 	.DEF R0X1C=R28
                 	.DEF R0X1D=R29
                 	.DEF R0X1E=R30
                 	.DEF R0X1F=R31
                 
                 	.EQU __SRAM_START=0x0060
                 	.EQU __SRAM_END=0x015F
                 	.EQU __DSTACK_SIZE=0x0040
                 	.EQU __HEAP_SIZE=0x0000
                 	.EQU __CLEAR_SRAM_SIZE=__SRAM_END-__SRAM_START+1
                 
                 	.MACRO __CPD1N
                 	CPI  R30,LOW(@0)
                 	LDI  R26,HIGH(@0)
                 	CPC  R31,R26
                 	LDI  R26,BYTE3(@0)
                 	CPC  R22,R26
                 	LDI  R26,BYTE4(@0)
                 	CPC  R23,R26
                 	.ENDM
                 
                 	.MACRO __CPD2N
                 	CPI  R26,LOW(@0)
                 	LDI  R30,HIGH(@0)
                 	CPC  R27,R30
                 	LDI  R30,BYTE3(@0)
                 	CPC  R24,R30
                 	LDI  R30,BYTE4(@0)
                 	CPC  R25,R30
                 	.ENDM
                 
                 	.MACRO __CPWRR
                 	CP   R@0,R@2
                 	CPC  R@1,R@3
                 	.ENDM
                 
                 	.MACRO __CPWRN
                 	CPI  R@0,LOW(@2)
                 	LDI  R30,HIGH(@2)
                 	CPC  R@1,R30
                 	.ENDM
                 
                 	.MACRO __ADDB1MN
                 	SUBI R30,LOW(-@0-(@1))
                 	.ENDM
                 
                 	.MACRO __ADDB2MN
                 	SUBI R26,LOW(-@0-(@1))
                 	.ENDM
                 
                 	.MACRO __ADDW1MN
                 	SUBI R30,LOW(-@0-(@1))
                 	SBCI R31,HIGH(-@0-(@1))
                 	.ENDM
                 
                 	.MACRO __ADDW2MN
                 	SUBI R26,LOW(-@0-(@1))
                 	SBCI R27,HIGH(-@0-(@1))
                 	.ENDM
                 
                 	.MACRO __ADDW1FN
                 	SUBI R30,LOW(-2*@0-(@1))
                 	SBCI R31,HIGH(-2*@0-(@1))
                 	.ENDM
                 
                 	.MACRO __ADDD1FN
                 	SUBI R30,LOW(-2*@0-(@1))
                 	SBCI R31,HIGH(-2*@0-(@1))
                 	SBCI R22,BYTE3(-2*@0-(@1))
                 	.ENDM
                 
                 	.MACRO __ADDD1N
                 	SUBI R30,LOW(-@0)
                 	SBCI R31,HIGH(-@0)
                 	SBCI R22,BYTE3(-@0)
                 	SBCI R23,BYTE4(-@0)
                 	.ENDM
                 
                 	.MACRO __ADDD2N
                 	SUBI R26,LOW(-@0)
                 	SBCI R27,HIGH(-@0)
                 	SBCI R24,BYTE3(-@0)
                 	SBCI R25,BYTE4(-@0)
                 	.ENDM
                 
                 	.MACRO __SUBD1N
                 	SUBI R30,LOW(@0)
                 	SBCI R31,HIGH(@0)
                 	SBCI R22,BYTE3(@0)
                 	SBCI R23,BYTE4(@0)
                 	.ENDM
                 
                 	.MACRO __SUBD2N
                 	SUBI R26,LOW(@0)
                 	SBCI R27,HIGH(@0)
                 	SBCI R24,BYTE3(@0)
                 	SBCI R25,BYTE4(@0)
                 	.ENDM
                 
                 	.MACRO __ANDBMNN
                 	LDS  R30,@0+(@1)
                 	ANDI R30,LOW(@2)
                 	STS  @0+(@1),R30
                 	.ENDM
                 
                 	.MACRO __ANDWMNN
                 	LDS  R30,@0+(@1)
                 	ANDI R30,LOW(@2)
                 	STS  @0+(@1),R30
                 	LDS  R30,@0+(@1)+1
                 	ANDI R30,HIGH(@2)
                 	STS  @0+(@1)+1,R30
                 	.ENDM
                 
                 	.MACRO __ANDD1N
                 	ANDI R30,LOW(@0)
                 	ANDI R31,HIGH(@0)
                 	ANDI R22,BYTE3(@0)
                 	ANDI R23,BYTE4(@0)
                 	.ENDM
                 
                 	.MACRO __ANDD2N
                 	ANDI R26,LOW(@0)
                 	ANDI R27,HIGH(@0)
                 	ANDI R24,BYTE3(@0)
                 	ANDI R25,BYTE4(@0)
                 	.ENDM
                 
                 	.MACRO __ORBMNN
                 	LDS  R30,@0+(@1)
                 	ORI  R30,LOW(@2)
                 	STS  @0+(@1),R30
                 	.ENDM
                 
                 	.MACRO __ORWMNN
                 	LDS  R30,@0+(@1)
                 	ORI  R30,LOW(@2)
                 	STS  @0+(@1),R30
                 	LDS  R30,@0+(@1)+1
                 	ORI  R30,HIGH(@2)
                 	STS  @0+(@1)+1,R30
                 	.ENDM
                 
                 	.MACRO __ORD1N
                 	ORI  R30,LOW(@0)
                 	ORI  R31,HIGH(@0)
                 	ORI  R22,BYTE3(@0)
                 	ORI  R23,BYTE4(@0)
                 	.ENDM
                 
                 	.MACRO __ORD2N
                 	ORI  R26,LOW(@0)
                 	ORI  R27,HIGH(@0)
                 	ORI  R24,BYTE3(@0)
                 	ORI  R25,BYTE4(@0)
                 	.ENDM
                 
                 	.MACRO __DELAY_USB
                 	LDI  R24,LOW(@0)
                 __DELAY_USB_LOOP:
                 	DEC  R24
                 	BRNE __DELAY_USB_LOOP
                 	.ENDM
                 
                 	.MACRO __DELAY_USW
                 	LDI  R24,LOW(@0)
                 	LDI  R25,HIGH(@0)
                 __DELAY_USW_LOOP:
                 	SBIW R24,1
                 	BRNE __DELAY_USW_LOOP
                 	.ENDM
                 
                 	.MACRO __GETD1S
                 	LDD  R30,Y+@0
                 	LDD  R31,Y+@0+1
                 	LDD  R22,Y+@0+2
                 	LDD  R23,Y+@0+3
                 	.ENDM
                 
                 	.MACRO __GETD2S
                 	LDD  R26,Y+@0
                 	LDD  R27,Y+@0+1
                 	LDD  R24,Y+@0+2
                 	LDD  R25,Y+@0+3
                 	.ENDM
                 
                 	.MACRO __PUTD1S
                 	STD  Y+@0,R30
                 	STD  Y+@0+1,R31
                 	STD  Y+@0+2,R22
                 	STD  Y+@0+3,R23
                 	.ENDM
                 
                 	.MACRO __PUTD2S
                 	STD  Y+@0,R26
                 	STD  Y+@0+1,R27
                 	STD  Y+@0+2,R24
                 	STD  Y+@0+3,R25
                 	.ENDM
                 
                 	.MACRO __PUTDZ2
                 	STD  Z+@0,R26
                 	STD  Z+@0+1,R27
                 	STD  Z+@0+2,R24
                 	STD  Z+@0+3,R25
                 	.ENDM
                 
                 	.MACRO __CLRD1S
                 	STD  Y+@0,R30
                 	STD  Y+@0+1,R30
                 	STD  Y+@0+2,R30
                 	STD  Y+@0+3,R30
                 	.ENDM
                 
                 	.MACRO __POINTB1MN
                 	LDI  R30,LOW(@0+(@1))
                 	.ENDM
                 
                 	.MACRO __POINTW1MN
                 	LDI  R30,LOW(@0+(@1))
                 	LDI  R31,HIGH(@0+(@1))
                 	.ENDM
                 
                 	.MACRO __POINTD1M
                 	LDI  R30,LOW(@0)
                 	LDI  R31,HIGH(@0)
                 	LDI  R22,BYTE3(@0)
                 	LDI  R23,BYTE4(@0)
                 	.ENDM
                 
                 	.MACRO __POINTW1FN
                 	LDI  R30,LOW(2*@0+(@1))
                 	LDI  R31,HIGH(2*@0+(@1))
                 	.ENDM
                 
                 	.MACRO __POINTD1FN
                 	LDI  R30,LOW(2*@0+(@1))
                 	LDI  R31,HIGH(2*@0+(@1))
                 	LDI  R22,BYTE3(2*@0+(@1))
                 	LDI  R23,BYTE4(2*@0+(@1))
                 	.ENDM
                 
                 	.MACRO __POINTB2MN
                 	LDI  R26,LOW(@0+(@1))
                 	.ENDM
                 
                 	.MACRO __POINTW2MN
                 	LDI  R26,LOW(@0+(@1))
                 	LDI  R27,HIGH(@0+(@1))
                 	.ENDM
                 
                 	.MACRO __POINTBRM
                 	LDI  R@0,LOW(@1)
                 	.ENDM
                 
                 	.MACRO __POINTWRM
                 	LDI  R@0,LOW(@2)
                 	LDI  R@1,HIGH(@2)
                 	.ENDM
                 
                 	.MACRO __POINTBRMN
                 	LDI  R@0,LOW(@1+(@2))
                 	.ENDM
                 
                 	.MACRO __POINTWRMN
                 	LDI  R@0,LOW(@2+(@3))
                 	LDI  R@1,HIGH(@2+(@3))
                 	.ENDM
                 
                 	.MACRO __POINTWRFN
                 	LDI  R@0,LOW(@2*2+(@3))
                 	LDI  R@1,HIGH(@2*2+(@3))
                 	.ENDM
                 
                 	.MACRO __GETD1N
                 	LDI  R30,LOW(@0)
                 	LDI  R31,HIGH(@0)
                 	LDI  R22,BYTE3(@0)
                 	LDI  R23,BYTE4(@0)
                 	.ENDM
                 
                 	.MACRO __GETD2N
                 	LDI  R26,LOW(@0)
                 	LDI  R27,HIGH(@0)
                 	LDI  R24,BYTE3(@0)
                 	LDI  R25,BYTE4(@0)
                 	.ENDM
                 
                 	.MACRO __GETB1MN
                 	LDS  R30,@0+(@1)
                 	.ENDM
                 
                 	.MACRO __GETB1HMN
                 	LDS  R31,@0+(@1)
                 	.ENDM
                 
                 	.MACRO __GETW1MN
                 	LDS  R30,@0+(@1)
                 	LDS  R31,@0+(@1)+1
                 	.ENDM
                 
                 	.MACRO __GETD1MN
                 	LDS  R30,@0+(@1)
                 	LDS  R31,@0+(@1)+1
                 	LDS  R22,@0+(@1)+2
                 	LDS  R23,@0+(@1)+3
                 	.ENDM
                 
                 	.MACRO __GETBRMN
                 	LDS  R@0,@1+(@2)
                 	.ENDM
                 
                 	.MACRO __GETWRMN
                 	LDS  R@0,@2+(@3)
                 	LDS  R@1,@2+(@3)+1
                 	.ENDM
                 
                 	.MACRO __GETWRZ
                 	LDD  R@0,Z+@2
                 	LDD  R@1,Z+@2+1
                 	.ENDM
                 
                 	.MACRO __GETD2Z
                 	LDD  R26,Z+@0
                 	LDD  R27,Z+@0+1
                 	LDD  R24,Z+@0+2
                 	LDD  R25,Z+@0+3
                 	.ENDM
                 
                 	.MACRO __GETB2MN
                 	LDS  R26,@0+(@1)
                 	.ENDM
                 
                 	.MACRO __GETW2MN
                 	LDS  R26,@0+(@1)
                 	LDS  R27,@0+(@1)+1
                 	.ENDM
                 
                 	.MACRO __GETD2MN
                 	LDS  R26,@0+(@1)
                 	LDS  R27,@0+(@1)+1
                 	LDS  R24,@0+(@1)+2
                 	LDS  R25,@0+(@1)+3
                 	.ENDM
                 
                 	.MACRO __PUTB1MN
                 	STS  @0+(@1),R30
                 	.ENDM
                 
                 	.MACRO __PUTW1MN
                 	STS  @0+(@1),R30
                 	STS  @0+(@1)+1,R31
                 	.ENDM
                 
                 	.MACRO __PUTD1MN
                 	STS  @0+(@1),R30
                 	STS  @0+(@1)+1,R31
                 	STS  @0+(@1)+2,R22
                 	STS  @0+(@1)+3,R23
                 	.ENDM
                 
                 	.MACRO __PUTB1EN
                 	LDI  R26,LOW(@0+(@1))
                 	LDI  R27,HIGH(@0+(@1))
                 	RCALL __EEPROMWRB
                 	.ENDM
                 
                 	.MACRO __PUTW1EN
                 	LDI  R26,LOW(@0+(@1))
                 	LDI  R27,HIGH(@0+(@1))
                 	RCALL __EEPROMWRW
                 	.ENDM
                 
                 	.MACRO __PUTD1EN
                 	LDI  R26,LOW(@0+(@1))
                 	LDI  R27,HIGH(@0+(@1))
                 	RCALL __EEPROMWRD
                 	.ENDM
                 
                 	.MACRO __PUTBR0MN
                 	STS  @0+(@1),R0
                 	.ENDM
                 
                 	.MACRO __PUTBMRN
                 	STS  @0+(@1),R@2
                 	.ENDM
                 
                 	.MACRO __PUTWMRN
                 	STS  @0+(@1),R@2
                 	STS  @0+(@1)+1,R@3
                 	.ENDM
                 
                 	.MACRO __PUTBZR
                 	STD  Z+@1,R@0
                 	.ENDM
                 
                 	.MACRO __PUTWZR
                 	STD  Z+@2,R@0
                 	STD  Z+@2+1,R@1
                 	.ENDM
                 
                 	.MACRO __GETW1R
                 	MOV  R30,R@0
                 	MOV  R31,R@1
                 	.ENDM
                 
                 	.MACRO __GETW2R
                 	MOV  R26,R@0
                 	MOV  R27,R@1
                 	.ENDM
                 
                 	.MACRO __GETWRN
                 	LDI  R@0,LOW(@2)
                 	LDI  R@1,HIGH(@2)
                 	.ENDM
                 
                 	.MACRO __PUTW1R
                 	MOV  R@0,R30
                 	MOV  R@1,R31
                 	.ENDM
                 
                 	.MACRO __PUTW2R
                 	MOV  R@0,R26
                 	MOV  R@1,R27
                 	.ENDM
                 
                 	.MACRO __ADDWRN
                 	SUBI R@0,LOW(-@2)
                 	SBCI R@1,HIGH(-@2)
                 	.ENDM
                 
                 	.MACRO __ADDWRR
                 	ADD  R@0,R@2
                 	ADC  R@1,R@3
                 	.ENDM
                 
                 	.MACRO __SUBWRN
                 	SUBI R@0,LOW(@2)
                 	SBCI R@1,HIGH(@2)
                 	.ENDM
                 
                 	.MACRO __SUBWRR
                 	SUB  R@0,R@2
                 	SBC  R@1,R@3
                 	.ENDM
                 
                 	.MACRO __ANDWRN
                 	ANDI R@0,LOW(@2)
                 	ANDI R@1,HIGH(@2)
                 	.ENDM
                 
                 	.MACRO __ANDWRR
                 	AND  R@0,R@2
                 	AND  R@1,R@3
                 	.ENDM
                 
                 	.MACRO __ORWRN
                 	ORI  R@0,LOW(@2)
                 	ORI  R@1,HIGH(@2)
                 	.ENDM
                 
                 	.MACRO __ORWRR
                 	OR   R@0,R@2
                 	OR   R@1,R@3
                 	.ENDM
                 
                 	.MACRO __EORWRR
                 	EOR  R@0,R@2
                 	EOR  R@1,R@3
                 	.ENDM
                 
                 	.MACRO __GETWRS
                 	LDD  R@0,Y+@2
                 	LDD  R@1,Y+@2+1
                 	.ENDM
                 
                 	.MACRO __PUTBSR
                 	STD  Y+@1,R@0
                 	.ENDM
                 
                 	.MACRO __PUTWSR
                 	STD  Y+@2,R@0
                 	STD  Y+@2+1,R@1
                 	.ENDM
                 
                 	.MACRO __MOVEWRR
                 	MOV  R@0,R@2
                 	MOV  R@1,R@3
                 	.ENDM
                 
                 	.MACRO __INWR
                 	IN   R@0,@2
                 	IN   R@1,@2+1
                 	.ENDM
                 
                 	.MACRO __OUTWR
                 	OUT  @2+1,R@1
                 	OUT  @2,R@0
                 	.ENDM
                 
                 	.MACRO __CALL1MN
                 	LDS  R30,@0+(@1)
                 	LDS  R31,@0+(@1)+1
                 	ICALL
                 	.ENDM
                 
                 	.MACRO __CALL1FN
                 	LDI  R30,LOW(2*@0+(@1))
                 	LDI  R31,HIGH(2*@0+(@1))
                 	RCALL __GETW1PF
                 	ICALL
                 	.ENDM
                 
                 	.MACRO __CALL2EN
                 	LDI  R26,LOW(@0+(@1))
                 	LDI  R27,HIGH(@0+(@1))
                 	RCALL __EEPROMRDW
                 	ICALL
                 	.ENDM
                 
                 	.MACRO __GETW1STACK
                 	IN   R26,SPL
                 	IN   R27,SPH
                 	ADIW R26,@0+1
                 	LD   R30,X+
                 	LD   R31,X
                 	.ENDM
                 
                 	.MACRO __GETD1STACK
                 	IN   R26,SPL
                 	IN   R27,SPH
                 	ADIW R26,@0+1
                 	LD   R30,X+
                 	LD   R31,X+
                 	LD   R22,X
                 	.ENDM
                 
                 	.MACRO __NBST
                 	BST  R@0,@1
                 	IN   R30,SREG
                 	LDI  R31,0x40
                 	EOR  R30,R31
                 	OUT  SREG,R30
                 	.ENDM
                 
                 
                 	.MACRO __PUTB1SN
                 	LDD  R26,Y+@0
                 	LDD  R27,Y+@0+1
                 	SUBI R26,LOW(-@1)
                 	SBCI R27,HIGH(-@1)
                 	ST   X,R30
                 	.ENDM
                 
                 	.MACRO __PUTW1SN
                 	LDD  R26,Y+@0
                 	LDD  R27,Y+@0+1
                 	SUBI R26,LOW(-@1)
                 	SBCI R27,HIGH(-@1)
                 	ST   X+,R30
                 	ST   X,R31
                 	.ENDM
                 
                 	.MACRO __PUTD1SN
                 	LDD  R26,Y+@0
                 	LDD  R27,Y+@0+1
                 	SUBI R26,LOW(-@1)
                 	SBCI R27,HIGH(-@1)
                 	RCALL __PUTDP1
                 	.ENDM
                 
                 	.MACRO __PUTB1SNS
                 	LDD  R26,Y+@0
                 	LDD  R27,Y+@0+1
                 	ADIW R26,@1
                 	ST   X,R30
                 	.ENDM
                 
                 	.MACRO __PUTW1SNS
                 	LDD  R26,Y+@0
                 	LDD  R27,Y+@0+1
                 	ADIW R26,@1
                 	ST   X+,R30
                 	ST   X,R31
                 	.ENDM
                 
                 	.MACRO __PUTD1SNS
                 	LDD  R26,Y+@0
                 	LDD  R27,Y+@0+1
                 	ADIW R26,@1
                 	RCALL __PUTDP1
                 	.ENDM
                 
                 	.MACRO __PUTB1PMN
                 	LDS  R26,@0
                 	LDS  R27,@0+1
                 	SUBI R26,LOW(-@1)
                 	SBCI R27,HIGH(-@1)
                 	ST   X,R30
                 	.ENDM
                 
                 	.MACRO __PUTW1PMN
                 	LDS  R26,@0
                 	LDS  R27,@0+1
                 	SUBI R26,LOW(-@1)
                 	SBCI R27,HIGH(-@1)
                 	ST   X+,R30
                 	ST   X,R31
                 	.ENDM
                 
                 	.MACRO __PUTD1PMN
                 	LDS  R26,@0
                 	LDS  R27,@0+1
                 	SUBI R26,LOW(-@1)
                 	SBCI R27,HIGH(-@1)
                 	RCALL __PUTDP1
                 	.ENDM
                 
                 	.MACRO __PUTB1PMNS
                 	LDS  R26,@0
                 	LDS  R27,@0+1
                 	ADIW R26,@1
                 	ST   X,R30
                 	.ENDM
                 
                 	.MACRO __PUTW1PMNS
                 	LDS  R26,@0
                 	LDS  R27,@0+1
                 	ADIW R26,@1
                 	ST   X+,R30
                 	ST   X,R31
                 	.ENDM
                 
                 	.MACRO __PUTD1PMNS
                 	LDS  R26,@0
                 	LDS  R27,@0+1
                 	ADIW R26,@1
                 	RCALL __PUTDP1
                 	.ENDM
                 
                 	.MACRO __PUTB1RN
                 	MOVW R26,R@0
                 	SUBI R26,LOW(-@1)
                 	SBCI R27,HIGH(-@1)
                 	ST   X,R30
                 	.ENDM
                 
                 	.MACRO __PUTW1RN
                 	MOVW R26,R@0
                 	SUBI R26,LOW(-@1)
                 	SBCI R27,HIGH(-@1)
                 	ST   X+,R30
                 	ST   X,R31
                 	.ENDM
                 
                 	.MACRO __PUTD1RN
                 	MOVW R26,R@0
                 	SUBI R26,LOW(-@1)
                 	SBCI R27,HIGH(-@1)
                 	RCALL __PUTDP1
                 	.ENDM
                 
                 	.MACRO __PUTB1RNS
                 	MOVW R26,R@0
                 	ADIW R26,@1
                 	ST   X,R30
                 	.ENDM
                 
                 	.MACRO __PUTW1RNS
                 	MOVW R26,R@0
                 	ADIW R26,@1
                 	ST   X+,R30
                 	ST   X,R31
                 	.ENDM
                 
                 	.MACRO __PUTD1RNS
                 	MOVW R26,R@0
                 	ADIW R26,@1
                 	RCALL __PUTDP1
                 	.ENDM
                 
                 	.MACRO __PUTB1RON
                 	MOV  R26,R@0
                 	MOV  R27,R@1
                 	SUBI R26,LOW(-@2)
                 	SBCI R27,HIGH(-@2)
                 	ST   X,R30
                 	.ENDM
                 
                 	.MACRO __PUTW1RON
                 	MOV  R26,R@0
                 	MOV  R27,R@1
                 	SUBI R26,LOW(-@2)
                 	SBCI R27,HIGH(-@2)
                 	ST   X+,R30
                 	ST   X,R31
                 	.ENDM
                 
                 	.MACRO __PUTD1RON
                 	MOV  R26,R@0
                 	MOV  R27,R@1
                 	SUBI R26,LOW(-@2)
                 	SBCI R27,HIGH(-@2)
                 	RCALL __PUTDP1
                 	.ENDM
                 
                 	.MACRO __PUTB1RONS
                 	MOV  R26,R@0
                 	MOV  R27,R@1
                 	ADIW R26,@2
                 	ST   X,R30
                 	.ENDM
                 
                 	.MACRO __PUTW1RONS
                 	MOV  R26,R@0
                 	MOV  R27,R@1
                 	ADIW R26,@2
                 	ST   X+,R30
                 	ST   X,R31
                 	.ENDM
                 
                 	.MACRO __PUTD1RONS
                 	MOV  R26,R@0
                 	MOV  R27,R@1
                 	ADIW R26,@2
                 	RCALL __PUTDP1
                 	.ENDM
                 
                 
                 	.MACRO __GETB1SX
                 	MOVW R30,R28
                 	SUBI R30,LOW(-@0)
                 	SBCI R31,HIGH(-@0)
                 	LD   R30,Z
                 	.ENDM
                 
                 	.MACRO __GETB1HSX
                 	MOVW R30,R28
                 	SUBI R30,LOW(-@0)
                 	SBCI R31,HIGH(-@0)
                 	LD   R31,Z
                 	.ENDM
                 
                 	.MACRO __GETW1SX
                 	MOVW R30,R28
                 	SUBI R30,LOW(-@0)
                 	SBCI R31,HIGH(-@0)
                 	LD   R0,Z+
                 	LD   R31,Z
                 	MOV  R30,R0
                 	.ENDM
                 
                 	.MACRO __GETD1SX
                 	MOVW R30,R28
                 	SUBI R30,LOW(-@0)
                 	SBCI R31,HIGH(-@0)
                 	LD   R0,Z+
                 	LD   R1,Z+
                 	LD   R22,Z+
                 	LD   R23,Z
                 	MOVW R30,R0
                 	.ENDM
                 
                 	.MACRO __GETB2SX
                 	MOVW R26,R28
                 	SUBI R26,LOW(-@0)
                 	SBCI R27,HIGH(-@0)
                 	LD   R26,X
                 	.ENDM
                 
                 	.MACRO __GETW2SX
                 	MOVW R26,R28
                 	SUBI R26,LOW(-@0)
                 	SBCI R27,HIGH(-@0)
                 	LD   R0,X+
                 	LD   R27,X
                 	MOV  R26,R0
                 	.ENDM
                 
                 	.MACRO __GETD2SX
                 	MOVW R26,R28
                 	SUBI R26,LOW(-@0)
                 	SBCI R27,HIGH(-@0)
                 	LD   R0,X+
                 	LD   R1,X+
                 	LD   R24,X+
                 	LD   R25,X
                 	MOVW R26,R0
                 	.ENDM
                 
                 	.MACRO __GETBRSX
                 	MOVW R30,R28
                 	SUBI R30,LOW(-@1)
                 	SBCI R31,HIGH(-@1)
                 	LD   R@0,Z
                 	.ENDM
                 
                 	.MACRO __GETWRSX
                 	MOVW R30,R28
                 	SUBI R30,LOW(-@2)
                 	SBCI R31,HIGH(-@2)
                 	LD   R@0,Z+
                 	LD   R@1,Z
                 	.ENDM
                 
                 	.MACRO __GETBRSX2
                 	MOVW R26,R28
                 	SUBI R26,LOW(-@1)
                 	SBCI R27,HIGH(-@1)
                 	LD   R@0,X
                 	.ENDM
                 
                 	.MACRO __GETWRSX2
                 	MOVW R26,R28
                 	SUBI R26,LOW(-@2)
                 	SBCI R27,HIGH(-@2)
                 	LD   R@0,X+
                 	LD   R@1,X
                 	.ENDM
                 
                 	.MACRO __LSLW8SX
                 	MOVW R30,R28
                 	SUBI R30,LOW(-@0)
                 	SBCI R31,HIGH(-@0)
                 	LD   R31,Z
                 	CLR  R30
                 	.ENDM
                 
                 	.MACRO __PUTB1SX
                 	MOVW R26,R28
                 	SUBI R26,LOW(-@0)
                 	SBCI R27,HIGH(-@0)
                 	ST   X,R30
                 	.ENDM
                 
                 	.MACRO __PUTW1SX
                 	MOVW R26,R28
                 	SUBI R26,LOW(-@0)
                 	SBCI R27,HIGH(-@0)
                 	ST   X+,R30
                 	ST   X,R31
                 	.ENDM
                 
                 	.MACRO __PUTD1SX
                 	MOVW R26,R28
                 	SUBI R26,LOW(-@0)
                 	SBCI R27,HIGH(-@0)
                 	ST   X+,R30
                 	ST   X+,R31
                 	ST   X+,R22
                 	ST   X,R23
                 	.ENDM
                 
                 	.MACRO __CLRW1SX
                 	MOVW R26,R28
                 	SUBI R26,LOW(-@0)
                 	SBCI R27,HIGH(-@0)
                 	ST   X+,R30
                 	ST   X,R30
                 	.ENDM
                 
                 	.MACRO __CLRD1SX
                 	MOVW R26,R28
                 	SUBI R26,LOW(-@0)
                 	SBCI R27,HIGH(-@0)
                 	ST   X+,R30
                 	ST   X+,R30
                 	ST   X+,R30
                 	ST   X,R30
                 	.ENDM
                 
                 	.MACRO __PUTB2SX
                 	MOVW R30,R28
                 	SUBI R30,LOW(-@0)
                 	SBCI R31,HIGH(-@0)
                 	ST   Z,R26
                 	.ENDM
                 
                 	.MACRO __PUTW2SX
                 	MOVW R30,R28
                 	SUBI R30,LOW(-@0)
                 	SBCI R31,HIGH(-@0)
                 	ST   Z+,R26
                 	ST   Z,R27
                 	.ENDM
                 
                 	.MACRO __PUTD2SX
                 	MOVW R30,R28
                 	SUBI R30,LOW(-@0)
                 	SBCI R31,HIGH(-@0)
                 	ST   Z+,R26
                 	ST   Z+,R27
                 	ST   Z+,R24
                 	ST   Z,R25
                 	.ENDM
                 
                 	.MACRO __PUTBSRX
                 	MOVW R30,R28
                 	SUBI R30,LOW(-@1)
                 	SBCI R31,HIGH(-@1)
                 	ST   Z,R@0
                 	.ENDM
                 
                 	.MACRO __PUTWSRX
                 	MOVW R30,R28
                 	SUBI R30,LOW(-@2)
                 	SBCI R31,HIGH(-@2)
                 	ST   Z+,R@0
                 	ST   Z,R@1
                 	.ENDM
                 
                 	.MACRO __PUTB1SNX
                 	MOVW R26,R28
                 	SUBI R26,LOW(-@0)
                 	SBCI R27,HIGH(-@0)
                 	LD   R0,X+
                 	LD   R27,X
                 	MOV  R26,R0
                 	SUBI R26,LOW(-@1)
                 	SBCI R27,HIGH(-@1)
                 	ST   X,R30
                 	.ENDM
                 
                 	.MACRO __PUTW1SNX
                 	MOVW R26,R28
                 	SUBI R26,LOW(-@0)
                 	SBCI R27,HIGH(-@0)
                 	LD   R0,X+
                 	LD   R27,X
                 	MOV  R26,R0
                 	SUBI R26,LOW(-@1)
                 	SBCI R27,HIGH(-@1)
                 	ST   X+,R30
                 	ST   X,R31
                 	.ENDM
                 
                 	.MACRO __PUTD1SNX
                 	MOVW R26,R28
                 	SUBI R26,LOW(-@0)
                 	SBCI R27,HIGH(-@0)
                 	LD   R0,X+
                 	LD   R27,X
                 	MOV  R26,R0
                 	SUBI R26,LOW(-@1)
                 	SBCI R27,HIGH(-@1)
                 	ST   X+,R30
                 	ST   X+,R31
                 	ST   X+,R22
                 	ST   X,R23
                 	.ENDM
                 
                 ;NAME DEFINITIONS FOR GLOBAL VARIABLES ALLOCATED TO REGISTERS
                 	.DEF _i=R3
                 
                 ;GPIOR0-GPIOR2 INITIALIZATION VALUES
                 	.EQU __GPIOR0_INIT=0x00
                 	.EQU __GPIOR1_INIT=0x00
                 	.EQU __GPIOR2_INIT=0x00
                 
                 	.CSEG
                 	.ORG 0x00
                 
                 ;START OF CODE MARKER
                 __START_OF_CODE:
                 
                 ;INTERRUPT VECTORS
000000 c041      	RJMP __RESET
000001 cffe      	RJMP 0x00
000002 cffd      	RJMP 0x00
000003 cffc      	RJMP 0x00
000004 cffb      	RJMP 0x00
000005 cffa      	RJMP 0x00
000006 cff9      	RJMP 0x00
000007 cff8      	RJMP 0x00
000008 cff7      	RJMP 0x00
000009 c0f1      	RJMP _timer0_compa_isr
00000a cff5      	RJMP 0x00
00000b cff4      	RJMP 0x00
00000c cff3      	RJMP 0x00
00000d cff2      	RJMP 0x00
00000e cff1      	RJMP 0x00
00000f cff0      	RJMP 0x00
000010 cfef      	RJMP 0x00
                 
                 _init:
000011 0b08
000012 0c00
000013 0d58
000014 0ee9      	.DB  0x8,0xB,0x0,0xC,0x58,0xD,0xE9,0xE
000015 0f00
000016 10e4
000017 11f1
000018 1201      	.DB  0x0,0xF,0xE4,0x10,0xF1,0x11,0x1,0x12
000019 1302
00001a 14e5
00001b 0a00
00001c 1504      	.DB  0x2,0x13,0xE5,0x14,0x0,0xA,0x4,0x15
00001d 2156
00001e 2210
00001f 1607
000020 1730      	.DB  0x56,0x21,0x10,0x22,0x7,0x16,0x30,0x17
000021 1818
000022 1916
000023 1a6c
000024 1bfb      	.DB  0x18,0x18,0x16,0x19,0x6C,0x1A,0xFB,0x1B
000025 1c40
000026 1d91
000027 23a9
000028 240a      	.DB  0x40,0x1C,0x91,0x1D,0xA9,0x23,0xA,0x24
000029 2500
00002a 2611
00002b 2959
00002c 2c88      	.DB  0x0,0x25,0x11,0x26,0x59,0x29,0x88,0x2C
00002d 2d31
00002e 2e0b
00002f 0006
000030 020e      	.DB  0x31,0x2D,0xB,0x2E,0x6,0x0,0xE,0x2
000031 0740
000032 0805
000033 0900
000034 06ff      	.DB  0x40,0x7,0x5,0x8,0x0,0x9,0xFF,0x6
000035 0307
000036 04cf
000037 05fc      	.DB  0x7,0x3,0xCF,0x4,0xFC,0x5
                 
                 _0x2020060:
C:\cvavreval\AVR\SD-WC\List\BRELOK_DS1+.asm(1073): warning: .cseg .db misalignment - padding zero byte
000038 0001      	.DB  0x1
                 _0x2020000:
000039 4e2d
00003a 4e41
00003b 4900
00003c 464e      	.DB  0x2D,0x4E,0x41,0x4E,0x0,0x49,0x4E,0x46
C:\cvavreval\AVR\SD-WC\List\BRELOK_DS1+.asm(1076): warning: .cseg .db misalignment - padding zero byte
00003d 0000      	.DB  0x0
                 
                 __GLOBAL_INI_TBL:
00003e 0001      	.DW  0x01
00003f 00a0      	.DW  __seed_G101
000040 0070      	.DW  _0x2020060*2
                 
                 _0xFFFFFFFF:
000041 0000      	.DW  0
                 
                 __RESET:
000042 94f8      	CLI
000043 27ee      	CLR  R30
000044 bbec      	OUT  EECR,R30
000045 bfe5      	OUT  MCUCR,R30
                 
                 ;DISABLE WATCHDOG
000046 e1f8      	LDI  R31,0x18
000047 95a8      	WDR
000048 b7a4      	IN   R26,MCUSR
000049 7fa7      	CBR  R26,8
00004a bfa4      	OUT  MCUSR,R26
00004b bdf1      	OUT  WDTCSR,R31
00004c bde1      	OUT  WDTCSR,R30
                 
                 ;CLEAR R2-R14
00004d e08d      	LDI  R24,(14-2)+1
00004e e0a2      	LDI  R26,2
00004f 27bb      	CLR  R27
                 __CLEAR_REG:
000050 93ed      	ST   X+,R30
000051 958a      	DEC  R24
000052 f7e9      	BRNE __CLEAR_REG
                 
                 ;CLEAR SRAM
000053 e080      	LDI  R24,LOW(__CLEAR_SRAM_SIZE)
000054 e091      	LDI  R25,HIGH(__CLEAR_SRAM_SIZE)
000055 e6a0      	LDI  R26,__SRAM_START
                 __CLEAR_SRAM:
000056 93ed      	ST   X+,R30
000057 9701      	SBIW R24,1
000058 f7e9      	BRNE __CLEAR_SRAM
                 
                 ;GLOBAL VARIABLES INITIALIZATION
000059 e7ec      	LDI  R30,LOW(__GLOBAL_INI_TBL*2)
00005a e0f0      	LDI  R31,HIGH(__GLOBAL_INI_TBL*2)
                 __GLOBAL_INI_NEXT:
00005b 9185      	LPM  R24,Z+
00005c 9195      	LPM  R25,Z+
00005d 9700      	SBIW R24,0
00005e f061      	BREQ __GLOBAL_INI_END
00005f 91a5      	LPM  R26,Z+
000060 91b5      	LPM  R27,Z+
000061 9005      	LPM  R0,Z+
000062 9015      	LPM  R1,Z+
000063 01bf      	MOVW R22,R30
000064 01f0      	MOVW R30,R0
                 __GLOBAL_INI_LOOP:
000065 9005      	LPM  R0,Z+
000066 920d      	ST   X+,R0
000067 9701      	SBIW R24,1
000068 f7e1      	BRNE __GLOBAL_INI_LOOP
000069 01fb      	MOVW R30,R22
00006a cff0      	RJMP __GLOBAL_INI_NEXT
                 __GLOBAL_INI_END:
                 
                 ;GPIOR0-GPIOR2 INITIALIZATION
00006b e0e0      	LDI  R30,__GPIOR0_INIT
00006c bbe3      	OUT  GPIOR0,R30
                 	;__GPIOR1_INIT = __GPIOR0_INIT
00006d bbe4      	OUT  GPIOR1,R30
                 	;__GPIOR2_INIT = __GPIOR0_INIT
00006e bbe5      	OUT  GPIOR2,R30
                 
                 ;HARDWARE STACK POINTER INITIALIZATION
00006f e5ef      	LDI  R30,LOW(__SRAM_END-__HEAP_SIZE)
000070 bfed      	OUT  SPL,R30
000071 e0e1      	LDI  R30,HIGH(__SRAM_END-__HEAP_SIZE)
000072 bfee      	OUT  SPH,R30
                 
                 ;DATA STACK POINTER INITIALIZATION
000073 eac0      	LDI  R28,LOW(__SRAM_START+__DSTACK_SIZE)
000074 e0d0      	LDI  R29,HIGH(__SRAM_START+__DSTACK_SIZE)
                 
000075 c087      	RJMP _main
                 
                 	.ESEG
                 	.ORG 0
                 
                 	.DSEG
                 	.ORG 0xA0
                 
                 	.CSEG
                 ;/*****************************************************
                 ;This program was produced by the
                 ;CodeWizardAVR V2.05.0 Professional
                 ;Automatic Program Generator
                 ;© Copyright 1998-2010 Pavel Haiduc, HP InfoTech s.r.l.
                 ;http://www.hpinfotech.com
                 ;
                 ;Project : BRELOK_DS1+
                 ;Version : 1
                 ;Date    : 06.05.2012
                 ;Author  : Alexandr Gordejchik
                 ;Company : NTS
                 ;Comments:
                 ;
                 ;
                 ;Chip type               : ATtiny44
                 ;AVR Core Clock frequency: 8,000000 MHz
                 ;Memory model            : Tiny
                 ;External RAM size       : 0
                 ;Data Stack size         : 64
                 ;*****************************************************/
                 ;
                 ;#include <tiny44.h>
                 	#ifndef __SLEEP_DEFINED__
                 	#define __SLEEP_DEFINED__
                 	.EQU __se_bit=0x20
                 	.EQU __sm_mask=0x18
                 	.EQU __sm_adc_noise_red=0x08
                 	.EQU __sm_powerdown=0x10
                 	.EQU __sm_standby=0x18
                 	.SET power_ctrl_reg=mcucr
                 	#endif
                 ;#include <delay.h>
                 ;#include <string.h>
                 ;#include <stdlib.h>
                 ;
                 ;//++++++++++++ Определение строб-комманд трансивера+++++++++++++++++++++++++++++++++++++++++++++++++++++
                 ;#define SRES 0x30 //Сброс трансивера
                 ;#define SIDLE 0x36 //Переход в режим IDLE
                 ;#define SCAL 0x33   // Калибровка частотного синтезатора
                 ;#define SRX 0x34   // Переход в режим RX
                 ;#define STX 0x35   // Переход в режим TX
                 ;#define SFRX 0x3A  // Очистка RX FIFO
                 ;#define SFTX 0x3B  // Очистка TX FIFO
                 ;#define SNOP 0x3D  // Пустая строб-команда
                 ;//+++++++++++++++++++++++++++++++++++++++++++++++++++++++++++++++++++++++++++++++++++++++++++
                 ; // Массив инициализации регистров (старший байт - адрес, младший - значение)
                 ;flash unsigned int init[39]={0x0B08,     //0 FSCTRL1  Параметры синтезатора частоты
                 ;                             0x0C00,     //1 FSCTRL0
                 ;                             0x0D58,     //2 FREQ2 Определение базовой несущей частоты
                 ;                             0x0EE9,     //3 FREQ1
                 ;                             0x0F00,     //4 FREQ0
                 ;                             0x10E4,     //5 MDMCFG4 ПАРАМЕТРЫ МОДЕМА ширина полосы пропускания
                 ;                             0x11F1,     //6 MDMCFG3 скорость передачи
                 ;                             0x1201,     //7 MDMCFG2 вид модуляции параметры слова синхронизации
                 ;                             0x1302,     //8 MDMCFG1 длинна приамбулы включение FEC
                 ;                             0x14E5,     //9 MDMCFG0 величина разноса каналлов
                 ;                             0x0A00,     //10 CHANNR номер канала
                 ;                             0x1504,     //11 DEVIATN девиация
                 ;                             0x2156,     //12 FREND1
                 ;                             0x2210,     //13 FREND0
                 ;                             0x1607,     //14 MCSM2   ПАРАМЕТРЫ КОНТРОЛЯ РАДИО
                 ;                             0x1730,     //15 MCSM1
                 ;                             0x1818,     //16 MCSM0
                 ;                             0x1916,     //17 FOCCFG компенсация сдвига частоты
                 ;                             0x1A6C,     //18 BSCFG кофигурация побитовой синхронизации
                 ;                             0x1BFB,     //19 AGCCTRL2 Параметры МШУ и порог чувствительности при приеме
                 ;                             0x1C40,     //20 AGCCTRL1
                 ;                             0x1D91,     //21 AGCCTRL0
                 ;                             0x23A9,     //22 FSCAL3  Параметры калибровки синтезатора
                 ;                             0x240A,     //23 FSCAL2
                 ;                             0x2500,     //24 FSCAL1
                 ;                             0x2611,     //25 FSCAL0
                 ;                             0x2959,     //26 FSTEST
                 ;                             0x2C88,     //27 TEST2
                 ;                             0x2D31,     //28 TEST1
                 ;                             0x2E0B,     //29 TEST0
                 ;                             0x0006,     //30 IOCFG2 Конфигурация GDO2 - 1при приеме синхрослова 0 пакет принят
                 ;                             0x020E,     //31 IOCFG0 Конфигурация GDO0 - обнаружение несущей
                 ;                             0x0740,     //32 PKTCTRL1 Конфигурация пакета
                 ;                             0x0805,     //33 PKTCTRL0
                 ;                             0x0900,     //34 ADDR Адрес устройства
                 ;                             0x06FF,     //35 PKTLEN Длинна пакета
                 ;                             0x0307,      //36 FIFOTHR граница переполнения FIFO
                 ;                             0x04CF,      //37
                 ;                             0x05FC,       //38
                 ;                             } ;
                 ;//+++++++++++++++++++++++++++++++++++++++++++++++++++++++++++++++++++++++++++++++++++++++++++
                 ;union U      // Определение объединения
                 ;		{
                 ;			unsigned int buf;
                 ;			unsigned char b[2];
                 ;		};
                 ;
                 ;union U data;
                 ;
                 ;// Определение глобальных переменных
                 ;unsigned char i;   //Основной счетчик
                 ;eeprom unsigned char STATUS[37];
                 ;//*******************************************************************************************
                 ;void LightDiode(unsigned char n) // Функция управления светодиодом
                 ; 0000 005D {
                 
                 	.CSEG
                 _LightDiode:
                 ; 0000 005E  switch (n)
                 ;	n -> Y+0
000076 81e8      	LD   R30,Y
000077 d0ee      	RCALL SUBOPT_0x0
                 ; 0000 005F  {
                 ; 0000 0060  case 0:
000078 9730      	SBIW R30,0
000079 f419      	BRNE _0x6
                 ; 0000 0061 			{
                 ; 0000 0062 			PORTB.0=0;
00007a 98c0      	CBI  0x18,0
                 ; 0000 0063             PORTB.1=0;
00007b 98c1      	CBI  0x18,1
                 ; 0000 0064 				break;
00007c c013      	RJMP _0x5
                 ; 0000 0065 			}
                 ; 0000 0066  case 1:
                 _0x6:
00007d 30e1      	CPI  R30,LOW(0x1)
00007e e0a0      	LDI  R26,HIGH(0x1)
00007f 07fa      	CPC  R31,R26
000080 f419      	BRNE _0xB
                 ; 0000 0067 			{
                 ; 0000 0068 			PORTB.0=1;
000081 9ac0      	SBI  0x18,0
                 ; 0000 0069             PORTB.1=0;
000082 98c1      	CBI  0x18,1
                 ; 0000 006A 				break;
000083 c00c      	RJMP _0x5
                 ; 0000 006B 			}
                 ; 0000 006C  case 2:
                 _0xB:
000084 30e2      	CPI  R30,LOW(0x2)
000085 e0a0      	LDI  R26,HIGH(0x2)
000086 07fa      	CPC  R31,R26
000087 f411      	BRNE _0x10
                 ; 0000 006D 			{
                 ; 0000 006E 			PORTB.0=0;
000088 98c0      	CBI  0x18,0
                 ; 0000 006F             PORTB.1=1;
000089 c005      	RJMP _0x5D
                 ; 0000 0070 				break;
                 ; 0000 0071  case 3:
                 _0x10:
00008a 30e3      	CPI  R30,LOW(0x3)
00008b e0a0      	LDI  R26,HIGH(0x3)
00008c 07fa      	CPC  R31,R26
00008d f411      	BRNE _0x5
                 ; 0000 0072 			{
                 ; 0000 0073 			PORTB.0=1;
00008e 9ac0      	SBI  0x18,0
                 ; 0000 0074            PORTB.1=1;
                 _0x5D:
00008f 9ac1      	SBI  0x18,1
                 ; 0000 0075 				break;
                 ; 0000 0076 			} 			}
                 ; 0000 0077  }
                 _0x5:
                 ; 0000 0078 
                 ; 0000 0079 }
000090 c00f      	RJMP _0x2080002
                 ;//*******************************************************************************************
                 ;//*******************ФУНКЦИИ ДЛЯ РАБОТЫ С ТРАНСИВЕРОМ*****************************************
                 ;//============================================================================================
                 ;// Функция передачи символа по SPI
                 ;unsigned char SPI_SEND(unsigned char data)
                 ; 0000 007F {
                 _SPI_SEND:
                 ; 0000 0080  USIDR=data;      // Загрузка данных в сдвиговый регистр
                 ;	data -> Y+0
000091 81e8      	LD   R30,Y
000092 b9ef      	OUT  0xF,R30
                 ; 0000 0081  USISR=(1<<USIOIF);  // Очистка флага переполнения и 4-битного счетчика
000093 e4e0      	LDI  R30,LOW(64)
000094 b9ee      	OUT  0xE,R30
                 ; 0000 0082  TIFR0 |= (1<<OCF0A);   // Очистка флага прерывания по совпадению таймера
000095 b7e8      	IN   R30,0x38
000096 60e2      	ORI  R30,2
000097 bfe8      	OUT  0x38,R30
                 ; 0000 0083  TIMSK0 |= (1<<OCIE0A); // Разрешение прерывания по совпадению
000098 b7e9      	IN   R30,0x39
000099 60e2      	ORI  R30,2
00009a bfe9      	OUT  0x39,R30
                 ; 0000 0084  while(USISR.USIOIF==0); //Ожидание конца передачи байта
                 _0x1A:
00009b 9b76      	SBIS 0xE,6
00009c cffe      	RJMP _0x1A
                 ; 0000 0085  TIMSK0=0x00;     //Запрет прерывания
00009d e0e0      	LDI  R30,LOW(0)
00009e bfe9      	OUT  0x39,R30
                 ; 0000 0086  return USIDR; // Возврат данных
00009f b1ef      	IN   R30,0xF
                 _0x2080002:
0000a0 9621      	ADIW R28,1
0000a1 9508      	RET
                 ; 0000 0087  }
                 ;//*******************************************************************************************
                 ; void RESET_TR(void) //Сброс трансивера по включению питания
                 ; 0000 008A {
                 _RESET_TR:
                 ; 0000 008B USICR=0x00; //Отключение SPI
0000a2 e0e0      	LDI  R30,LOW(0)
0000a3 b9ed      	OUT  0xD,R30
                 ; 0000 008C PORTA.4=1; //Устанавливаем 1 на SCK
0000a4 9adc      	SBI  0x1B,4
                 ; 0000 008D PORTA.5=0;  // Устанавливаем 0 на MOSI
0000a5 98dd      	CBI  0x1B,5
                 ; 0000 008E PORTA.7=0; // SPI_SS ON
0000a6 98df      	CBI  0x1B,7
                 ; 0000 008F delay_us(1);
                +
0000a7 e083     +LDI R24 , LOW ( 3 )
                +__DELAY_USB_LOOP :
0000a8 958a     +DEC R24
0000a9 f7f1     +BRNE __DELAY_USB_LOOP
                 	__DELAY_USB 3
                 ; 0000 0090 PORTA.7=1; // SPI_SS OFF
0000aa 9adf      	SBI  0x1B,7
                 ; 0000 0091 delay_us(40);
                +
0000ab e68b     +LDI R24 , LOW ( 107 )
                +__DELAY_USB_LOOP :
0000ac 958a     +DEC R24
0000ad f7f1     +BRNE __DELAY_USB_LOOP
                 	__DELAY_USB 107
                 ; 0000 0092 USICR=0x1A; //Включение SPI
0000ae e1ea      	LDI  R30,LOW(26)
0000af b9ed      	OUT  0xD,R30
                 ; 0000 0093 PORTA.7=0; // SPI_SS ON
0000b0 98df      	CBI  0x1B,7
                 ; 0000 0094 while(PORTA.6==1); //Ждем 0 на MISO
                 _0x27:
0000b1 99de      	SBIC 0x1B,6
0000b2 cffe      	RJMP _0x27
                 ; 0000 0095 SPI_SEND(SRES);
0000b3 e3e0      	LDI  R30,LOW(48)
0000b4 d0b3      	RCALL SUBOPT_0x1
                 ; 0000 0096 PORTA.7=1; // SPI_SS OFF
0000b5 c043      	RJMP _0x2080001
                 ; 0000 0097 }
                 ;//*******************************************************************************************
                 ;void WRITE_REG( unsigned int reg) // Функция записи регистра
                 ; 0000 009A {
                 _WRITE_REG:
                 ; 0000 009B  union U dat;
                 ; 0000 009C  dat.buf=reg;
0000b6 9722      	SBIW R28,2
                 ;	reg -> Y+2
                 ;	dat -> Y+0
0000b7 81ea      	LDD  R30,Y+2
0000b8 81fb      	LDD  R31,Y+2+1
0000b9 83e8      	ST   Y,R30
0000ba 83f9      	STD  Y+1,R31
                 ; 0000 009D  SPI_SEND(dat.b[1]);  //Адрес регистра
0000bb 81e9      	LDD  R30,Y+1
0000bc d0ab      	RCALL SUBOPT_0x1
                 ; 0000 009E  SPI_SEND(dat.b[0]);  //Значение регистра
0000bd 81e8      	LD   R30,Y
0000be d0a9      	RCALL SUBOPT_0x1
                 ; 0000 009F }
0000bf 9624      	ADIW R28,4
0000c0 9508      	RET
                 ;//********************************************************************************************
                 ;unsigned char READ_REG(unsigned char adr)  // Функция чтения регистра
                 ; 0000 00A2 {  unsigned char reg;
                 _READ_REG:
                 ; 0000 00A3    SPI_SEND(adr | 0x80);   // Старший бит определяет операцию
0000c1 931a      	ST   -Y,R17
                 ;	adr -> Y+1
                 ;	reg -> R17
0000c2 81e9      	LDD  R30,Y+1
0000c3 68e0      	ORI  R30,0x80
0000c4 d0a3      	RCALL SUBOPT_0x1
                 ; 0000 00A4    reg= SPI_SEND(0xFF);
0000c5 efef      	LDI  R30,LOW(255)
0000c6 d0a1      	RCALL SUBOPT_0x1
0000c7 2f1e      	MOV  R17,R30
                 ; 0000 00A5    return reg;
0000c8 2fe1      	MOV  R30,R17
0000c9 8118      	LDD  R17,Y+0
0000ca 9622      	ADIW R28,2
0000cb 9508      	RET
                 ; 0000 00A6 }
                 ;//**********************************************************************************************
                 ; void INIT_TR(void) //Функция инициализации трансивера
                 ; 0000 00A9  { union U dt;
                 _INIT_TR:
                 ; 0000 00AA    unsigned char err;
                 ; 0000 00AB   PORTA.7=0; // SPI_SS ON
0000cc 9722      	SBIW R28,2
0000cd 931a      	ST   -Y,R17
                 ;	dt -> Y+1
                 ;	err -> R17
0000ce 98df      	CBI  0x1B,7
                 ; 0000 00AC while(PORTA.6==1); //Ждем 0 на MISO
                 _0x2E:
0000cf 99de      	SBIC 0x1B,6
0000d0 cffe      	RJMP _0x2E
                 ; 0000 00AD   do{
                 _0x32:
                 ; 0000 00AE   for (i=0;i<39;i++)
0000d1 2433      	CLR  R3
                 _0x35:
0000d2 e2e7      	LDI  R30,LOW(39)
0000d3 163e      	CP   R3,R30
0000d4 f430      	BRSH _0x36
                 ; 0000 00AF    {
                 ; 0000 00B0     WRITE_REG(init[i]);
0000d5 d094      	RCALL SUBOPT_0x2
0000d6 93fa      	ST   -Y,R31
0000d7 93ea      	ST   -Y,R30
0000d8 dfdd      	RCALL _WRITE_REG
                 ; 0000 00B1     };
0000d9 9433      	INC  R3
0000da cff7      	RJMP _0x35
                 _0x36:
                 ; 0000 00B2     err=0;
0000db e010      	LDI  R17,LOW(0)
                 ; 0000 00B3 
                 ; 0000 00B4     for (i=0;i<39;i++)
0000dc 2433      	CLR  R3
                 _0x38:
0000dd e2e7      	LDI  R30,LOW(39)
0000de 163e      	CP   R3,R30
0000df f460      	BRSH _0x39
                 ; 0000 00B5      {
                 ; 0000 00B6      dt.buf=init[i];
0000e0 d089      	RCALL SUBOPT_0x2
0000e1 83e9      	STD  Y+1,R30
0000e2 83fa      	STD  Y+1+1,R31
                 ; 0000 00B7      if(dt.b[0]!=READ_REG(dt.b[1])){ err=1; }
0000e3 81ea      	LDD  R30,Y+2
0000e4 93ea      	ST   -Y,R30
0000e5 dfdb      	RCALL _READ_REG
0000e6 81a9      	LDD  R26,Y+1
0000e7 17ea      	CP   R30,R26
0000e8 f009      	BREQ _0x3A
0000e9 e011      	LDI  R17,LOW(1)
                 ; 0000 00B8      }
                 _0x3A:
0000ea 9433      	INC  R3
0000eb cff1      	RJMP _0x38
                 _0x39:
                 ; 0000 00B9 
                 ; 0000 00BA     }while(err==1);
0000ec 3011      	CPI  R17,1
0000ed f319      	BREQ _0x32
                 ; 0000 00BB 
                 ; 0000 00BC   PORTA.7=1; // SPI_SS OFF
0000ee 9adf      	SBI  0x1B,7
                 ; 0000 00BD  }
0000ef 8118      	LDD  R17,Y+0
0000f0 9623      	ADIW R28,3
0000f1 9508      	RET
                 ;//********************************************************************************************
                 ;void WRITE_PATABLE(void)    //Запись таблицы мощности
                 ; 0000 00C0 {
                 _WRITE_PATABLE:
                 ; 0000 00C1 PORTA.7=0; // SPI_SS ON
0000f2 98df      	CBI  0x1B,7
                 ; 0000 00C2 while(PORTA.6==1); //Ждем 0 на MISO
                 _0x3F:
0000f3 99de      	SBIC 0x1B,6
0000f4 cffe      	RJMP _0x3F
                 ; 0000 00C3 WRITE_REG(0x3EFF);         //Запись значения выходной мощности передатчика +1dbm
0000f5 efef      	LDI  R30,LOW(16127)
0000f6 e3fe      	LDI  R31,HIGH(16127)
0000f7 d07c      	RCALL SUBOPT_0x3
0000f8 dfbd      	RCALL _WRITE_REG
                 ; 0000 00C4 //SPI_SEND(0x7E);
                 ; 0000 00C5 //SPI_SEND(0x00);
                 ; 0000 00C6 //SPI_SEND(0xFF);
                 ; 0000 00C7 PORTA.7=1; // SPI_SS OFF
                 _0x2080001:
0000f9 9adf      	SBI  0x1B,7
                 ; 0000 00C8 }
0000fa 9508      	RET
                 ;//*********************************************************************************************
                 ;
                 ;
                 ;//*********************************************************************************************
                 ;//===========================ПРЕРЫВАНИЯ======================================================
                 ;// Timer 0 output compare A interrupt service routine
                 ;interrupt [TIM0_COMPA] void timer0_compa_isr(void)    //Прерывание по совпадению таймера
                 ; 0000 00D0 {
                 _timer0_compa_isr:
                 ; 0000 00D1 USICR |= (1<<USITC); // Задание тактового импульса
0000fb 9a68      	SBI  0xD,0
                 ; 0000 00D2 
                 ; 0000 00D3 }
0000fc 9518      	RETI
                 ;
                 ;//============================================================================================
                 ;//+++++++++++++++++++ОСНОВНАЯ ФУНКЦИЯ ПРОГРАММЫ ++++++++++++++++++++++++++++++++++++++++++++++
                 ;//=============================================================================================
                 ;
                 ;void main(void)
                 ; 0000 00DA {
                 _main:
                 ; 0000 00DB // Declare your local variables here
                 ; 0000 00DC 
                 ; 0000 00DD // Crystal Oscillator division factor: 1
                 ; 0000 00DE #pragma optsize-
                 ; 0000 00DF CLKPR=0x80;
0000fd e8e0      	LDI  R30,LOW(128)
0000fe bde6      	OUT  0x26,R30
                 ; 0000 00E0 CLKPR=0x00;
0000ff e0e0      	LDI  R30,LOW(0)
000100 bde6      	OUT  0x26,R30
                 ; 0000 00E1 #ifdef _OPTIMIZE_SIZE_
                 ; 0000 00E2 #pragma optsize+
                 ; 0000 00E3 #endif
                 ; 0000 00E4 
                 ; 0000 00E5 // Input/Output Ports initialization
                 ; 0000 00E6 // Port A initialization
                 ; 0000 00E7 // Func7=Out Func6=In Func5=Out Func4=Out Func3=In Func2=In Func1=In Func0=In
                 ; 0000 00E8 // State7=1 State6=T State5=0 State4=0 State3=T State2=T State1=P State0=P
                 ; 0000 00E9 PORTA=0x83;
000101 e8e3      	LDI  R30,LOW(131)
000102 bbeb      	OUT  0x1B,R30
                 ; 0000 00EA DDRA=0xB0;
000103 ebe0      	LDI  R30,LOW(176)
000104 bbea      	OUT  0x1A,R30
                 ; 0000 00EB 
                 ; 0000 00EC // Port B initialization
                 ; 0000 00ED // Func3=In Func2=In Func1=Out Func0=Out
                 ; 0000 00EE // State3=T State2=T State1=0 State0=0
                 ; 0000 00EF PORTB=0x00;
000105 e0e0      	LDI  R30,LOW(0)
000106 bbe8      	OUT  0x18,R30
                 ; 0000 00F0 DDRB=0x03;
000107 e0e3      	LDI  R30,LOW(3)
000108 bbe7      	OUT  0x17,R30
                 ; 0000 00F1 
                 ; 0000 00F2 // Timer/Counter 0 initialization
                 ; 0000 00F3 // Clock source: System Clock
                 ; 0000 00F4 // Clock value: 8000,000 kHz
                 ; 0000 00F5 // Mode: Normal top=0xFF
                 ; 0000 00F6 // OC0A output: Disconnected
                 ; 0000 00F7 // OC0B output: Disconnected
                 ; 0000 00F8 TCCR0A=0x00;
000109 e0e0      	LDI  R30,LOW(0)
00010a bfe0      	OUT  0x30,R30
                 ; 0000 00F9 TCCR0B=0x01;
00010b e0e1      	LDI  R30,LOW(1)
00010c bfe3      	OUT  0x33,R30
                 ; 0000 00FA TCNT0=0x00;
00010d e0e0      	LDI  R30,LOW(0)
00010e bfe2      	OUT  0x32,R30
                 ; 0000 00FB OCR0A=0x1F;
00010f e1ef      	LDI  R30,LOW(31)
000110 bfe6      	OUT  0x36,R30
                 ; 0000 00FC OCR0B=0x00;
000111 e0e0      	LDI  R30,LOW(0)
000112 bfec      	OUT  0x3C,R30
                 ; 0000 00FD 
                 ; 0000 00FE // Timer/Counter 1 initialization
                 ; 0000 00FF // Clock source: System Clock
                 ; 0000 0100 // Clock value: Timer1 Stopped
                 ; 0000 0101 // Mode: Normal top=0xFFFF
                 ; 0000 0102 // OC1A output: Discon.
                 ; 0000 0103 // OC1B output: Discon.
                 ; 0000 0104 // Noise Canceler: Off
                 ; 0000 0105 // Input Capture on Falling Edge
                 ; 0000 0106 // Timer1 Overflow Interrupt: Off
                 ; 0000 0107 // Input Capture Interrupt: Off
                 ; 0000 0108 // Compare A Match Interrupt: Off
                 ; 0000 0109 // Compare B Match Interrupt: Off
                 ; 0000 010A TCCR1A=0x00;
000113 bdef      	OUT  0x2F,R30
                 ; 0000 010B TCCR1B=0x00;
000114 bdee      	OUT  0x2E,R30
                 ; 0000 010C TCNT1H=0x00;
000115 bded      	OUT  0x2D,R30
                 ; 0000 010D TCNT1L=0x00;
000116 bdec      	OUT  0x2C,R30
                 ; 0000 010E ICR1H=0x00;
000117 bde5      	OUT  0x25,R30
                 ; 0000 010F ICR1L=0x00;
000118 bde4      	OUT  0x24,R30
                 ; 0000 0110 OCR1AH=0x00;
000119 bdeb      	OUT  0x2B,R30
                 ; 0000 0111 OCR1AL=0x00;
00011a bdea      	OUT  0x2A,R30
                 ; 0000 0112 OCR1BH=0x00;
00011b bde9      	OUT  0x29,R30
                 ; 0000 0113 OCR1BL=0x00;
00011c bde8      	OUT  0x28,R30
                 ; 0000 0114 
                 ; 0000 0115 // External Interrupt(s) initialization
                 ; 0000 0116 // INT0: Off
                 ; 0000 0117 // Interrupt on any change on pins PCINT0-7: Off
                 ; 0000 0118 // Interrupt on any change on pins PCINT8-11: Off
                 ; 0000 0119 MCUCR=0x00;
00011d bfe5      	OUT  0x35,R30
                 ; 0000 011A GIMSK=0x00;
00011e bfeb      	OUT  0x3B,R30
                 ; 0000 011B 
                 ; 0000 011C // Timer/Counter 0 Interrupt(s) initialization
                 ; 0000 011D TIMSK0=0x00;
00011f bfe9      	OUT  0x39,R30
                 ; 0000 011E 
                 ; 0000 011F // Timer/Counter 1 Interrupt(s) initialization
                 ; 0000 0120 TIMSK1=0x00;
000120 b9ec      	OUT  0xC,R30
                 ; 0000 0121 
                 ; 0000 0122 // Universal Serial Interface initialization
                 ; 0000 0123 // Mode: Three Wire (SPI)
                 ; 0000 0124 // Clock source: Reg.=ext. pos. edge, Cnt.=USITC
                 ; 0000 0125 // USI Counter Overflow Interrupt: Off
                 ; 0000 0126 USICR=0x00;
000121 b9ed      	OUT  0xD,R30
                 ; 0000 0127 
                 ; 0000 0128 // Analog Comparator initialization
                 ; 0000 0129 // Analog Comparator: Off
                 ; 0000 012A // Analog Comparator Input Capture by Timer/Counter 1: Off
                 ; 0000 012B ACSR=0x80;
000122 e8e0      	LDI  R30,LOW(128)
000123 b9e8      	OUT  0x8,R30
                 ; 0000 012C ADCSRB=0x00;
000124 e0e0      	LDI  R30,LOW(0)
000125 b9e3      	OUT  0x3,R30
                 ; 0000 012D DIDR0=0x00;
000126 b9e1      	OUT  0x1,R30
                 ; 0000 012E 
                 ; 0000 012F // ADC initialization
                 ; 0000 0130 // ADC disabled
                 ; 0000 0131 ADCSRA=0x00;
000127 b9e6      	OUT  0x6,R30
                 ; 0000 0132 
                 ; 0000 0133 // Global enable interrupts
                 ; 0000 0134 #asm("sei")
000128 9478      	sei
                 ; 0000 0135 
                 ; 0000 0136 while (1)
                 ; 0000 0137       {LightDiode(1);
000129 e0e1      	LDI  R30,LOW(1)
00012a 93ea      	ST   -Y,R30
00012b df4a      	RCALL _LightDiode
                 ; 0000 0138       delay_ms(500);
00012c efe4      	LDI  R30,LOW(500)
00012d e0f1      	LDI  R31,HIGH(500)
00012e d048      	RCALL SUBOPT_0x4
                 ; 0000 0139       RESET_TR();
00012f df72      	RCALL _RESET_TR
                 ; 0000 013A       delay_ms(10);
000130 e0ea      	LDI  R30,LOW(10)
000131 e0f0      	LDI  R31,HIGH(10)
000132 d044      	RCALL SUBOPT_0x4
                 ; 0000 013B       INIT_TR();
000133 df98      	RCALL _INIT_TR
                 ; 0000 013C       WRITE_PATABLE();
000134 dfbd      	RCALL _WRITE_PATABLE
                 ; 0000 013D m:
                 ; 0000 013E       LightDiode(0);
000135 e0e0      	LDI  R30,LOW(0)
000136 93ea      	ST   -Y,R30
000137 df3e      	RCALL _LightDiode
                 ; 0000 013F        PORTA.7=0; // SPI_SS ON
000138 98df      	CBI  0x1B,7
                 ; 0000 0140       while(PORTA.6==1); //Ждем 0 на MISO
                 _0x4A:
000139 99de      	SBIC 0x1B,6
00013a cffe      	RJMP _0x4A
                 ; 0000 0141       SPI_SEND(SIDLE); //Переход в режим IDLE
00013b e3e6      	LDI  R30,LOW(54)
00013c d02b      	RCALL SUBOPT_0x1
                 ; 0000 0142       SPI_SEND(SFRX); //Сброс буфера приема
00013d e3ea      	LDI  R30,LOW(58)
00013e d029      	RCALL SUBOPT_0x1
                 ; 0000 0143       SPI_SEND(SFTX); //Сброс буфера передачи
00013f e3eb      	LDI  R30,LOW(59)
000140 d027      	RCALL SUBOPT_0x1
                 ; 0000 0144      // SPI_SEND(SRX);
                 ; 0000 0145 
                 ; 0000 0146 
                 ; 0000 0147       SPI_SEND(0x7F);
000141 e7ef      	LDI  R30,LOW(127)
000142 d025      	RCALL SUBOPT_0x1
                 ; 0000 0148       SPI_SEND(0x08);
000143 e0e8      	LDI  R30,LOW(8)
000144 d023      	RCALL SUBOPT_0x1
                 ; 0000 0149       SPI_SEND('S');
000145 e5e3      	LDI  R30,LOW(83)
000146 d021      	RCALL SUBOPT_0x1
                 ; 0000 014A       SPI_SEND('E');
000147 e4e5      	LDI  R30,LOW(69)
000148 d01f      	RCALL SUBOPT_0x1
                 ; 0000 014B       SPI_SEND('X');
000149 e5e8      	LDI  R30,LOW(88)
00014a d01d      	RCALL SUBOPT_0x1
                 ; 0000 014C       SPI_SEND('O');
00014b e4ef      	LDI  R30,LOW(79)
00014c d01b      	RCALL SUBOPT_0x1
                 ; 0000 014D       SPI_SEND('N');
00014d e4ee      	LDI  R30,LOW(78)
00014e d019      	RCALL SUBOPT_0x1
                 ; 0000 014E       SPI_SEND('I');
00014f e4e9      	LDI  R30,LOW(73)
000150 d017      	RCALL SUBOPT_0x1
                 ; 0000 014F       SPI_SEND('X');
000151 e5e8      	LDI  R30,LOW(88)
000152 d015      	RCALL SUBOPT_0x1
                 ; 0000 0150 
                 ; 0000 0151       PORTA.7=1; // SPI_SS OFF
000153 9adf      	SBI  0x1B,7
                 ; 0000 0152       // LightDiode(0);
                 ; 0000 0153       delay_ms(1);
000154 e0e1      	LDI  R30,LOW(1)
000155 e0f0      	LDI  R31,HIGH(1)
000156 d020      	RCALL SUBOPT_0x4
                 ; 0000 0154 
                 ; 0000 0155 
                 ; 0000 0156       PORTA.7=0; // SPI_SS ON
000157 98df      	CBI  0x1B,7
                 ; 0000 0157       while(PORTA.6==1); //Ждем 0 на MISO
                 _0x51:
000158 99de      	SBIC 0x1B,6
000159 cffe      	RJMP _0x51
                 ; 0000 0158               /*
                 ; 0000 0159        SPI_SEND(0xFA);
                 ; 0000 015A       STATUS[0]=SPI_SEND(0xFF);
                 ; 0000 015B       STATUS[1]=SPI_SEND(SNOP);
                 ; 0000 015C               */
                 ; 0000 015D       SPI_SEND(STX);
00015a e3e5      	LDI  R30,LOW(53)
00015b d00c      	RCALL SUBOPT_0x1
                 ; 0000 015E       delay_ms(200);
00015c ece8      	LDI  R30,LOW(200)
00015d e0f0      	LDI  R31,HIGH(200)
00015e d018      	RCALL SUBOPT_0x4
                 ; 0000 015F                      /*
                 ; 0000 0160       STATUS[2]=SPI_SEND(SNOP);
                 ; 0000 0161       delay_ms(100);
                 ; 0000 0162       STATUS[3]=SPI_SEND(SNOP);
                 ; 0000 0163                   */
                 ; 0000 0164      // PORTA.7=1; // SPI_SS OFF
                 ; 0000 0165 
                 ; 0000 0166      //while(PORTA.3==0);
                 ; 0000 0167      LightDiode(2);
00015f e0e2      	LDI  R30,LOW(2)
000160 93ea      	ST   -Y,R30
000161 df14      	RCALL _LightDiode
                 ; 0000 0168      PORTA.7=1; // SPI_SS OFF
000162 9adf      	SBI  0x1B,7
                 ; 0000 0169      // while(PORTA.3==1);
                 ; 0000 016A        //LightDiode(0);
                 ; 0000 016B           /*
                 ; 0000 016C      for (i=0;i<37;i++)
                 ; 0000 016D        {
                 ; 0000 016E        data.buf=init[i];
                 ; 0000 016F         STATUS[i]=READ_REG(data.b[1]);}
                 ; 0000 0170                 */
                 ; 0000 0171                 /*
                 ; 0000 0172       PORTA.7=1; // SPI_SS OFF
                 ; 0000 0173          delay_ms(300);
                 ; 0000 0174       LightDiode(2);
                 ; 0000 0175               */
                 ; 0000 0176               while(1);
                 _0x56:
000163 cfff      	RJMP _0x56
                 ; 0000 0177               delay_ms(1000);
                 ; 0000 0178               goto m;
                 ; 0000 0179       while(1);
                 _0x59:
000164 cfff      	RJMP _0x59
                 ; 0000 017A       }
                 ; 0000 017B }
                 _0x5C:
000165 cfff      	RJMP _0x5C
                 
                 	.CSEG
                 
                 	.CSEG
                 
                 	.DSEG
                 
                 	.CSEG
                 
                 	.CSEG
                 
                 	.CSEG
                 
                 	.DSEG
                 __seed_G101:
0000a0           	.BYTE 0x4
                 
                 	.CSEG
                 ;OPTIMIZER ADDED SUBROUTINE, CALLED 3 TIMES, CODE SIZE REDUCTION:2 WORDS
                 SUBOPT_0x0:
000166 e0f0      	LDI  R31,0
000167 9508      	RET
                 
                 ;OPTIMIZER ADDED SUBROUTINE, CALLED 18 TIMES, CODE SIZE REDUCTION:15 WORDS
                 SUBOPT_0x1:
000168 93ea      	ST   -Y,R30
000169 cf27      	RJMP _SPI_SEND
                 
                 ;OPTIMIZER ADDED SUBROUTINE, CALLED 2 TIMES, CODE SIZE REDUCTION:6 WORDS
                 SUBOPT_0x2:
00016a 2de3      	MOV  R30,R3
00016b e2a2      	LDI  R26,LOW(_init*2)
00016c e0b0      	LDI  R27,HIGH(_init*2)
00016d dff8      	RCALL SUBOPT_0x0
00016e 0fee      	LSL  R30
00016f 1fff      	ROL  R31
000170 0fea      	ADD  R30,R26
000171 1ffb      	ADC  R31,R27
000172 d012      	RCALL __GETW1PF
000173 9508      	RET
                 
                 ;OPTIMIZER ADDED SUBROUTINE, CALLED 6 TIMES, CODE SIZE REDUCTION:3 WORDS
                 SUBOPT_0x3:
000174 93fa      	ST   -Y,R31
000175 93ea      	ST   -Y,R30
000176 9508      	RET
                 
                 ;OPTIMIZER ADDED SUBROUTINE, CALLED 5 TIMES, CODE SIZE REDUCTION:2 WORDS
                 SUBOPT_0x4:
000177 dffc      	RCALL SUBOPT_0x3
000178 c000      	RJMP _delay_ms
                 
                 
                 	.CSEG
                 _delay_ms:
000179 91e9      	ld   r30,y+
00017a 91f9      	ld   r31,y+
00017b 9630      	adiw r30,0
00017c f039      	breq __delay_ms1
                 __delay_ms0:
                +
00017d ed80     +LDI R24 , LOW ( 0x7D0 )
00017e e097     +LDI R25 , HIGH ( 0x7D0 )
                +__DELAY_USW_LOOP :
00017f 9701     +SBIW R24 , 1
000180 f7f1     +BRNE __DELAY_USW_LOOP
                 	__DELAY_USW 0x7D0
000181 95a8      	wdr
000182 9731      	sbiw r30,1
000183 f7c9      	brne __delay_ms0
                 __delay_ms1:
000184 9508      	ret
                 
                 __GETW1PF:
000185 9005      	LPM  R0,Z+
000186 91f4      	LPM  R31,Z
000187 2de0      	MOV  R30,R0
000188 9508      	RET
                 
                 ;END OF CODE MARKER
                 __END_OF_CODE:


RESOURCE USE INFORMATION
------------------------

Notice:
The register and instruction counts are symbol table hit counts,
and hence implicitly used resources are not counted, eg, the
'lpm' instruction without operands implicitly uses r0 and z,
none of which are counted.

x,y,z are separate entities in the symbol table and are
counted separately from r26..r31 here.

.dseg memory usage only counts static data declared with .byte

ATtiny44 register use summary:
r0 :   6 r1 :   1 r2 :   0 r3 :   7 r4 :   0 r5 :   0 r6 :   0 r7 :   0 
r8 :   0 r9 :   0 r10:   0 r11:   0 r12:   0 r13:   0 r14:   0 r15:   0 
r16:   0 r17:   9 r18:   0 r19:   0 r20:   0 r21:   0 r22:   2 r23:   0 
r24:  13 r25:   3 r26:  16 r27:   4 r28:   7 r29:   1 r30: 135 r31:  21 
x  :   3 y  :  28 z  :   9 
Registers used: 16 out of 35 (45.7%)

ATtiny44 instruction use summary:
.lds  :   0 .lds.l:   0 .sts  :   0 .sts.l:   0 adc   :   1 add   :   1 
adiw  :   5 and   :   0 andi  :   0 asr   :   0 bclr  :   0 bld   :   0 
brbc  :   0 brbs  :   0 brcc  :   0 brcs  :   0 break :   0 breq  :   4 
brge  :   0 brhc  :   0 brhs  :   0 brid  :   0 brie  :   0 brlo  :   0 
brlt  :   0 brmi  :   0 brne  :  11 brpl  :   0 brsh  :   2 brtc  :   0 
brts  :   0 brvc  :   0 brvs  :   0 bset  :   0 bst   :   0 cbi   :  11 
cbr   :   1 clc   :   0 clh   :   0 cli   :   1 cln   :   0 clr   :   4 
cls   :   0 clt   :   0 clv   :   0 clz   :   0 com   :   0 cp    :   3 
cpc   :   3 cpi   :   4 cpse  :   0 dec   :   3 des   :   0 eor   :   0 
fmul  :   0 fmuls :   0 fmulsu:   0 icall :   0 ijmp  :   0 in    :   4 
inc   :   2 ld    :   5 ldd   :   8 ldi   :  72 lds   :   0 lpm   :  10 
lsl   :   1 lsr   :   0 mov   :   4 movw  :   3 mul   :   0 muls  :   0 
mulsu :   0 neg   :   0 nop   :   0 or    :   0 ori   :   3 out   :  47 
pop   :   0 push  :   0 rcall :  38 ret   :  10 reti  :   1 rjmp  :  37 
rol   :   1 ror   :   0 sbc   :   0 sbci  :   0 sbi   :  10 sbic  :   5 
sbis  :   1 sbiw  :   8 sbr   :   0 sbrc  :   0 sbrs  :   0 sec   :   0 
seh   :   0 sei   :   1 sen   :   0 ser   :   0 ses   :   0 set   :   0 
sev   :   0 sez   :   0 sleep :   0 spm   :   0 st    :  15 std   :   3 
sts   :   0 sub   :   0 subi  :   0 swap  :   0 tst   :   0 wdr   :   2 

Instructions used: 38 out of 114 (33.3%)

ATtiny44 memory use summary [bytes]:
Segment   Begin    End      Code   Data   Used    Size   Use%
---------------------------------------------------------------
[.cseg] 0x000000 0x000312    688     98    786    4096  19.2%
[.dseg] 0x000060 0x0000a4      0      4      4     351   1.1%
[.eseg] 0x000000 0x000000      0      0      0     256   0.0%

Assembly complete, 0 errors, 3 warnings
