
AVRASM ver. 2.1.30  E:\AVR\SD-WC\List\BRELOK_DWS.asm Wed Jul 25 14:39:49 2012

E:\AVR\SD-WC\List\BRELOK_DWS.asm(1028): warning: Register r3 already defined by the .DEF directive
E:\AVR\SD-WC\List\BRELOK_DWS.asm(1029): warning: Register r2 already defined by the .DEF directive
                 
                 
                 ;CodeVisionAVR C Compiler V2.05.0 Professional
                 ;(C) Copyright 1998-2010 Pavel Haiduc, HP InfoTech s.r.l.
                 ;http://www.hpinfotech.com
                 
                 ;Chip type                : ATtiny44
                 ;Program type             : Application
                 ;Clock frequency          : 8,000000 MHz
                 ;Memory model             : Small
                 ;Optimize for             : Size
                 ;(s)printf features       : int, width
                 ;(s)scanf features        : int, width
                 ;External RAM size        : 0
                 ;Data Stack size          : 64 byte(s)
                 ;Heap size                : 0 byte(s)
                 ;Promote 'char' to 'int'  : Yes
                 ;'char' is unsigned       : Yes
                 ;8 bit enums              : Yes
                 ;global 'const' stored in FLASH: Yes
                 ;Enhanced core instructions    : On
                 ;Smart register allocation     : On
                 ;Automatic register allocation : On
                 
                 	#pragma AVRPART ADMIN PART_NAME ATtiny44
                 	#pragma AVRPART MEMORY PROG_FLASH 4096
                 	#pragma AVRPART MEMORY EEPROM 256
                 	#pragma AVRPART MEMORY INT_SRAM SIZE 351
                 	#pragma AVRPART MEMORY INT_SRAM START_ADDR 0x60
                 
                 	.LISTMAC
                 	.EQU EERE=0x0
                 	.EQU EEWE=0x1
                 	.EQU EEMWE=0x2
                 	.EQU EECR=0x1C
                 	.EQU EEDR=0x1D
                 	.EQU EEARL=0x1E
                 
                 	.EQU WDTCSR=0x21
                 	.EQU MCUSR=0x34
                 	.EQU MCUCR=0x35
                 	.EQU SPL=0x3D
                 	.EQU SPH=0x3E
                 	.EQU SREG=0x3F
                 	.EQU GPIOR0=0x13
                 	.EQU GPIOR1=0x14
                 	.EQU GPIOR2=0x15
                 
                 	.DEF R0X0=R0
                 	.DEF R0X1=R1
                 	.DEF R0X2=R2
                 	.DEF R0X3=R3
                 	.DEF R0X4=R4
                 	.DEF R0X5=R5
                 	.DEF R0X6=R6
                 	.DEF R0X7=R7
                 	.DEF R0X8=R8
                 	.DEF R0X9=R9
                 	.DEF R0XA=R10
                 	.DEF R0XB=R11
                 	.DEF R0XC=R12
                 	.DEF R0XD=R13
                 	.DEF R0XE=R14
                 	.DEF R0XF=R15
                 	.DEF R0X10=R16
                 	.DEF R0X11=R17
                 	.DEF R0X12=R18
                 	.DEF R0X13=R19
                 	.DEF R0X14=R20
                 	.DEF R0X15=R21
                 	.DEF R0X16=R22
                 	.DEF R0X17=R23
                 	.DEF R0X18=R24
                 	.DEF R0X19=R25
                 	.DEF R0X1A=R26
                 	.DEF R0X1B=R27
                 	.DEF R0X1C=R28
                 	.DEF R0X1D=R29
                 	.DEF R0X1E=R30
                 	.DEF R0X1F=R31
                 
                 	.EQU __SRAM_START=0x0060
                 	.EQU __SRAM_END=0x015F
                 	.EQU __DSTACK_SIZE=0x0040
                 	.EQU __HEAP_SIZE=0x0000
                 	.EQU __CLEAR_SRAM_SIZE=__SRAM_END-__SRAM_START+1
                 
                 	.MACRO __CPD1N
                 	CPI  R30,LOW(@0)
                 	LDI  R26,HIGH(@0)
                 	CPC  R31,R26
                 	LDI  R26,BYTE3(@0)
                 	CPC  R22,R26
                 	LDI  R26,BYTE4(@0)
                 	CPC  R23,R26
                 	.ENDM
                 
                 	.MACRO __CPD2N
                 	CPI  R26,LOW(@0)
                 	LDI  R30,HIGH(@0)
                 	CPC  R27,R30
                 	LDI  R30,BYTE3(@0)
                 	CPC  R24,R30
                 	LDI  R30,BYTE4(@0)
                 	CPC  R25,R30
                 	.ENDM
                 
                 	.MACRO __CPWRR
                 	CP   R@0,R@2
                 	CPC  R@1,R@3
                 	.ENDM
                 
                 	.MACRO __CPWRN
                 	CPI  R@0,LOW(@2)
                 	LDI  R30,HIGH(@2)
                 	CPC  R@1,R30
                 	.ENDM
                 
                 	.MACRO __ADDB1MN
                 	SUBI R30,LOW(-@0-(@1))
                 	.ENDM
                 
                 	.MACRO __ADDB2MN
                 	SUBI R26,LOW(-@0-(@1))
                 	.ENDM
                 
                 	.MACRO __ADDW1MN
                 	SUBI R30,LOW(-@0-(@1))
                 	SBCI R31,HIGH(-@0-(@1))
                 	.ENDM
                 
                 	.MACRO __ADDW2MN
                 	SUBI R26,LOW(-@0-(@1))
                 	SBCI R27,HIGH(-@0-(@1))
                 	.ENDM
                 
                 	.MACRO __ADDW1FN
                 	SUBI R30,LOW(-2*@0-(@1))
                 	SBCI R31,HIGH(-2*@0-(@1))
                 	.ENDM
                 
                 	.MACRO __ADDD1FN
                 	SUBI R30,LOW(-2*@0-(@1))
                 	SBCI R31,HIGH(-2*@0-(@1))
                 	SBCI R22,BYTE3(-2*@0-(@1))
                 	.ENDM
                 
                 	.MACRO __ADDD1N
                 	SUBI R30,LOW(-@0)
                 	SBCI R31,HIGH(-@0)
                 	SBCI R22,BYTE3(-@0)
                 	SBCI R23,BYTE4(-@0)
                 	.ENDM
                 
                 	.MACRO __ADDD2N
                 	SUBI R26,LOW(-@0)
                 	SBCI R27,HIGH(-@0)
                 	SBCI R24,BYTE3(-@0)
                 	SBCI R25,BYTE4(-@0)
                 	.ENDM
                 
                 	.MACRO __SUBD1N
                 	SUBI R30,LOW(@0)
                 	SBCI R31,HIGH(@0)
                 	SBCI R22,BYTE3(@0)
                 	SBCI R23,BYTE4(@0)
                 	.ENDM
                 
                 	.MACRO __SUBD2N
                 	SUBI R26,LOW(@0)
                 	SBCI R27,HIGH(@0)
                 	SBCI R24,BYTE3(@0)
                 	SBCI R25,BYTE4(@0)
                 	.ENDM
                 
                 	.MACRO __ANDBMNN
                 	LDS  R30,@0+(@1)
                 	ANDI R30,LOW(@2)
                 	STS  @0+(@1),R30
                 	.ENDM
                 
                 	.MACRO __ANDWMNN
                 	LDS  R30,@0+(@1)
                 	ANDI R30,LOW(@2)
                 	STS  @0+(@1),R30
                 	LDS  R30,@0+(@1)+1
                 	ANDI R30,HIGH(@2)
                 	STS  @0+(@1)+1,R30
                 	.ENDM
                 
                 	.MACRO __ANDD1N
                 	ANDI R30,LOW(@0)
                 	ANDI R31,HIGH(@0)
                 	ANDI R22,BYTE3(@0)
                 	ANDI R23,BYTE4(@0)
                 	.ENDM
                 
                 	.MACRO __ANDD2N
                 	ANDI R26,LOW(@0)
                 	ANDI R27,HIGH(@0)
                 	ANDI R24,BYTE3(@0)
                 	ANDI R25,BYTE4(@0)
                 	.ENDM
                 
                 	.MACRO __ORBMNN
                 	LDS  R30,@0+(@1)
                 	ORI  R30,LOW(@2)
                 	STS  @0+(@1),R30
                 	.ENDM
                 
                 	.MACRO __ORWMNN
                 	LDS  R30,@0+(@1)
                 	ORI  R30,LOW(@2)
                 	STS  @0+(@1),R30
                 	LDS  R30,@0+(@1)+1
                 	ORI  R30,HIGH(@2)
                 	STS  @0+(@1)+1,R30
                 	.ENDM
                 
                 	.MACRO __ORD1N
                 	ORI  R30,LOW(@0)
                 	ORI  R31,HIGH(@0)
                 	ORI  R22,BYTE3(@0)
                 	ORI  R23,BYTE4(@0)
                 	.ENDM
                 
                 	.MACRO __ORD2N
                 	ORI  R26,LOW(@0)
                 	ORI  R27,HIGH(@0)
                 	ORI  R24,BYTE3(@0)
                 	ORI  R25,BYTE4(@0)
                 	.ENDM
                 
                 	.MACRO __DELAY_USB
                 	LDI  R24,LOW(@0)
                 __DELAY_USB_LOOP:
                 	DEC  R24
                 	BRNE __DELAY_USB_LOOP
                 	.ENDM
                 
                 	.MACRO __DELAY_USW
                 	LDI  R24,LOW(@0)
                 	LDI  R25,HIGH(@0)
                 __DELAY_USW_LOOP:
                 	SBIW R24,1
                 	BRNE __DELAY_USW_LOOP
                 	.ENDM
                 
                 	.MACRO __GETD1S
                 	LDD  R30,Y+@0
                 	LDD  R31,Y+@0+1
                 	LDD  R22,Y+@0+2
                 	LDD  R23,Y+@0+3
                 	.ENDM
                 
                 	.MACRO __GETD2S
                 	LDD  R26,Y+@0
                 	LDD  R27,Y+@0+1
                 	LDD  R24,Y+@0+2
                 	LDD  R25,Y+@0+3
                 	.ENDM
                 
                 	.MACRO __PUTD1S
                 	STD  Y+@0,R30
                 	STD  Y+@0+1,R31
                 	STD  Y+@0+2,R22
                 	STD  Y+@0+3,R23
                 	.ENDM
                 
                 	.MACRO __PUTD2S
                 	STD  Y+@0,R26
                 	STD  Y+@0+1,R27
                 	STD  Y+@0+2,R24
                 	STD  Y+@0+3,R25
                 	.ENDM
                 
                 	.MACRO __PUTDZ2
                 	STD  Z+@0,R26
                 	STD  Z+@0+1,R27
                 	STD  Z+@0+2,R24
                 	STD  Z+@0+3,R25
                 	.ENDM
                 
                 	.MACRO __CLRD1S
                 	STD  Y+@0,R30
                 	STD  Y+@0+1,R30
                 	STD  Y+@0+2,R30
                 	STD  Y+@0+3,R30
                 	.ENDM
                 
                 	.MACRO __POINTB1MN
                 	LDI  R30,LOW(@0+(@1))
                 	.ENDM
                 
                 	.MACRO __POINTW1MN
                 	LDI  R30,LOW(@0+(@1))
                 	LDI  R31,HIGH(@0+(@1))
                 	.ENDM
                 
                 	.MACRO __POINTD1M
                 	LDI  R30,LOW(@0)
                 	LDI  R31,HIGH(@0)
                 	LDI  R22,BYTE3(@0)
                 	LDI  R23,BYTE4(@0)
                 	.ENDM
                 
                 	.MACRO __POINTW1FN
                 	LDI  R30,LOW(2*@0+(@1))
                 	LDI  R31,HIGH(2*@0+(@1))
                 	.ENDM
                 
                 	.MACRO __POINTD1FN
                 	LDI  R30,LOW(2*@0+(@1))
                 	LDI  R31,HIGH(2*@0+(@1))
                 	LDI  R22,BYTE3(2*@0+(@1))
                 	LDI  R23,BYTE4(2*@0+(@1))
                 	.ENDM
                 
                 	.MACRO __POINTB2MN
                 	LDI  R26,LOW(@0+(@1))
                 	.ENDM
                 
                 	.MACRO __POINTW2MN
                 	LDI  R26,LOW(@0+(@1))
                 	LDI  R27,HIGH(@0+(@1))
                 	.ENDM
                 
                 	.MACRO __POINTBRM
                 	LDI  R@0,LOW(@1)
                 	.ENDM
                 
                 	.MACRO __POINTWRM
                 	LDI  R@0,LOW(@2)
                 	LDI  R@1,HIGH(@2)
                 	.ENDM
                 
                 	.MACRO __POINTBRMN
                 	LDI  R@0,LOW(@1+(@2))
                 	.ENDM
                 
                 	.MACRO __POINTWRMN
                 	LDI  R@0,LOW(@2+(@3))
                 	LDI  R@1,HIGH(@2+(@3))
                 	.ENDM
                 
                 	.MACRO __POINTWRFN
                 	LDI  R@0,LOW(@2*2+(@3))
                 	LDI  R@1,HIGH(@2*2+(@3))
                 	.ENDM
                 
                 	.MACRO __GETD1N
                 	LDI  R30,LOW(@0)
                 	LDI  R31,HIGH(@0)
                 	LDI  R22,BYTE3(@0)
                 	LDI  R23,BYTE4(@0)
                 	.ENDM
                 
                 	.MACRO __GETD2N
                 	LDI  R26,LOW(@0)
                 	LDI  R27,HIGH(@0)
                 	LDI  R24,BYTE3(@0)
                 	LDI  R25,BYTE4(@0)
                 	.ENDM
                 
                 	.MACRO __GETB1MN
                 	LDS  R30,@0+(@1)
                 	.ENDM
                 
                 	.MACRO __GETB1HMN
                 	LDS  R31,@0+(@1)
                 	.ENDM
                 
                 	.MACRO __GETW1MN
                 	LDS  R30,@0+(@1)
                 	LDS  R31,@0+(@1)+1
                 	.ENDM
                 
                 	.MACRO __GETD1MN
                 	LDS  R30,@0+(@1)
                 	LDS  R31,@0+(@1)+1
                 	LDS  R22,@0+(@1)+2
                 	LDS  R23,@0+(@1)+3
                 	.ENDM
                 
                 	.MACRO __GETBRMN
                 	LDS  R@0,@1+(@2)
                 	.ENDM
                 
                 	.MACRO __GETWRMN
                 	LDS  R@0,@2+(@3)
                 	LDS  R@1,@2+(@3)+1
                 	.ENDM
                 
                 	.MACRO __GETWRZ
                 	LDD  R@0,Z+@2
                 	LDD  R@1,Z+@2+1
                 	.ENDM
                 
                 	.MACRO __GETD2Z
                 	LDD  R26,Z+@0
                 	LDD  R27,Z+@0+1
                 	LDD  R24,Z+@0+2
                 	LDD  R25,Z+@0+3
                 	.ENDM
                 
                 	.MACRO __GETB2MN
                 	LDS  R26,@0+(@1)
                 	.ENDM
                 
                 	.MACRO __GETW2MN
                 	LDS  R26,@0+(@1)
                 	LDS  R27,@0+(@1)+1
                 	.ENDM
                 
                 	.MACRO __GETD2MN
                 	LDS  R26,@0+(@1)
                 	LDS  R27,@0+(@1)+1
                 	LDS  R24,@0+(@1)+2
                 	LDS  R25,@0+(@1)+3
                 	.ENDM
                 
                 	.MACRO __PUTB1MN
                 	STS  @0+(@1),R30
                 	.ENDM
                 
                 	.MACRO __PUTW1MN
                 	STS  @0+(@1),R30
                 	STS  @0+(@1)+1,R31
                 	.ENDM
                 
                 	.MACRO __PUTD1MN
                 	STS  @0+(@1),R30
                 	STS  @0+(@1)+1,R31
                 	STS  @0+(@1)+2,R22
                 	STS  @0+(@1)+3,R23
                 	.ENDM
                 
                 	.MACRO __PUTB1EN
                 	LDI  R26,LOW(@0+(@1))
                 	LDI  R27,HIGH(@0+(@1))
                 	RCALL __EEPROMWRB
                 	.ENDM
                 
                 	.MACRO __PUTW1EN
                 	LDI  R26,LOW(@0+(@1))
                 	LDI  R27,HIGH(@0+(@1))
                 	RCALL __EEPROMWRW
                 	.ENDM
                 
                 	.MACRO __PUTD1EN
                 	LDI  R26,LOW(@0+(@1))
                 	LDI  R27,HIGH(@0+(@1))
                 	RCALL __EEPROMWRD
                 	.ENDM
                 
                 	.MACRO __PUTBR0MN
                 	STS  @0+(@1),R0
                 	.ENDM
                 
                 	.MACRO __PUTBMRN
                 	STS  @0+(@1),R@2
                 	.ENDM
                 
                 	.MACRO __PUTWMRN
                 	STS  @0+(@1),R@2
                 	STS  @0+(@1)+1,R@3
                 	.ENDM
                 
                 	.MACRO __PUTBZR
                 	STD  Z+@1,R@0
                 	.ENDM
                 
                 	.MACRO __PUTWZR
                 	STD  Z+@2,R@0
                 	STD  Z+@2+1,R@1
                 	.ENDM
                 
                 	.MACRO __GETW1R
                 	MOV  R30,R@0
                 	MOV  R31,R@1
                 	.ENDM
                 
                 	.MACRO __GETW2R
                 	MOV  R26,R@0
                 	MOV  R27,R@1
                 	.ENDM
                 
                 	.MACRO __GETWRN
                 	LDI  R@0,LOW(@2)
                 	LDI  R@1,HIGH(@2)
                 	.ENDM
                 
                 	.MACRO __PUTW1R
                 	MOV  R@0,R30
                 	MOV  R@1,R31
                 	.ENDM
                 
                 	.MACRO __PUTW2R
                 	MOV  R@0,R26
                 	MOV  R@1,R27
                 	.ENDM
                 
                 	.MACRO __ADDWRN
                 	SUBI R@0,LOW(-@2)
                 	SBCI R@1,HIGH(-@2)
                 	.ENDM
                 
                 	.MACRO __ADDWRR
                 	ADD  R@0,R@2
                 	ADC  R@1,R@3
                 	.ENDM
                 
                 	.MACRO __SUBWRN
                 	SUBI R@0,LOW(@2)
                 	SBCI R@1,HIGH(@2)
                 	.ENDM
                 
                 	.MACRO __SUBWRR
                 	SUB  R@0,R@2
                 	SBC  R@1,R@3
                 	.ENDM
                 
                 	.MACRO __ANDWRN
                 	ANDI R@0,LOW(@2)
                 	ANDI R@1,HIGH(@2)
                 	.ENDM
                 
                 	.MACRO __ANDWRR
                 	AND  R@0,R@2
                 	AND  R@1,R@3
                 	.ENDM
                 
                 	.MACRO __ORWRN
                 	ORI  R@0,LOW(@2)
                 	ORI  R@1,HIGH(@2)
                 	.ENDM
                 
                 	.MACRO __ORWRR
                 	OR   R@0,R@2
                 	OR   R@1,R@3
                 	.ENDM
                 
                 	.MACRO __EORWRR
                 	EOR  R@0,R@2
                 	EOR  R@1,R@3
                 	.ENDM
                 
                 	.MACRO __GETWRS
                 	LDD  R@0,Y+@2
                 	LDD  R@1,Y+@2+1
                 	.ENDM
                 
                 	.MACRO __PUTBSR
                 	STD  Y+@1,R@0
                 	.ENDM
                 
                 	.MACRO __PUTWSR
                 	STD  Y+@2,R@0
                 	STD  Y+@2+1,R@1
                 	.ENDM
                 
                 	.MACRO __MOVEWRR
                 	MOV  R@0,R@2
                 	MOV  R@1,R@3
                 	.ENDM
                 
                 	.MACRO __INWR
                 	IN   R@0,@2
                 	IN   R@1,@2+1
                 	.ENDM
                 
                 	.MACRO __OUTWR
                 	OUT  @2+1,R@1
                 	OUT  @2,R@0
                 	.ENDM
                 
                 	.MACRO __CALL1MN
                 	LDS  R30,@0+(@1)
                 	LDS  R31,@0+(@1)+1
                 	ICALL
                 	.ENDM
                 
                 	.MACRO __CALL1FN
                 	LDI  R30,LOW(2*@0+(@1))
                 	LDI  R31,HIGH(2*@0+(@1))
                 	RCALL __GETW1PF
                 	ICALL
                 	.ENDM
                 
                 	.MACRO __CALL2EN
                 	LDI  R26,LOW(@0+(@1))
                 	LDI  R27,HIGH(@0+(@1))
                 	RCALL __EEPROMRDW
                 	ICALL
                 	.ENDM
                 
                 	.MACRO __GETW1STACK
                 	IN   R26,SPL
                 	IN   R27,SPH
                 	ADIW R26,@0+1
                 	LD   R30,X+
                 	LD   R31,X
                 	.ENDM
                 
                 	.MACRO __GETD1STACK
                 	IN   R26,SPL
                 	IN   R27,SPH
                 	ADIW R26,@0+1
                 	LD   R30,X+
                 	LD   R31,X+
                 	LD   R22,X
                 	.ENDM
                 
                 	.MACRO __NBST
                 	BST  R@0,@1
                 	IN   R30,SREG
                 	LDI  R31,0x40
                 	EOR  R30,R31
                 	OUT  SREG,R30
                 	.ENDM
                 
                 
                 	.MACRO __PUTB1SN
                 	LDD  R26,Y+@0
                 	LDD  R27,Y+@0+1
                 	SUBI R26,LOW(-@1)
                 	SBCI R27,HIGH(-@1)
                 	ST   X,R30
                 	.ENDM
                 
                 	.MACRO __PUTW1SN
                 	LDD  R26,Y+@0
                 	LDD  R27,Y+@0+1
                 	SUBI R26,LOW(-@1)
                 	SBCI R27,HIGH(-@1)
                 	ST   X+,R30
                 	ST   X,R31
                 	.ENDM
                 
                 	.MACRO __PUTD1SN
                 	LDD  R26,Y+@0
                 	LDD  R27,Y+@0+1
                 	SUBI R26,LOW(-@1)
                 	SBCI R27,HIGH(-@1)
                 	RCALL __PUTDP1
                 	.ENDM
                 
                 	.MACRO __PUTB1SNS
                 	LDD  R26,Y+@0
                 	LDD  R27,Y+@0+1
                 	ADIW R26,@1
                 	ST   X,R30
                 	.ENDM
                 
                 	.MACRO __PUTW1SNS
                 	LDD  R26,Y+@0
                 	LDD  R27,Y+@0+1
                 	ADIW R26,@1
                 	ST   X+,R30
                 	ST   X,R31
                 	.ENDM
                 
                 	.MACRO __PUTD1SNS
                 	LDD  R26,Y+@0
                 	LDD  R27,Y+@0+1
                 	ADIW R26,@1
                 	RCALL __PUTDP1
                 	.ENDM
                 
                 	.MACRO __PUTB1PMN
                 	LDS  R26,@0
                 	LDS  R27,@0+1
                 	SUBI R26,LOW(-@1)
                 	SBCI R27,HIGH(-@1)
                 	ST   X,R30
                 	.ENDM
                 
                 	.MACRO __PUTW1PMN
                 	LDS  R26,@0
                 	LDS  R27,@0+1
                 	SUBI R26,LOW(-@1)
                 	SBCI R27,HIGH(-@1)
                 	ST   X+,R30
                 	ST   X,R31
                 	.ENDM
                 
                 	.MACRO __PUTD1PMN
                 	LDS  R26,@0
                 	LDS  R27,@0+1
                 	SUBI R26,LOW(-@1)
                 	SBCI R27,HIGH(-@1)
                 	RCALL __PUTDP1
                 	.ENDM
                 
                 	.MACRO __PUTB1PMNS
                 	LDS  R26,@0
                 	LDS  R27,@0+1
                 	ADIW R26,@1
                 	ST   X,R30
                 	.ENDM
                 
                 	.MACRO __PUTW1PMNS
                 	LDS  R26,@0
                 	LDS  R27,@0+1
                 	ADIW R26,@1
                 	ST   X+,R30
                 	ST   X,R31
                 	.ENDM
                 
                 	.MACRO __PUTD1PMNS
                 	LDS  R26,@0
                 	LDS  R27,@0+1
                 	ADIW R26,@1
                 	RCALL __PUTDP1
                 	.ENDM
                 
                 	.MACRO __PUTB1RN
                 	MOVW R26,R@0
                 	SUBI R26,LOW(-@1)
                 	SBCI R27,HIGH(-@1)
                 	ST   X,R30
                 	.ENDM
                 
                 	.MACRO __PUTW1RN
                 	MOVW R26,R@0
                 	SUBI R26,LOW(-@1)
                 	SBCI R27,HIGH(-@1)
                 	ST   X+,R30
                 	ST   X,R31
                 	.ENDM
                 
                 	.MACRO __PUTD1RN
                 	MOVW R26,R@0
                 	SUBI R26,LOW(-@1)
                 	SBCI R27,HIGH(-@1)
                 	RCALL __PUTDP1
                 	.ENDM
                 
                 	.MACRO __PUTB1RNS
                 	MOVW R26,R@0
                 	ADIW R26,@1
                 	ST   X,R30
                 	.ENDM
                 
                 	.MACRO __PUTW1RNS
                 	MOVW R26,R@0
                 	ADIW R26,@1
                 	ST   X+,R30
                 	ST   X,R31
                 	.ENDM
                 
                 	.MACRO __PUTD1RNS
                 	MOVW R26,R@0
                 	ADIW R26,@1
                 	RCALL __PUTDP1
                 	.ENDM
                 
                 	.MACRO __PUTB1RON
                 	MOV  R26,R@0
                 	MOV  R27,R@1
                 	SUBI R26,LOW(-@2)
                 	SBCI R27,HIGH(-@2)
                 	ST   X,R30
                 	.ENDM
                 
                 	.MACRO __PUTW1RON
                 	MOV  R26,R@0
                 	MOV  R27,R@1
                 	SUBI R26,LOW(-@2)
                 	SBCI R27,HIGH(-@2)
                 	ST   X+,R30
                 	ST   X,R31
                 	.ENDM
                 
                 	.MACRO __PUTD1RON
                 	MOV  R26,R@0
                 	MOV  R27,R@1
                 	SUBI R26,LOW(-@2)
                 	SBCI R27,HIGH(-@2)
                 	RCALL __PUTDP1
                 	.ENDM
                 
                 	.MACRO __PUTB1RONS
                 	MOV  R26,R@0
                 	MOV  R27,R@1
                 	ADIW R26,@2
                 	ST   X,R30
                 	.ENDM
                 
                 	.MACRO __PUTW1RONS
                 	MOV  R26,R@0
                 	MOV  R27,R@1
                 	ADIW R26,@2
                 	ST   X+,R30
                 	ST   X,R31
                 	.ENDM
                 
                 	.MACRO __PUTD1RONS
                 	MOV  R26,R@0
                 	MOV  R27,R@1
                 	ADIW R26,@2
                 	RCALL __PUTDP1
                 	.ENDM
                 
                 
                 	.MACRO __GETB1SX
                 	MOVW R30,R28
                 	SUBI R30,LOW(-@0)
                 	SBCI R31,HIGH(-@0)
                 	LD   R30,Z
                 	.ENDM
                 
                 	.MACRO __GETB1HSX
                 	MOVW R30,R28
                 	SUBI R30,LOW(-@0)
                 	SBCI R31,HIGH(-@0)
                 	LD   R31,Z
                 	.ENDM
                 
                 	.MACRO __GETW1SX
                 	MOVW R30,R28
                 	SUBI R30,LOW(-@0)
                 	SBCI R31,HIGH(-@0)
                 	LD   R0,Z+
                 	LD   R31,Z
                 	MOV  R30,R0
                 	.ENDM
                 
                 	.MACRO __GETD1SX
                 	MOVW R30,R28
                 	SUBI R30,LOW(-@0)
                 	SBCI R31,HIGH(-@0)
                 	LD   R0,Z+
                 	LD   R1,Z+
                 	LD   R22,Z+
                 	LD   R23,Z
                 	MOVW R30,R0
                 	.ENDM
                 
                 	.MACRO __GETB2SX
                 	MOVW R26,R28
                 	SUBI R26,LOW(-@0)
                 	SBCI R27,HIGH(-@0)
                 	LD   R26,X
                 	.ENDM
                 
                 	.MACRO __GETW2SX
                 	MOVW R26,R28
                 	SUBI R26,LOW(-@0)
                 	SBCI R27,HIGH(-@0)
                 	LD   R0,X+
                 	LD   R27,X
                 	MOV  R26,R0
                 	.ENDM
                 
                 	.MACRO __GETD2SX
                 	MOVW R26,R28
                 	SUBI R26,LOW(-@0)
                 	SBCI R27,HIGH(-@0)
                 	LD   R0,X+
                 	LD   R1,X+
                 	LD   R24,X+
                 	LD   R25,X
                 	MOVW R26,R0
                 	.ENDM
                 
                 	.MACRO __GETBRSX
                 	MOVW R30,R28
                 	SUBI R30,LOW(-@1)
                 	SBCI R31,HIGH(-@1)
                 	LD   R@0,Z
                 	.ENDM
                 
                 	.MACRO __GETWRSX
                 	MOVW R30,R28
                 	SUBI R30,LOW(-@2)
                 	SBCI R31,HIGH(-@2)
                 	LD   R@0,Z+
                 	LD   R@1,Z
                 	.ENDM
                 
                 	.MACRO __GETBRSX2
                 	MOVW R26,R28
                 	SUBI R26,LOW(-@1)
                 	SBCI R27,HIGH(-@1)
                 	LD   R@0,X
                 	.ENDM
                 
                 	.MACRO __GETWRSX2
                 	MOVW R26,R28
                 	SUBI R26,LOW(-@2)
                 	SBCI R27,HIGH(-@2)
                 	LD   R@0,X+
                 	LD   R@1,X
                 	.ENDM
                 
                 	.MACRO __LSLW8SX
                 	MOVW R30,R28
                 	SUBI R30,LOW(-@0)
                 	SBCI R31,HIGH(-@0)
                 	LD   R31,Z
                 	CLR  R30
                 	.ENDM
                 
                 	.MACRO __PUTB1SX
                 	MOVW R26,R28
                 	SUBI R26,LOW(-@0)
                 	SBCI R27,HIGH(-@0)
                 	ST   X,R30
                 	.ENDM
                 
                 	.MACRO __PUTW1SX
                 	MOVW R26,R28
                 	SUBI R26,LOW(-@0)
                 	SBCI R27,HIGH(-@0)
                 	ST   X+,R30
                 	ST   X,R31
                 	.ENDM
                 
                 	.MACRO __PUTD1SX
                 	MOVW R26,R28
                 	SUBI R26,LOW(-@0)
                 	SBCI R27,HIGH(-@0)
                 	ST   X+,R30
                 	ST   X+,R31
                 	ST   X+,R22
                 	ST   X,R23
                 	.ENDM
                 
                 	.MACRO __CLRW1SX
                 	MOVW R26,R28
                 	SUBI R26,LOW(-@0)
                 	SBCI R27,HIGH(-@0)
                 	ST   X+,R30
                 	ST   X,R30
                 	.ENDM
                 
                 	.MACRO __CLRD1SX
                 	MOVW R26,R28
                 	SUBI R26,LOW(-@0)
                 	SBCI R27,HIGH(-@0)
                 	ST   X+,R30
                 	ST   X+,R30
                 	ST   X+,R30
                 	ST   X,R30
                 	.ENDM
                 
                 	.MACRO __PUTB2SX
                 	MOVW R30,R28
                 	SUBI R30,LOW(-@0)
                 	SBCI R31,HIGH(-@0)
                 	ST   Z,R26
                 	.ENDM
                 
                 	.MACRO __PUTW2SX
                 	MOVW R30,R28
                 	SUBI R30,LOW(-@0)
                 	SBCI R31,HIGH(-@0)
                 	ST   Z+,R26
                 	ST   Z,R27
                 	.ENDM
                 
                 	.MACRO __PUTD2SX
                 	MOVW R30,R28
                 	SUBI R30,LOW(-@0)
                 	SBCI R31,HIGH(-@0)
                 	ST   Z+,R26
                 	ST   Z+,R27
                 	ST   Z+,R24
                 	ST   Z,R25
                 	.ENDM
                 
                 	.MACRO __PUTBSRX
                 	MOVW R30,R28
                 	SUBI R30,LOW(-@1)
                 	SBCI R31,HIGH(-@1)
                 	ST   Z,R@0
                 	.ENDM
                 
                 	.MACRO __PUTWSRX
                 	MOVW R30,R28
                 	SUBI R30,LOW(-@2)
                 	SBCI R31,HIGH(-@2)
                 	ST   Z+,R@0
                 	ST   Z,R@1
                 	.ENDM
                 
                 	.MACRO __PUTB1SNX
                 	MOVW R26,R28
                 	SUBI R26,LOW(-@0)
                 	SBCI R27,HIGH(-@0)
                 	LD   R0,X+
                 	LD   R27,X
                 	MOV  R26,R0
                 	SUBI R26,LOW(-@1)
                 	SBCI R27,HIGH(-@1)
                 	ST   X,R30
                 	.ENDM
                 
                 	.MACRO __PUTW1SNX
                 	MOVW R26,R28
                 	SUBI R26,LOW(-@0)
                 	SBCI R27,HIGH(-@0)
                 	LD   R0,X+
                 	LD   R27,X
                 	MOV  R26,R0
                 	SUBI R26,LOW(-@1)
                 	SBCI R27,HIGH(-@1)
                 	ST   X+,R30
                 	ST   X,R31
                 	.ENDM
                 
                 	.MACRO __PUTD1SNX
                 	MOVW R26,R28
                 	SUBI R26,LOW(-@0)
                 	SBCI R27,HIGH(-@0)
                 	LD   R0,X+
                 	LD   R27,X
                 	MOV  R26,R0
                 	SUBI R26,LOW(-@1)
                 	SBCI R27,HIGH(-@1)
                 	ST   X+,R30
                 	ST   X+,R31
                 	ST   X+,R22
                 	ST   X,R23
                 	.ENDM
                 
                 ;NAME DEFINITIONS FOR GLOBAL VARIABLES ALLOCATED TO REGISTERS
                 	.DEF _i=R3
                 	.DEF _len=R2
                 
                 ;GPIOR0-GPIOR2 INITIALIZATION VALUES
                 	.EQU __GPIOR0_INIT=0x00
                 	.EQU __GPIOR1_INIT=0x00
                 	.EQU __GPIOR2_INIT=0x00
                 
                 	.CSEG
                 	.ORG 0x00
                 
                 ;START OF CODE MARKER
                 __START_OF_CODE:
                 
                 ;INTERRUPT VECTORS
000000 c06a      	RJMP __RESET
000001 cffe      	RJMP 0x00
000002 c153      	RJMP _pin_change_isr0
000003 c180      	RJMP _pin_change_isr1
000004 cffb      	RJMP 0x00
000005 cffa      	RJMP 0x00
000006 cff9      	RJMP 0x00
000007 cff8      	RJMP 0x00
000008 cff7      	RJMP 0x00
000009 c149      	RJMP _timer0_compa_isr
00000a cff5      	RJMP 0x00
00000b cff4      	RJMP 0x00
00000c cff3      	RJMP 0x00
00000d cff2      	RJMP 0x00
00000e cff1      	RJMP 0x00
00000f cff0      	RJMP 0x00
000010 cfef      	RJMP 0x00
                 
                 _init:
000011 000e
000012 0206
000013 06ff
000014 0704      	.DB  0xE,0x0,0x6,0x2,0xFF,0x6,0x4,0x7
000015 0805
000016 0901
000017 0a2f
000018 0b06      	.DB  0x5,0x8,0x1,0x9,0x2F,0xA,0x6,0xB
000019 0c00
00001a 0d10
00001b 0e09
00001c 0f7b      	.DB  0x0,0xC,0x10,0xD,0x9,0xE,0x7B,0xF
00001d 1085
00001e 1178
00001f 1203
000020 1302      	.DB  0x85,0x10,0x78,0x11,0x3,0x12,0x2,0x13
000021 14e5
000022 1514
000023 1730
000024 1818      	.DB  0xE5,0x14,0x14,0x15,0x30,0x17,0x18,0x18
000025 1916
000026 1a6c
000027 1bc0
000028 1c00      	.DB  0x16,0x19,0x6C,0x1A,0xC0,0x1B,0x0,0x1C
000029 1db2
00002a 21b6
00002b 2210
00002c 23e9      	.DB  0xB2,0x1D,0xB6,0x21,0x10,0x22,0xE9,0x23
00002d 242a
00002e 2500
00002f 261f
000030 2959      	.DB  0x2A,0x24,0x0,0x25,0x1F,0x26,0x59,0x29
000031 2c81
000032 2d35
000033 2e09      	.DB  0x81,0x2C,0x35,0x2D,0x9,0x2E
                 
                 _0x0:
000034 4553
000035 5543
000036 0052
000037 4449      	.DB  0x53,0x45,0x43,0x55,0x52,0x0,0x49,0x44
000038 454c
000039 4300
00003a 454c
00003b 5241      	.DB  0x4C,0x45,0x0,0x43,0x4C,0x45,0x41,0x52
00003c 4f5f
00003d 004b
00003e 4144
00003f 4354      	.DB  0x5F,0x4F,0x4B,0x0,0x44,0x41,0x54,0x43
000040 4948
000041 304b
000042 3632
000043 3230      	.DB  0x48,0x49,0x4B,0x30,0x32,0x36,0x30,0x32
000044 0036
000045 5242
000046 4c45
000047 4b4f      	.DB  0x36,0x0,0x42,0x52,0x45,0x4C,0x4F,0x4B
000048 3532
000049 3230
00004a 3035
00004b 522d      	.DB  0x32,0x35,0x30,0x32,0x35,0x30,0x2D,0x52
00004c 4145
00004d 0044
00004e 5242
00004f 4c45      	.DB  0x45,0x41,0x44,0x0,0x42,0x52,0x45,0x4C
000050 4b4f
000051 3532
000052 3230
000053 3035      	.DB  0x4F,0x4B,0x32,0x35,0x30,0x32,0x35,0x30
000054 432d
000055 4148
000056 474e
000057 0045      	.DB  0x2D,0x43,0x48,0x41,0x4E,0x47,0x45,0x0
                 _0x2020060:
E:\AVR\SD-WC\List\BRELOK_DWS.asm(1083): warning: .cseg .db misalignment - padding zero byte
000058 0001      	.DB  0x1
                 _0x2020000:
000059 4e2d
00005a 4e41
00005b 4900
00005c 464e      	.DB  0x2D,0x4E,0x41,0x4E,0x0,0x49,0x4E,0x46
E:\AVR\SD-WC\List\BRELOK_DWS.asm(1086): warning: .cseg .db misalignment - padding zero byte
00005d 0000      	.DB  0x0
                 
                 __GLOBAL_INI_TBL:
00005e 0006      	.DW  0x06
00005f 00a0      	.DW  _0x61
000060 0068      	.DW  _0x0*2
                 
000061 0005      	.DW  0x05
000062 00a6      	.DW  _0x61+6
000063 006e      	.DW  _0x0*2+6
                 
000064 0009      	.DW  0x09
000065 00ab      	.DW  _0x61+11
000066 0073      	.DW  _0x0*2+11
                 
000067 0001      	.DW  0x01
000068 00f4      	.DW  __seed_G101
000069 00b0      	.DW  _0x2020060*2
                 
                 _0xFFFFFFFF:
00006a 0000      	.DW  0
                 
                 __RESET:
00006b 94f8      	CLI
00006c 27ee      	CLR  R30
00006d bbec      	OUT  EECR,R30
00006e bfe5      	OUT  MCUCR,R30
                 
                 ;DISABLE WATCHDOG
00006f e1f8      	LDI  R31,0x18
000070 95a8      	WDR
000071 b7a4      	IN   R26,MCUSR
000072 7fa7      	CBR  R26,8
000073 bfa4      	OUT  MCUSR,R26
000074 bdf1      	OUT  WDTCSR,R31
000075 bde1      	OUT  WDTCSR,R30
                 
                 ;CLEAR R2-R14
000076 e08d      	LDI  R24,(14-2)+1
000077 e0a2      	LDI  R26,2
000078 27bb      	CLR  R27
                 __CLEAR_REG:
000079 93ed      	ST   X+,R30
00007a 958a      	DEC  R24
00007b f7e9      	BRNE __CLEAR_REG
                 
                 ;CLEAR SRAM
00007c e080      	LDI  R24,LOW(__CLEAR_SRAM_SIZE)
00007d e091      	LDI  R25,HIGH(__CLEAR_SRAM_SIZE)
00007e e6a0      	LDI  R26,__SRAM_START
                 __CLEAR_SRAM:
00007f 93ed      	ST   X+,R30
000080 9701      	SBIW R24,1
000081 f7e9      	BRNE __CLEAR_SRAM
                 
                 ;GLOBAL VARIABLES INITIALIZATION
000082 ebec      	LDI  R30,LOW(__GLOBAL_INI_TBL*2)
000083 e0f0      	LDI  R31,HIGH(__GLOBAL_INI_TBL*2)
                 __GLOBAL_INI_NEXT:
000084 9185      	LPM  R24,Z+
000085 9195      	LPM  R25,Z+
000086 9700      	SBIW R24,0
000087 f061      	BREQ __GLOBAL_INI_END
000088 91a5      	LPM  R26,Z+
000089 91b5      	LPM  R27,Z+
00008a 9005      	LPM  R0,Z+
00008b 9015      	LPM  R1,Z+
00008c 01bf      	MOVW R22,R30
00008d 01f0      	MOVW R30,R0
                 __GLOBAL_INI_LOOP:
00008e 9005      	LPM  R0,Z+
00008f 920d      	ST   X+,R0
000090 9701      	SBIW R24,1
000091 f7e1      	BRNE __GLOBAL_INI_LOOP
000092 01fb      	MOVW R30,R22
000093 cff0      	RJMP __GLOBAL_INI_NEXT
                 __GLOBAL_INI_END:
                 
                 ;GPIOR0-GPIOR2 INITIALIZATION
000094 e0e0      	LDI  R30,__GPIOR0_INIT
000095 bbe3      	OUT  GPIOR0,R30
                 	;__GPIOR1_INIT = __GPIOR0_INIT
000096 bbe4      	OUT  GPIOR1,R30
                 	;__GPIOR2_INIT = __GPIOR0_INIT
000097 bbe5      	OUT  GPIOR2,R30
                 
                 ;HARDWARE STACK POINTER INITIALIZATION
000098 e5ef      	LDI  R30,LOW(__SRAM_END-__HEAP_SIZE)
000099 bfed      	OUT  SPL,R30
00009a e0e1      	LDI  R30,HIGH(__SRAM_END-__HEAP_SIZE)
00009b bfee      	OUT  SPH,R30
                 
                 ;DATA STACK POINTER INITIALIZATION
00009c eac0      	LDI  R28,LOW(__SRAM_START+__DSTACK_SIZE)
00009d e0d0      	LDI  R29,HIGH(__SRAM_START+__DSTACK_SIZE)
                 
00009e c12b      	RJMP _main
                 
                 	.ESEG
                 	.ORG 0
                 
                 	.DSEG
                 	.ORG 0xA0
                 
                 	.CSEG
                 ;/*****************************************************
                 ;This program was produced by the
                 ;CodeWizardAVR V2.05.0 Professional
                 ;Automatic Program Generator
                 ;© Copyright 1998-2010 Pavel Haiduc, HP InfoTech s.r.l.
                 ;http://www.hpinfotech.com
                 ;
                 ;Project : Test Board_CC1101(26800KHz)
                 ;Version : 1
                 ;Date    : 06.05.2012
                 ;Author  : Alexandr Gordejchik
                 ;Company : NTS
                 ;Comments:
                 ;
                 ;
                 ;Chip type               : ATtiny44
                 ;AVR Core Clock frequency: 8,000000 MHz
                 ;Memory model            : Tiny
                 ;External RAM size       : 0
                 ;Data Stack size         : 64
                 ;*****************************************************/
                 ;
                 ;#include <tiny44.h>
                 	#ifndef __SLEEP_DEFINED__
                 	#define __SLEEP_DEFINED__
                 	.EQU __se_bit=0x20
                 	.EQU __sm_mask=0x18
                 	.EQU __sm_adc_noise_red=0x08
                 	.EQU __sm_powerdown=0x10
                 	.EQU __sm_standby=0x18
                 	.SET power_ctrl_reg=mcucr
                 	#endif
                 ;#include <delay.h>
                 ;#include <string.h>
                 ;#include <stdlib.h>
                 ;
                 ;
                 ;
                 ;//++++++++++++ Определение строб-комманд трансивера+++++++++++++++++++++++++++++++++++++++++++++++++++++
                 ;#define SRES 0x30 //Сброс трансивера
                 ;#define SIDLE 0x36 //Переход в режим IDLE
                 ;#define SCAL 0x33   // Калибровка частотного синтезатора
                 ;#define SRX 0x34   // Переход в режим RX
                 ;#define STX 0x35   // Переход в режим TX
                 ;#define SFRX 0x3A  // Очистка RX FIFO
                 ;#define SFTX 0x3B  // Очистка TX FIFO
                 ;#define SNOP 0x3D  // Пустая строб-команда
                 ;#define SPWD 0x39  //Переходв SLEEP режим
                 ;//+++++++++++++++++++++++++++++++++++++++++++++++++++++++++++++++++++++++++++++++++++++++++++
                 ; // Массив инициализации регистров (старший байт - адрес, младший - значение)
                 ;flash unsigned int init[35]=
                 ;{
                 ; 0x000E, //0 IOGFG2 Обнаружение несущей
                 ; 0x0206, //1 IOGFG0 Прием-передача пакета
                 ; 0x06FF, //2 PKTLEN Длинна пакета
                 ; 0x0704, //3 PKRCTRL1 Контроль пакета
                 ; 0x0805, //4 PKRCTRL0 Контроль пакета
                 ; 0x0901, //5 ADDR Адрес устройства
                 ; 0x0A2F, //6 CHANNR Номер канала
                 ; 0x0B06, //7 FSCTRL1 Параметры контроля синтезатора частоты
                 ; 0x0C00, //8 FSCTRL0 Параметры контроля синтезатора частоты
                 ; 0x0D10, //9 FREQ2 Параметы опорной частоты
                 ; 0x0E09, //10 FREQ1 Параметы опорной частоты
                 ; 0x0F7B, //11 FREQ0 Параметы опорной частоты
                 ; 0x1085, //12 MDMCFG4 Конфигурация модема
                 ; 0x1178, //13 MDMCFG3 Конфигурация модема
                 ; 0x1203, //14 MDMCFG2 Конфигурация модема
                 ; 0x1302, //15 MDMCFG1 Конфигурация модема
                 ; 0x14E5, //16 MDMCFG0 Конфигурация модема
                 ; 0x1514, //17 DEVIATION Девиация
                 ; 0x1730, //18 MCSM1 Конфигурация автомата контроля радио
                 ; 0x1818, //19 MCSM0 Конфигурация автомата контроля радио
                 ; 0x1916, //20 FOCCFG Компенсация сдвига частоты
                 ; 0x1A6C, //21 BSCFG Конфигурация побитовой синхронизации
                 ; 0x1BC0, //22 AGCCTRL2 Пармаметры приемного тракта
                 ; 0x1C00, //23 AGCCTRL1 Пармаметры приемного тракта
                 ; 0x1DB2, //24 AGCCTRL0 Пармаметры приемного тракта
                 ; 0x21B6, //25 FREND1 Параметры приемного тракта
                 ; 0x2210, //26 FREND0 Параметры передающего тракта
                 ; 0x23E9, //27 FSCAL3 Параметры калибровки синтезатора частоты
                 ; 0x242A, //28 FSCAL2 Параметры калибровки синтезатора частоты
                 ; 0x2500, //29 FSCAL1 Параметры калибровки синтезатора частоты
                 ; 0x261F, //30 FSCAL0 Параметры калибровки синтезатора частоты
                 ; 0x2959, //31 FSTEST Проверка синтезаторы частоты
                 ; 0x2C81, //32 TEST2
                 ; 0x2D35, //33 TEST1
                 ; 0x2E09  //34 TEST0
                 ;};
                 ;//+++++++++++++++++++++++++++++++++++++++++++++++++++++++++++++++++++++++++++++++++++++++++++
                 ;union U      // Определение объединения
                 ;		{
                 ;			unsigned int buf;
                 ;			unsigned char b[2];
                 ;		};
                 ;
                 ;//union U FREQ;
                 ;//union U FR1;
                 ;//union U FR0;
                 ;
                 ;// Определение глобальных переменных
                 ;unsigned char i;   //Основной счетчик
                 ;unsigned char SPI_buffer[64];
                 ;unsigned char len;
                 ;//eeprom unsigned char ST;
                 ;eeprom unsigned char STAT[37];
                 ;//*******************************************************************************************
                 ;//*******************************************************************************************
                 ;//*******************ФУНКЦИИ ДЛЯ РАБОТЫ С ТРАНСИВЕРОМ*****************************************
                 ;//============================================================================================
                 ;// Функция передачи символа по SPI
                 ;unsigned char SPI_SEND(unsigned char data)
                 ; 0000 0067 {
                 
                 	.CSEG
                 _SPI_SEND:
                 ; 0000 0068  USIDR=data;      // Загрузка данных в сдвиговый регистр
                 ;	data -> Y+0
00009f 81e8      	LD   R30,Y
0000a0 b9ef      	OUT  0xF,R30
                 ; 0000 0069  USISR=(1<<USIOIF);  // Очистка флага переполнения и 4-битного счетчика
0000a1 e4e0      	LDI  R30,LOW(64)
0000a2 b9ee      	OUT  0xE,R30
                 ; 0000 006A  TIFR0 |= (1<<OCF0A);   // Очистка флага прерывания по совпадению таймера
0000a3 b7e8      	IN   R30,0x38
0000a4 60e2      	ORI  R30,2
0000a5 bfe8      	OUT  0x38,R30
                 ; 0000 006B  TIMSK0 |= (1<<OCIE0A); // Разрешение прерывания по совпадению
0000a6 b7e9      	IN   R30,0x39
0000a7 60e2      	ORI  R30,2
0000a8 bfe9      	OUT  0x39,R30
                 ; 0000 006C  while(USISR.USIOIF==0); //Ожидание конца передачи байта
                 _0x3:
0000a9 9b76      	SBIS 0xE,6
0000aa cffe      	RJMP _0x3
                 ; 0000 006D  TIMSK0=0x00;     //Запрет прерывания
0000ab e0e0      	LDI  R30,LOW(0)
0000ac bfe9      	OUT  0x39,R30
                 ; 0000 006E  return USIDR; // Возврат данных
0000ad b1ef      	IN   R30,0xF
0000ae c061      	RJMP _0x2080002
                 ; 0000 006F  }
                 ;
                 ;//*******************************************************************************************
                 ; void RESET_TR(void) //Сброс трансивера по включению питания
                 ; 0000 0073 {
                 _RESET_TR:
                 ; 0000 0074 USICR=0x00; //Отключение SPI
0000af e0e0      	LDI  R30,LOW(0)
0000b0 b9ed      	OUT  0xD,R30
                 ; 0000 0075 PORTA.4=1; //Устанавливаем 1 на SCK
0000b1 9adc      	SBI  0x1B,4
                 ; 0000 0076 PORTA.5=0;  // Устанавливаем 0 на MOSI
0000b2 98dd      	CBI  0x1B,5
                 ; 0000 0077 PORTA.3=0; // SPI_SS ON
0000b3 98db      	CBI  0x1B,3
                 ; 0000 0078 delay_us(1);
                +
0000b4 e083     +LDI R24 , LOW ( 3 )
                +__DELAY_USB_LOOP :
0000b5 958a     +DEC R24
0000b6 f7f1     +BRNE __DELAY_USB_LOOP
                 	__DELAY_USB 3
                 ; 0000 0079 PORTA.3=1; // SPI_SS OFF
0000b7 9adb      	SBI  0x1B,3
                 ; 0000 007A delay_us(40);
                +
0000b8 e68b     +LDI R24 , LOW ( 107 )
                +__DELAY_USB_LOOP :
0000b9 958a     +DEC R24
0000ba f7f1     +BRNE __DELAY_USB_LOOP
                 	__DELAY_USB 107
                 ; 0000 007B USICR=0x1A; //Включение SPI
0000bb e1ea      	LDI  R30,LOW(26)
0000bc b9ed      	OUT  0xD,R30
                 ; 0000 007C PORTA.3=0; // SPI_SS ON
0000bd 98db      	CBI  0x1B,3
                 ; 0000 007D while(PINA.6==1); //Ждем 0 на MISO
                 _0x10:
0000be 99ce      	SBIC 0x19,6
0000bf cffe      	RJMP _0x10
                 ; 0000 007E SPI_SEND(SRES);
0000c0 e3e0      	LDI  R30,LOW(48)
0000c1 d168      	RCALL SUBOPT_0x0
                 ; 0000 007F PORTA.3=1; // SPI_SS OFF
0000c2 c028      	RJMP _0x2080003
                 ; 0000 0080 }
                 ;//*******************************************************************************************
                 ;void WRITE_REG( unsigned int reg) // Функция записи регистра
                 ; 0000 0083 {  union U dat;
                 _WRITE_REG:
                 ; 0000 0084 PORTA.3=0; // SPI_SS ON
0000c3 9722      	SBIW R28,2
                 ;	reg -> Y+2
                 ;	dat -> Y+0
0000c4 98db      	CBI  0x1B,3
                 ; 0000 0085 while(PINA.6==1); //Ждем 0 на MISO
                 _0x17:
0000c5 99ce      	SBIC 0x19,6
0000c6 cffe      	RJMP _0x17
                 ; 0000 0086 
                 ; 0000 0087  dat.buf=reg;
0000c7 81ea      	LDD  R30,Y+2
0000c8 81fb      	LDD  R31,Y+2+1
0000c9 83e8      	ST   Y,R30
0000ca 83f9      	STD  Y+1,R31
                 ; 0000 0088  SPI_SEND(dat.b[1]);  //Адрес регистра
0000cb 81e9      	LDD  R30,Y+1
0000cc d15d      	RCALL SUBOPT_0x0
                 ; 0000 0089  SPI_SEND(dat.b[0]);  //Значение регистра
0000cd 81e8      	LD   R30,Y
0000ce d15b      	RCALL SUBOPT_0x0
                 ; 0000 008A  PORTA.3=1; // SPI_SS OFF
0000cf 9adb      	SBI  0x1B,3
                 ; 0000 008B }
0000d0 c157      	RJMP _0x2080001
                 ;//********************************************************************************************
                 ;unsigned char READ_REG(unsigned char adr)  // Функция чтения регистра
                 ; 0000 008E {  unsigned char reg;
                 ; 0000 008F    PORTA.3=0; // SPI_SS ON
                 ;	adr -> Y+1
                 ;	reg -> R17
                 ; 0000 0090    while(PINA.6==1); //Ждем 0 на MISO
                 ; 0000 0091    SPI_SEND(adr | 0x80);   // Старший бит определяет операцию
                 ; 0000 0092    reg= SPI_SEND(0x00);
                 ; 0000 0093    return reg;
                 ; 0000 0094    PORTA.3=1; // SPI_SS OFF
                 ; 0000 0095 }
                 ;//**********************************************************************************************
                 ; void INIT_TR(void) //Функция инициализации трансивера
                 ; 0000 0098  {
                 _INIT_TR:
                 ; 0000 0099 
                 ; 0000 009A 
                 ; 0000 009B   for (i=0;i<35;i++)
0000d1 2433      	CLR  R3
                 _0x24:
0000d2 e2e3      	LDI  R30,LOW(35)
0000d3 163e      	CP   R3,R30
0000d4 f470      	BRSH _0x25
                 ; 0000 009C    {
                 ; 0000 009D     WRITE_REG(init[i]);
0000d5 2de3      	MOV  R30,R3
0000d6 e2a2      	LDI  R26,LOW(_init*2)
0000d7 e0b0      	LDI  R27,HIGH(_init*2)
0000d8 d153      	RCALL SUBOPT_0x1
0000d9 0fee      	LSL  R30
0000da 1fff      	ROL  R31
0000db 0fea      	ADD  R30,R26
0000dc 1ffb      	ADC  R31,R27
0000dd d19d      	RCALL __GETW1PF
0000de 93fa      	ST   -Y,R31
0000df 93ea      	ST   -Y,R30
0000e0 dfe2      	RCALL _WRITE_REG
                 ; 0000 009E     };
0000e1 9433      	INC  R3
0000e2 cfef      	RJMP _0x24
                 _0x25:
                 ; 0000 009F 
                 ; 0000 00A0 
                 ; 0000 00A1 
                 ; 0000 00A2  }
0000e3 9508      	RET
                 ;//********************************************************************************************
                 ;void WRITE_PATABLE(void)    //Запись таблицы мощности
                 ; 0000 00A5 {
                 _WRITE_PATABLE:
                 ; 0000 00A6 PORTA.3=0; // SPI_SS ON
0000e4 98db      	CBI  0x1B,3
                 ; 0000 00A7    while(PINA.6==1); //Ждем 0 на MISO
                 _0x28:
0000e5 99ce      	SBIC 0x19,6
0000e6 cffe      	RJMP _0x28
                 ; 0000 00A8 WRITE_REG(0x3EC0);         //Запись значения выходной мощности передатчика +1dbm
0000e7 ece0      	LDI  R30,LOW(16064)
0000e8 e3fe      	LDI  R31,HIGH(16064)
0000e9 d144      	RCALL SUBOPT_0x2
0000ea dfd8      	RCALL _WRITE_REG
                 ; 0000 00A9    PORTA.3=1; // SPI_SS OFF
                 _0x2080003:
0000eb 9adb      	SBI  0x1B,3
                 ; 0000 00AA }
0000ec 9508      	RET
                 ;//*********************************************************************************************
                 ;void STROB(unsigned char strob)  //Запись строб-команды
                 ; 0000 00AD {
                 _STROB:
                 ; 0000 00AE PORTA.3=0; // SPI_SS ON
                 ;	strob -> Y+0
0000ed 98db      	CBI  0x1B,3
                 ; 0000 00AF  while(PINA.6==1); //Ждем 0 на MISO
                 _0x2F:
0000ee 99ce      	SBIC 0x19,6
0000ef cffe      	RJMP _0x2F
                 ; 0000 00B0  SPI_SEND(strob);
0000f0 81e8      	LD   R30,Y
0000f1 d138      	RCALL SUBOPT_0x0
                 ; 0000 00B1   PORTA.3=1; // SPI_SS OFF
0000f2 9adb      	SBI  0x1B,3
                 ; 0000 00B2 }
0000f3 c01c      	RJMP _0x2080002
                 ;//******************************************************************************************
                 ;unsigned char STATUS(void)
                 ; 0000 00B5 { unsigned char st;
                 ; 0000 00B6 PORTA.3=0; // SPI_SS ON
                 ;	st -> R17
                 ; 0000 00B7 while(PINA.6==1); //Ждем 0 на MISO
                 ; 0000 00B8 st=SPI_SEND(SNOP);
                 ; 0000 00B9 PORTA.3=1; // SPI_SS OFF
                 ; 0000 00BA return st;
                 ; 0000 00BB }
                 ;//********************************************************************************************
                 ;void SEND_PAKET(unsigned char pktlen) //Функция передачи пакета
                 ; 0000 00BE {
                 _SEND_PAKET:
                 ; 0000 00BF   STROB(SIDLE);  //Переход в режим IDLE
                 ;	pktlen -> Y+0
0000f4 d13c      	RCALL SUBOPT_0x3
                 ; 0000 00C0   STROB(SFRX);  //Очистка приемного буфера
                 ; 0000 00C1   STROB(SFTX); //Очистка передающего буфера
                 ; 0000 00C2   delay_ms(1);
0000f5 e0e1      	LDI  R30,LOW(1)
0000f6 e0f0      	LDI  R31,HIGH(1)
0000f7 d142      	RCALL SUBOPT_0x4
                 ; 0000 00C3   PORTA.3=0; // SPI_SS ON
0000f8 98db      	CBI  0x1B,3
                 ; 0000 00C4  while(PINA.6==1); //Ждем 0 на MISO
                 _0x3D:
0000f9 99ce      	SBIC 0x19,6
0000fa cffe      	RJMP _0x3D
                 ; 0000 00C5   SPI_SEND(0x7F);   //Открытие буфера на запись
0000fb e7ef      	LDI  R30,LOW(127)
0000fc d12d      	RCALL SUBOPT_0x0
                 ; 0000 00C6   SPI_SEND(pktlen); //Запись длинны пакета
0000fd 81e8      	LD   R30,Y
0000fe d12b      	RCALL SUBOPT_0x0
                 ; 0000 00C7   for (i=0;i<pktlen;i++)  //Запмсь пакета
0000ff 2433      	CLR  R3
                 _0x41:
000100 81e8      	LD   R30,Y
000101 163e      	CP   R3,R30
000102 f428      	BRSH _0x42
                 ; 0000 00C8   {
                 ; 0000 00C9    SPI_SEND(SPI_buffer[i]);
000103 d138      	RCALL SUBOPT_0x5
000104 81e0      	LD   R30,Z
000105 d124      	RCALL SUBOPT_0x0
                 ; 0000 00CA   }
000106 9433      	INC  R3
000107 cff8      	RJMP _0x41
                 _0x42:
                 ; 0000 00CB PORTA.3=1; // SPI_SS OFF
000108 9adb      	SBI  0x1B,3
                 ; 0000 00CC   //GICR=0x00; //Запрет прерывания по приему пакета
                 ; 0000 00CD   STROB(STX); //Включение передачи
000109 e3e5      	LDI  R30,LOW(53)
00010a d136      	RCALL SUBOPT_0x6
                 ; 0000 00CE 
                 ; 0000 00CF  while(PINA.0==0);
                 _0x45:
00010b 9bc8      	SBIS 0x19,0
00010c cffe      	RJMP _0x45
                 ; 0000 00D0  while(PINA.0==1);
                 _0x48:
00010d 99c8      	SBIC 0x19,0
00010e cffe      	RJMP _0x48
                 ; 0000 00D1   STROB(SIDLE);  //Переход в режим IDLE
00010f d121      	RCALL SUBOPT_0x3
                 ; 0000 00D2   STROB(SFRX);  //Очистка приемного буфера
                 ; 0000 00D3   STROB(SFTX); //Очистка передающего буфера
                 ; 0000 00D4  // GIFR=0xFF;  //Сброс флага прерывания
                 ; 0000 00D5   //GICR=0xC0;   //Разрешение прерывания по приему пакета
                 ; 0000 00D6 }
                 _0x2080002:
000110 9621      	ADIW R28,1
000111 9508      	RET
                 ;//********************************************************************************************
                 ;unsigned char RECEIVE_PAKET(void) //Функция приема пакета
                 ; 0000 00D9 {
                 _RECEIVE_PAKET:
                 ; 0000 00DA unsigned char pktlen;
                 ; 0000 00DB STROB(SIDLE);  //Переход в режим IDLE
000112 931a      	ST   -Y,R17
                 ;	pktlen -> R17
000113 e3e6      	LDI  R30,LOW(54)
000114 d12c      	RCALL SUBOPT_0x6
                 ; 0000 00DC PORTB.2=0; // SPI_SS ON
000115 98c2      	CBI  0x18,2
                 ; 0000 00DD  PORTA.3=0; // SPI_SS ON
000116 98db      	CBI  0x1B,3
                 ; 0000 00DE  while(PINA.6==1); //Ждем 0 на MISO
                 _0x4F:
000117 99ce      	SBIC 0x19,6
000118 cffe      	RJMP _0x4F
                 ; 0000 00DF  SPI_SEND(0xFF);  //Открытие буфера приема
000119 efef      	LDI  R30,LOW(255)
00011a d10f      	RCALL SUBOPT_0x0
                 ; 0000 00E0 pktlen=SPI_SEND(0x00); //Считывание длинны пакета
00011b e0e0      	LDI  R30,LOW(0)
00011c d10d      	RCALL SUBOPT_0x0
00011d 2f1e      	MOV  R17,R30
                 ; 0000 00E1 for (i=0;i<pktlen;i++)    //Считывание пакета
00011e 2433      	CLR  R3
                 _0x53:
00011f 1631      	CP   R3,R17
000120 f450      	BRSH _0x54
                 ; 0000 00E2    {
                 ; 0000 00E3    SPI_buffer[i]=SPI_SEND(0x00);
000121 d11a      	RCALL SUBOPT_0x5
000122 93ff      	PUSH R31
000123 93ef      	PUSH R30
000124 e0e0      	LDI  R30,LOW(0)
000125 d104      	RCALL SUBOPT_0x0
000126 91af      	POP  R26
000127 91bf      	POP  R27
000128 93ec      	ST   X,R30
                 ; 0000 00E4    }
000129 9433      	INC  R3
00012a cff4      	RJMP _0x53
                 _0x54:
                 ; 0000 00E5 PORTA.3=1; // SPI_SS OFF
00012b 9adb      	SBI  0x1B,3
                 ; 0000 00E6 STROB(SFRX);
00012c e3ea      	LDI  R30,LOW(58)
00012d d113      	RCALL SUBOPT_0x6
                 ; 0000 00E7 return pktlen; //Возврат длинны пакета
00012e 2fe1      	MOV  R30,R17
00012f 9119      	LD   R17,Y+
000130 9508      	RET
                 ; 0000 00E8  }
                 ; //*******************************************************************************************
                 ; void CLEAR_SPI_buffer(void) //Очистка SPI буфера
                 ; 0000 00EB  { for (i=0;i<64;i++)
                 _CLEAR_SPI_buffer:
000131 2433      	CLR  R3
                 _0x58:
000132 e4e0      	LDI  R30,LOW(64)
000133 163e      	CP   R3,R30
000134 f428      	BRSH _0x59
                 ; 0000 00EC    {
                 ; 0000 00ED     SPI_buffer[i]=0x00;
000135 d106      	RCALL SUBOPT_0x5
000136 e0a0      	LDI  R26,LOW(0)
000137 83a0      	STD  Z+0,R26
                 ; 0000 00EE    }
000138 9433      	INC  R3
000139 cff8      	RJMP _0x58
                 _0x59:
                 ; 0000 00EF  }
00013a 9508      	RET
                 ; //********************************************************************************************
                 ;  // Запись строки в SPI буффер
                 ; unsigned char Write_SPI_buffer(flash char *str)
                 ; 0000 00F3  {
                 _Write_SPI_buffer:
                 ; 0000 00F4   i=0;
                 ;	*str -> Y+0
00013b 2433      	CLR  R3
                 ; 0000 00F5   while(*str)
                 _0x5A:
00013c 81e8      	LD   R30,Y
00013d 81f9      	LDD  R31,Y+1
00013e 91e4      	LPM  R30,Z
00013f 30e0      	CPI  R30,0
000140 f079      	BREQ _0x5C
                 ; 0000 00F6   {
                 ; 0000 00F7   SPI_buffer[i++]=*str++;
000141 2de3      	MOV  R30,R3
000142 9433      	INC  R3
000143 d0e8      	RCALL SUBOPT_0x1
000144 54ec      	SUBI R30,LOW(-_SPI_buffer)
000145 4fff      	SBCI R31,HIGH(-_SPI_buffer)
000146 01df      	MOVW R26,R30
000147 81e8      	LD   R30,Y
000148 81f9      	LDD  R31,Y+1
000149 9631      	ADIW R30,1
00014a 83e8      	ST   Y,R30
00014b 83f9      	STD  Y+1,R31
00014c 9731      	SBIW R30,1
00014d 91e4      	LPM  R30,Z
00014e 93ec      	ST   X,R30
                 ; 0000 00F8 
                 ; 0000 00F9   }
00014f cfec      	RJMP _0x5A
                 _0x5C:
                 ; 0000 00FA  return i;
000150 2de3      	MOV  R30,R3
000151 9622      	ADIW R28,2
000152 9508      	RET
                 ; 0000 00FB   }
                 ;//*******************************************************************************************
                 ;//===========================ПРЕРЫВАНИЯ======================================================
                 ;// Timer 0 output compare A interrupt service routine
                 ;interrupt [TIM0_COMPA] void timer0_compa_isr(void)    //Прерывание по совпадению таймера
                 ; 0000 0100 {   #asm("sei")
                 _timer0_compa_isr:
000153 9478      	sei
                 ; 0000 0101 USICR |= (1<<USITC); // Задание тактового импульса
000154 9a68      	SBI  0xD,0
                 ; 0000 0102 
                 ; 0000 0103 }
000155 9518      	RETI
                 ;//*******************************************************************************************
                 ;// Pin change 0-7 interrupt service routine
                 ;interrupt [PC_INT0] void pin_change_isr0(void)
                 ; 0000 0107 { // PORTA.2=1; //Светодиод 1
                 _pin_change_isr0:
000156 d0ec      	RCALL SUBOPT_0x7
                 ; 0000 0108    //PORTA.7=0; //Светодиод 2
                 ; 0000 0109       GIMSK=0x00;
                 ; 0000 010A       #asm("sei")
000157 9478      	sei
                 ; 0000 010B      while(PINA.0==1);
                 _0x5D:
000158 99c8      	SBIC 0x19,0
000159 cffe      	RJMP _0x5D
                 ; 0000 010C       len=RECEIVE_PAKET();
00015a dfb7      	RCALL _RECEIVE_PAKET
00015b 2e2e      	MOV  R2,R30
                 ; 0000 010D 
                 ; 0000 010E        if (strstr(SPI_buffer,"SECUR")!=NULL)
00015c d0f6      	RCALL SUBOPT_0x8
                +
00015d eae0     +LDI R30 , LOW ( _0x61 + ( 0 ) )
00015e e0f0     +LDI R31 , HIGH ( _0x61 + ( 0 ) )
                 	__POINTW1MN _0x61,0
00015f d0f6      	RCALL SUBOPT_0x9
000160 f011      	BREQ _0x60
                 ; 0000 010F        { PORTA.2=1; //Светодиод 1
000161 9ada      	SBI  0x1B,2
                 ; 0000 0110         PORTA.7=0;} //Светодиод 2
000162 98df      	CBI  0x1B,7
                 ; 0000 0111         if (strstr(SPI_buffer,"IDLE")!=NULL)
                 _0x60:
000163 d0ef      	RCALL SUBOPT_0x8
                +
000164 eae6     +LDI R30 , LOW ( _0x61 + ( 6 ) )
000165 e0f0     +LDI R31 , HIGH ( _0x61 + ( 6 ) )
                 	__POINTW1MN _0x61,6
000166 d0ef      	RCALL SUBOPT_0x9
000167 f011      	BREQ _0x66
                 ; 0000 0112         {  PORTA.2=0; //Светодиод 1
000168 98da      	CBI  0x1B,2
                 ; 0000 0113            PORTA.7=1;} //Светодиод 2
000169 9adf      	SBI  0x1B,7
                 ; 0000 0114          if (strstr(SPI_buffer,"CLEAR_OK")!=NULL)
                 _0x66:
00016a d0e8      	RCALL SUBOPT_0x8
                +
00016b eaeb     +LDI R30 , LOW ( _0x61 + ( 11 ) )
00016c e0f0     +LDI R31 , HIGH ( _0x61 + ( 11 ) )
                 	__POINTW1MN _0x61,11
00016d d0e8      	RCALL SUBOPT_0x9
00016e f081      	BREQ _0x6B
                 ; 0000 0115             {for(i=0;i<5;i++)
00016f 2433      	CLR  R3
                 _0x6D:
000170 e0e5      	LDI  R30,LOW(5)
000171 163e      	CP   R3,R30
000172 f460      	BRSH _0x6E
                 ; 0000 0116               {PORTA.2=0; //Светодиод 1
000173 98da      	CBI  0x1B,2
                 ; 0000 0117                PORTA.7=1;  //Светодиод 2
000174 9adf      	SBI  0x1B,7
                 ; 0000 0118                delay_ms(200);
000175 ece8      	LDI  R30,LOW(200)
000176 e0f0      	LDI  R31,HIGH(200)
000177 d0c2      	RCALL SUBOPT_0x4
                 ; 0000 0119                PORTA.2=1; //Светодиод 1
000178 9ada      	SBI  0x1B,2
                 ; 0000 011A                PORTA.7=0;  //Светодиод 2
000179 98df      	CBI  0x1B,7
                 ; 0000 011B                delay_ms(200);
00017a ece8      	LDI  R30,LOW(200)
00017b e0f0      	LDI  R31,HIGH(200)
00017c d0bd      	RCALL SUBOPT_0x4
                 ; 0000 011C 
                 ; 0000 011D 
                 ; 0000 011E 
                 ; 0000 011F               }
00017d 9433      	INC  R3
00017e cff1      	RJMP _0x6D
                 _0x6E:
                 ; 0000 0120             }
                 ; 0000 0121 
                 ; 0000 0122          CLEAR_SPI_buffer();
                 _0x6B:
00017f dfb1      	RCALL _CLEAR_SPI_buffer
                 ; 0000 0123          delay_ms(500);
000180 efe4      	LDI  R30,LOW(500)
000181 e0f1      	LDI  R31,HIGH(500)
000182 d0b7      	RCALL SUBOPT_0x4
                 ; 0000 0124 }
000183 c038      	RJMP _0x99
                 
                 	.DSEG
                 _0x61:
0000a0           	.BYTE 0x14
                 ;//********************************************************************************************
                 ;// Pin change 8-11 interrupt service routine
                 ;interrupt [PC_INT1] void pin_change_isr1(void)
                 ; 0000 0128 {
                 
                 	.CSEG
                 _pin_change_isr1:
000184 d0be      	RCALL SUBOPT_0x7
                 ; 0000 0129 GIMSK=0x00;
                 ; 0000 012A #asm("sei")
000185 9478      	sei
                 ; 0000 012B RESET_TR();
000186 d0d3      	RCALL SUBOPT_0xA
                 ; 0000 012C delay_ms(10);
                 ; 0000 012D INIT_TR();
000187 df49      	RCALL _INIT_TR
                 ; 0000 012E WRITE_PATABLE();
000188 df5b      	RCALL _WRITE_PATABLE
                 ; 0000 012F 
                 ; 0000 0130 
                 ; 0000 0131 
                 ; 0000 0132 delay_ms(300);
000189 e2ec      	LDI  R30,LOW(300)
00018a e0f1      	LDI  R31,HIGH(300)
00018b d0ae      	RCALL SUBOPT_0x4
                 ; 0000 0133 if((PINB.0==0)&&(PINB.1==0))
00018c d0d1      	RCALL SUBOPT_0xB
00018d f411      	BRNE _0x78
00018e d0d4      	RCALL SUBOPT_0xC
00018f f009      	BREQ _0x79
                 _0x78:
000190 c00c      	RJMP _0x77
                 _0x79:
                 ; 0000 0134 { PORTA.2=1; //Светодиод 1
000191 9ada      	SBI  0x1B,2
                 ; 0000 0135   PORTA.7=1; //Светодиод 2
000192 9adf      	SBI  0x1B,7
                 ; 0000 0136   delay_ms(1000);
000193 d0d4      	RCALL SUBOPT_0xD
                 ; 0000 0137   if((PINB.0==0)&&(PINB.1==0))SEND_PAKET(Write_SPI_buffer("DATCHIK026026"));
000194 d0c9      	RCALL SUBOPT_0xB
000195 f411      	BRNE _0x7F
000196 d0cc      	RCALL SUBOPT_0xC
000197 f009      	BREQ _0x80
                 _0x7F:
000198 c003      	RJMP _0x7E
                 _0x80:
                +
000199 e7ec     +LDI R30 , LOW ( 2 * _0x0 + ( 20 ) )
00019a e0f0     +LDI R31 , HIGH ( 2 * _0x0 + ( 20 ) )
                 	__POINTW1FN _0x0,20
00019b d0cf      	RCALL SUBOPT_0xE
                 ; 0000 0138 
                 ; 0000 0139 
                 ; 0000 013A  }
                 _0x7E:
                 ; 0000 013B  else{
00019c c00a      	RJMP _0x81
                 _0x77:
                 ; 0000 013C if((PINB.0==0))  SEND_PAKET(Write_SPI_buffer("BRELOK250250-READ"));
00019d 99b0      	SBIC 0x16,0
00019e c003      	RJMP _0x82
                +
00019f e8ea     +LDI R30 , LOW ( 2 * _0x0 + ( 34 ) )
0001a0 e0f0     +LDI R31 , HIGH ( 2 * _0x0 + ( 34 ) )
                 	__POINTW1FN _0x0,34
0001a1 d0c9      	RCALL SUBOPT_0xE
                 ; 0000 013D if((PINB.1==0))  SEND_PAKET(Write_SPI_buffer("BRELOK250250-CHANGE")); }
                 _0x82:
0001a2 99b1      	SBIC 0x16,1
0001a3 c003      	RJMP _0x83
                +
0001a4 e9ec     +LDI R30 , LOW ( 2 * _0x0 + ( 52 ) )
0001a5 e0f0     +LDI R31 , HIGH ( 2 * _0x0 + ( 52 ) )
                 	__POINTW1FN _0x0,52
0001a6 d0c4      	RCALL SUBOPT_0xE
                 _0x83:
                 _0x81:
                 ; 0000 013E  CLEAR_SPI_buffer();
0001a7 df89      	RCALL _CLEAR_SPI_buffer
                 ; 0000 013F   GIFR|=0x10;
0001a8 b7ea      	IN   R30,0x3A
0001a9 61e0      	ORI  R30,0x10
0001aa bfea      	OUT  0x3A,R30
                 ; 0000 0140   GIMSK=0x10;
0001ab e1e0      	LDI  R30,LOW(16)
0001ac bfeb      	OUT  0x3B,R30
                 ; 0000 0141   STROB(SRX);
0001ad e3e4      	LDI  R30,LOW(52)
0001ae d092      	RCALL SUBOPT_0x6
                 ; 0000 0142    delay_ms(1000);
0001af d0b8      	RCALL SUBOPT_0xD
                 ; 0000 0143    while ((PINB.0==0)||(PINB.1==0));
                 _0x84:
0001b0 d0ad      	RCALL SUBOPT_0xB
0001b1 f011      	BREQ _0x87
0001b2 d0b0      	RCALL SUBOPT_0xC
0001b3 f409      	BRNE _0x86
                 _0x87:
0001b4 cffb      	RJMP _0x84
                 _0x86:
                 ; 0000 0144    GIFR|=0x30;
0001b5 b7ea      	IN   R30,0x3A
0001b6 63e0      	ORI  R30,LOW(0x30)
0001b7 bfea      	OUT  0x3A,R30
                 ; 0000 0145    GIMSK=0x20;
0001b8 e2e0      	LDI  R30,LOW(32)
0001b9 bfeb      	OUT  0x3B,R30
                 ; 0000 0146    PORTA.2=0; //Светодиод 1
0001ba 98da      	CBI  0x1B,2
                 ; 0000 0147   PORTA.7=0; //Светодиод 2
0001bb 98df      	CBI  0x1B,7
                 ; 0000 0148 }
                 _0x99:
0001bc 91e9      	LD   R30,Y+
0001bd bfef      	OUT  SREG,R30
0001be 91f9      	LD   R31,Y+
0001bf 91e9      	LD   R30,Y+
0001c0 91b9      	LD   R27,Y+
0001c1 91a9      	LD   R26,Y+
0001c2 9199      	LD   R25,Y+
0001c3 9189      	LD   R24,Y+
0001c4 9179      	LD   R23,Y+
0001c5 9169      	LD   R22,Y+
0001c6 90f9      	LD   R15,Y+
0001c7 9019      	LD   R1,Y+
0001c8 9009      	LD   R0,Y+
0001c9 9518      	RETI
                 ;
                 ;//============================================================================================
                 ;//+++++++++++++++++++ОСНОВНАЯ ФУНКЦИЯ ПРОГРАММЫ ++++++++++++++++++++++++++++++++++++++++++++++
                 ;//=============================================================================================
                 ;void main(void)
                 ; 0000 014E {
                 _main:
                 ; 0000 014F // Declare your local variables here
                 ; 0000 0150 
                 ; 0000 0151 // Crystal Oscillator division factor: 1
                 ; 0000 0152 #pragma optsize-
                 ; 0000 0153 CLKPR=0x80;
0001ca e8e0      	LDI  R30,LOW(128)
0001cb bde6      	OUT  0x26,R30
                 ; 0000 0154 CLKPR=0x00;
0001cc e0e0      	LDI  R30,LOW(0)
0001cd bde6      	OUT  0x26,R30
                 ; 0000 0155 #ifdef _OPTIMIZE_SIZE_
                 ; 0000 0156 #pragma optsize+
                 ; 0000 0157 #endif
                 ; 0000 0158 
                 ; 0000 0159 // Input/Output Ports initialization
                 ; 0000 015A // Port A initialization
                 ; 0000 015B // Func7=Out Func6=In Func5=Out Func4=Out Func3=Out Func2=Out Func1=In Func0=In
                 ; 0000 015C // State7=0 State6=T State5=0 State4=0 State3=1 State2=0 State1=T State0=T
                 ; 0000 015D PORTA=0x08;
0001ce e0e8      	LDI  R30,LOW(8)
0001cf bbeb      	OUT  0x1B,R30
                 ; 0000 015E DDRA=0xBC;
0001d0 ebec      	LDI  R30,LOW(188)
0001d1 bbea      	OUT  0x1A,R30
                 ; 0000 015F 
                 ; 0000 0160 // Port B initialization
                 ; 0000 0161 // Func3=In Func2=In Func1=In Func0=In
                 ; 0000 0162 // State3=T State2=T State1=P State0=P
                 ; 0000 0163 PORTB=0x03;
0001d2 e0e3      	LDI  R30,LOW(3)
0001d3 bbe8      	OUT  0x18,R30
                 ; 0000 0164 DDRB=0x00;
0001d4 e0e0      	LDI  R30,LOW(0)
0001d5 bbe7      	OUT  0x17,R30
                 ; 0000 0165 
                 ; 0000 0166 // Timer/Counter 0 initialization
                 ; 0000 0167 // Clock source: System Clock
                 ; 0000 0168 // Clock value: 8000,000 kHz
                 ; 0000 0169 // Mode: Normal top=0xFF
                 ; 0000 016A // OC0A output: Disconnected
                 ; 0000 016B // OC0B output: Disconnected
                 ; 0000 016C TCCR0A=0x00;
0001d6 bfe0      	OUT  0x30,R30
                 ; 0000 016D TCCR0B=0x01;
0001d7 e0e1      	LDI  R30,LOW(1)
0001d8 bfe3      	OUT  0x33,R30
                 ; 0000 016E TCNT0=0x00;
0001d9 e0e0      	LDI  R30,LOW(0)
0001da bfe2      	OUT  0x32,R30
                 ; 0000 016F OCR0A=0x1F;
0001db e1ef      	LDI  R30,LOW(31)
0001dc bfe6      	OUT  0x36,R30
                 ; 0000 0170 OCR0B=0x00;
0001dd e0e0      	LDI  R30,LOW(0)
0001de bfec      	OUT  0x3C,R30
                 ; 0000 0171 
                 ; 0000 0172 // Timer/Counter 1 initialization
                 ; 0000 0173 // Clock source: System Clock
                 ; 0000 0174 // Clock value: Timer1 Stopped
                 ; 0000 0175 // Mode: Normal top=0xFFFF
                 ; 0000 0176 // OC1A output: Discon.
                 ; 0000 0177 // OC1B output: Discon.
                 ; 0000 0178 // Noise Canceler: Off
                 ; 0000 0179 // Input Capture on Falling Edge
                 ; 0000 017A // Timer1 Overflow Interrupt: Off
                 ; 0000 017B // Input Capture Interrupt: Off
                 ; 0000 017C // Compare A Match Interrupt: Off
                 ; 0000 017D // Compare B Match Interrupt: Off
                 ; 0000 017E TCCR1A=0x00;
0001df bdef      	OUT  0x2F,R30
                 ; 0000 017F TCCR1B=0x00;
0001e0 bdee      	OUT  0x2E,R30
                 ; 0000 0180 TCNT1H=0x00;
0001e1 bded      	OUT  0x2D,R30
                 ; 0000 0181 TCNT1L=0x00;
0001e2 bdec      	OUT  0x2C,R30
                 ; 0000 0182 ICR1H=0x00;
0001e3 bde5      	OUT  0x25,R30
                 ; 0000 0183 ICR1L=0x00;
0001e4 bde4      	OUT  0x24,R30
                 ; 0000 0184 OCR1AH=0x00;
0001e5 bdeb      	OUT  0x2B,R30
                 ; 0000 0185 OCR1AL=0x00;
0001e6 bdea      	OUT  0x2A,R30
                 ; 0000 0186 OCR1BH=0x00;
0001e7 bde9      	OUT  0x29,R30
                 ; 0000 0187 OCR1BL=0x00;
0001e8 bde8      	OUT  0x28,R30
                 ; 0000 0188 
                 ; 0000 0189 // External Interrupt(s) initialization
                 ; 0000 018A // INT0: Off
                 ; 0000 018B // Interrupt on any change on pins PCINT0-7: On
                 ; 0000 018C // Interrupt on any change on pins PCINT8-11: On
                 ; 0000 018D MCUCR=0x00;
0001e9 bfe5      	OUT  0x35,R30
                 ; 0000 018E PCMSK0=0x01;
0001ea e0e1      	LDI  R30,LOW(1)
0001eb bbe2      	OUT  0x12,R30
                 ; 0000 018F PCMSK1=0x03;
0001ec e0e3      	LDI  R30,LOW(3)
0001ed bde0      	OUT  0x20,R30
                 ; 0000 0190 GIMSK=0x20;
0001ee e2e0      	LDI  R30,LOW(32)
0001ef bfeb      	OUT  0x3B,R30
                 ; 0000 0191 GIFR=0x30;
0001f0 e3e0      	LDI  R30,LOW(48)
0001f1 bfea      	OUT  0x3A,R30
                 ; 0000 0192 // Timer/Counter 0 Interrupt(s) initialization
                 ; 0000 0193 TIMSK0=0x02;
0001f2 e0e2      	LDI  R30,LOW(2)
0001f3 bfe9      	OUT  0x39,R30
                 ; 0000 0194 
                 ; 0000 0195 // Timer/Counter 1 Interrupt(s) initialization
                 ; 0000 0196 TIMSK1=0x00;
0001f4 e0e0      	LDI  R30,LOW(0)
0001f5 b9ec      	OUT  0xC,R30
                 ; 0000 0197 
                 ; 0000 0198 // Universal Serial Interface initialization
                 ; 0000 0199 // Mode: Three Wire (SPI)
                 ; 0000 019A // Clock source: Reg.=ext. pos. edge, Cnt.=USITC
                 ; 0000 019B // USI Counter Overflow Interrupt: Off
                 ; 0000 019C USICR=0x1A;
0001f6 e1ea      	LDI  R30,LOW(26)
0001f7 b9ed      	OUT  0xD,R30
                 ; 0000 019D 
                 ; 0000 019E // Analog Comparator initialization
                 ; 0000 019F // Analog Comparator: Off
                 ; 0000 01A0 // Analog Comparator Input Capture by Timer/Counter 1: Off
                 ; 0000 01A1 ACSR=0x80;
0001f8 e8e0      	LDI  R30,LOW(128)
0001f9 b9e8      	OUT  0x8,R30
                 ; 0000 01A2 ADCSRB=0x00;
0001fa e0e0      	LDI  R30,LOW(0)
0001fb b9e3      	OUT  0x3,R30
                 ; 0000 01A3 DIDR0=0x00;
0001fc b9e1      	OUT  0x1,R30
                 ; 0000 01A4 
                 ; 0000 01A5 // ADC initialization
                 ; 0000 01A6 // ADC disabled
                 ; 0000 01A7 ADCSRA=0x00;
0001fd b9e6      	OUT  0x6,R30
                 ; 0000 01A8 
                 ; 0000 01A9 // Global enable interrupts
                 ; 0000 01AA #asm("sei")
0001fe 9478      	sei
                 ; 0000 01AB  PORTA.2=1; //Светодиод 1
0001ff 9ada      	SBI  0x1B,2
                 ; 0000 01AC  PORTA.7=0; //Светодиод 2
000200 98df      	CBI  0x1B,7
                 ; 0000 01AD       delay_ms(1000);
000201 d066      	RCALL SUBOPT_0xD
                 ; 0000 01AE 
                 ; 0000 01AF       RESET_TR();
000202 d057      	RCALL SUBOPT_0xA
                 ; 0000 01B0       delay_ms(10);
                 ; 0000 01B1       INIT_TR();
000203 decd      	RCALL _INIT_TR
                 ; 0000 01B2       WRITE_PATABLE();
000204 dedf      	RCALL _WRITE_PATABLE
                 ; 0000 01B3 
                 ; 0000 01B4 while (1)
                 _0x91:
                 ; 0000 01B5 
                 ; 0000 01B6       {  PORTA.2=0; //Светодиод 1
000205 98da      	CBI  0x1B,2
                 ; 0000 01B7          PORTA.7=0; //Светодиод 2
000206 98df      	CBI  0x1B,7
                 ; 0000 01B8         STROB(SPWD);
000207 e3e9      	LDI  R30,LOW(57)
000208 d038      	RCALL SUBOPT_0x6
                 ; 0000 01B9         delay_ms(10);
000209 e0ea      	LDI  R30,LOW(10)
00020a e0f0      	LDI  R31,HIGH(10)
00020b d02e      	RCALL SUBOPT_0x4
                 ; 0000 01BA         MCUCR|=0x30 ; //Разрешение перехода в спящий режим
00020c b7e5      	IN   R30,0x35
00020d 63e0      	ORI  R30,LOW(0x30)
00020e bfe5      	OUT  0x35,R30
                 ; 0000 01BB         #asm("SLEEP")
00020f 9588      	SLEEP
                 ; 0000 01BC         delay_ms(500);
000210 efe4      	LDI  R30,LOW(500)
000211 e0f1      	LDI  R31,HIGH(500)
000212 d027      	RCALL SUBOPT_0x4
                 ; 0000 01BD       }
000213 cff1      	RJMP _0x91
                 ; 0000 01BE }
                 _0x98:
000214 cfff      	RJMP _0x98
                 
                 	.CSEG
                 _strstr:
000215 81aa          ldd  r26,y+2
000216 81bb          ldd  r27,y+3
000217 01cd          movw r24,r26
                 strstr0:
000218 81e8          ld   r30,y
000219 81f9          ldd  r31,y+1
                 strstr1:
00021a 9171          ld   r23,z+
00021b 2377          tst  r23
00021c f411          brne strstr2
00021d 01fc          movw r30,r24
00021e c009          rjmp strstr3
                 strstr2:
00021f 916d          ld   r22,x+
000220 1767          cp   r22,r23
000221 f3c1          breq strstr1
000222 9601          adiw r24,1
000223 01dc          movw r26,r24
000224 2366          tst  r22
000225 f791          brne strstr0
000226 27ee          clr  r30
000227 27ff          clr  r31
                 strstr3:
                 _0x2080001:
000228 9624      	ADIW R28,4
000229 9508      	RET
                 
                 	.CSEG
                 
                 	.DSEG
                 
                 	.CSEG
                 
                 	.CSEG
                 
                 	.CSEG
                 
                 	.DSEG
                 _SPI_buffer:
0000b4           	.BYTE 0x40
                 __seed_G101:
0000f4           	.BYTE 0x4
                 
                 	.CSEG
                 ;OPTIMIZER ADDED SUBROUTINE, CALLED 10 TIMES, CODE SIZE REDUCTION:7 WORDS
                 SUBOPT_0x0:
00022a 93ea      	ST   -Y,R30
00022b ce73      	RJMP _SPI_SEND
                 
                 ;OPTIMIZER ADDED SUBROUTINE, CALLED 5 TIMES, CODE SIZE REDUCTION:6 WORDS
                 SUBOPT_0x1:
00022c e0f0      	LDI  R31,0
00022d 9508      	RET
                 
                 ;OPTIMIZER ADDED SUBROUTINE, CALLED 22 TIMES, CODE SIZE REDUCTION:19 WORDS
                 SUBOPT_0x2:
00022e 93fa      	ST   -Y,R31
00022f 93ea      	ST   -Y,R30
000230 9508      	RET
                 
                 ;OPTIMIZER ADDED SUBROUTINE, CALLED 2 TIMES, CODE SIZE REDUCTION:6 WORDS
                 SUBOPT_0x3:
000231 e3e6      	LDI  R30,LOW(54)
000232 93ea      	ST   -Y,R30
000233 deb9      	RCALL _STROB
000234 e3ea      	LDI  R30,LOW(58)
000235 93ea      	ST   -Y,R30
000236 deb6      	RCALL _STROB
000237 e3eb      	LDI  R30,LOW(59)
000238 93ea      	ST   -Y,R30
000239 ceb3      	RJMP _STROB
                 
                 ;OPTIMIZER ADDED SUBROUTINE, CALLED 12 TIMES, CODE SIZE REDUCTION:9 WORDS
                 SUBOPT_0x4:
00023a dff3      	RCALL SUBOPT_0x2
00023b c033      	RJMP _delay_ms
                 
                 ;OPTIMIZER ADDED SUBROUTINE, CALLED 3 TIMES, CODE SIZE REDUCTION:4 WORDS
                 SUBOPT_0x5:
00023c 2de3      	MOV  R30,R3
00023d dfee      	RCALL SUBOPT_0x1
00023e 54ec      	SUBI R30,LOW(-_SPI_buffer)
00023f 4fff      	SBCI R31,HIGH(-_SPI_buffer)
000240 9508      	RET
                 
                 ;OPTIMIZER ADDED SUBROUTINE, CALLED 5 TIMES, CODE SIZE REDUCTION:2 WORDS
                 SUBOPT_0x6:
000241 93ea      	ST   -Y,R30
000242 ceaa      	RJMP _STROB
                 
                 ;OPTIMIZER ADDED SUBROUTINE, CALLED 2 TIMES, CODE SIZE REDUCTION:12 WORDS
                 SUBOPT_0x7:
000243 920a      	ST   -Y,R0
000244 921a      	ST   -Y,R1
000245 92fa      	ST   -Y,R15
000246 936a      	ST   -Y,R22
000247 937a      	ST   -Y,R23
000248 938a      	ST   -Y,R24
000249 939a      	ST   -Y,R25
00024a 93aa      	ST   -Y,R26
00024b 93ba      	ST   -Y,R27
00024c 93ea      	ST   -Y,R30
00024d 93fa      	ST   -Y,R31
00024e b7ef      	IN   R30,SREG
00024f 93ea      	ST   -Y,R30
000250 e0e0      	LDI  R30,LOW(0)
000251 bfeb      	OUT  0x3B,R30
000252 9508      	RET
                 
                 ;OPTIMIZER ADDED SUBROUTINE, CALLED 3 TIMES, CODE SIZE REDUCTION:2 WORDS
                 SUBOPT_0x8:
000253 ebe4      	LDI  R30,LOW(_SPI_buffer)
000254 e0f0      	LDI  R31,HIGH(_SPI_buffer)
000255 cfd8      	RJMP SUBOPT_0x2
                 
                 ;OPTIMIZER ADDED SUBROUTINE, CALLED 3 TIMES, CODE SIZE REDUCTION:2 WORDS
                 SUBOPT_0x9:
000256 dfd7      	RCALL SUBOPT_0x2
000257 dfbd      	RCALL _strstr
000258 9730      	SBIW R30,0
000259 9508      	RET
                 
                 ;OPTIMIZER ADDED SUBROUTINE, CALLED 2 TIMES, CODE SIZE REDUCTION:1 WORDS
                 SUBOPT_0xA:
00025a de54      	RCALL _RESET_TR
00025b e0ea      	LDI  R30,LOW(10)
00025c e0f0      	LDI  R31,HIGH(10)
00025d cfdc      	RJMP SUBOPT_0x4
                 
                 ;OPTIMIZER ADDED SUBROUTINE, CALLED 3 TIMES, CODE SIZE REDUCTION:4 WORDS
                 SUBOPT_0xB:
00025e e0a0      	LDI  R26,0
00025f 99b0      	SBIC 0x16,0
000260 e0a1      	LDI  R26,1
000261 30a0      	CPI  R26,LOW(0x0)
000262 9508      	RET
                 
                 ;OPTIMIZER ADDED SUBROUTINE, CALLED 3 TIMES, CODE SIZE REDUCTION:4 WORDS
                 SUBOPT_0xC:
000263 e0a0      	LDI  R26,0
000264 99b1      	SBIC 0x16,1
000265 e0a1      	LDI  R26,1
000266 30a0      	CPI  R26,LOW(0x0)
000267 9508      	RET
                 
                 ;OPTIMIZER ADDED SUBROUTINE, CALLED 3 TIMES, CODE SIZE REDUCTION:2 WORDS
                 SUBOPT_0xD:
000268 eee8      	LDI  R30,LOW(1000)
000269 e0f3      	LDI  R31,HIGH(1000)
00026a cfcf      	RJMP SUBOPT_0x4
                 
                 ;OPTIMIZER ADDED SUBROUTINE, CALLED 3 TIMES, CODE SIZE REDUCTION:4 WORDS
                 SUBOPT_0xE:
00026b dfc2      	RCALL SUBOPT_0x2
00026c dece      	RCALL _Write_SPI_buffer
00026d 93ea      	ST   -Y,R30
00026e ce85      	RJMP _SEND_PAKET
                 
                 
                 	.CSEG
                 _delay_ms:
00026f 91e9      	ld   r30,y+
000270 91f9      	ld   r31,y+
000271 9630      	adiw r30,0
000272 f039      	breq __delay_ms1
                 __delay_ms0:
                +
000273 ed80     +LDI R24 , LOW ( 0x7D0 )
000274 e097     +LDI R25 , HIGH ( 0x7D0 )
                +__DELAY_USW_LOOP :
000275 9701     +SBIW R24 , 1
000276 f7f1     +BRNE __DELAY_USW_LOOP
                 	__DELAY_USW 0x7D0
000277 95a8      	wdr
000278 9731      	sbiw r30,1
000279 f7c9      	brne __delay_ms0
                 __delay_ms1:
00027a 9508      	ret
                 
                 __GETW1PF:
00027b 9005      	LPM  R0,Z+
00027c 91f4      	LPM  R31,Z
00027d 2de0      	MOV  R30,R0
00027e 9508      	RET
                 
                 ;END OF CODE MARKER
                 __END_OF_CODE:


RESOURCE USE INFORMATION
------------------------

Notice:
The register and instruction counts are symbol table hit counts,
and hence implicitly used resources are not counted, eg, the
'lpm' instruction without operands implicitly uses r0 and z,
none of which are counted.

x,y,z are separate entities in the symbol table and are
counted separately from r26..r31 here.

.dseg memory usage only counts static data declared with .byte

ATtiny44 register use summary:
r0 :   8 r1 :   3 r2 :   1 r3 :  21 r4 :   0 r5 :   0 r6 :   0 r7 :   0 
r8 :   0 r9 :   0 r10:   0 r11:   0 r12:   0 r13:   0 r14:   0 r15:   2 
r16:   0 r17:   5 r18:   0 r19:   0 r20:   0 r21:   0 r22:   7 r23:   5 
r24:  19 r25:   5 r26:  23 r27:   8 r28:   5 r29:   1 r30: 192 r31:  39 
x  :   6 y  :  58 z  :  14 
Registers used: 19 out of 35 (54.3%)

ATtiny44 instruction use summary:
.lds  :   0 .lds.l:   0 .sts  :   0 .sts.l:   0 adc   :   1 add   :   1 
adiw  :   6 and   :   0 andi  :   0 asr   :   0 bclr  :   0 bld   :   0 
brbc  :   0 brbs  :   0 brcc  :   0 brcs  :   0 break :   0 breq  :  10 
brge  :   0 brhc  :   0 brhs  :   0 brid  :   0 brie  :   0 brlo  :   0 
brlt  :   0 brmi  :   0 brne  :  12 brpl  :   0 brsh  :   5 brtc  :   0 
brts  :   0 brvc  :   0 brvs  :   0 bset  :   0 bst   :   0 cbi   :  18 
cbr   :   1 clc   :   0 clh   :   0 cli   :   1 cln   :   0 clr   :  10 
cls   :   0 clt   :   0 clv   :   0 clz   :   0 com   :   0 cp    :   6 
cpc   :   0 cpi   :   3 cpse  :   0 dec   :   3 des   :   0 eor   :   0 
fmul  :   0 fmuls :   0 fmulsu:   0 icall :   0 ijmp  :   0 in    :   8 
inc   :   6 ld    :  26 ldd   :   8 ldi   : 101 lds   :   0 lpm   :  14 
lsl   :   1 lsr   :   0 mov   :   8 movw  :   7 mul   :   0 muls  :   0 
mulsu :   0 neg   :   0 nop   :   0 or    :   0 ori   :   5 out   :  57 
pop   :   2 push  :   2 rcall :  71 ret   :  16 reti  :   2 rjmp  :  57 
rol   :   1 ror   :   0 sbc   :   0 sbci  :   2 sbi   :  15 sbic  :  12 
sbis  :   2 sbiw  :   8 sbr   :   0 sbrc  :   0 sbrs  :   0 sec   :   0 
seh   :   0 sei   :   4 sen   :   0 ser   :   0 ses   :   0 set   :   0 
sev   :   0 sez   :   0 sleep :   1 spm   :   0 st    :  30 std   :   3 
sts   :   0 sub   :   0 subi  :   2 swap  :   0 tst   :   2 wdr   :   2 

Instructions used: 43 out of 114 (37.7%)

ATtiny44 memory use summary [bytes]:
Segment   Begin    End      Code   Data   Used    Size   Use%
---------------------------------------------------------------
[.cseg] 0x000000 0x0004fe   1098    180   1278    4096  31.2%
[.dseg] 0x000060 0x0000f8      0     88     88     351  25.1%
[.eseg] 0x000000 0x000000      0      0      0     256   0.0%

Assembly complete, 0 errors, 4 warnings
