
AVRASM ver. 2.1.30  C:\cvavreval\AVR\SD-WC\List\DS1-1+.asm Wed May 16 18:12:24 2012

C:\cvavreval\AVR\SD-WC\List\DS1-1+.asm(1057): warning: Register r5 already defined by the .DEF directive
C:\cvavreval\AVR\SD-WC\List\DS1-1+.asm(1058): warning: Register r4 already defined by the .DEF directive
                 
                 
                 ;CodeVisionAVR C Compiler V2.05.0 Professional
                 ;(C) Copyright 1998-2010 Pavel Haiduc, HP InfoTech s.r.l.
                 ;http://www.hpinfotech.com
                 
                 ;Chip type                : ATmega8L
                 ;Program type             : Application
                 ;Clock frequency          : 3,686400 MHz
                 ;Memory model             : Small
                 ;Optimize for             : Size
                 ;(s)printf features       : int, width
                 ;(s)scanf features        : int, width
                 ;External RAM size        : 0
                 ;Data Stack size          : 256 byte(s)
                 ;Heap size                : 0 byte(s)
                 ;Promote 'char' to 'int'  : Yes
                 ;'char' is unsigned       : Yes
                 ;8 bit enums              : Yes
                 ;global 'const' stored in FLASH: No
                 ;Enhanced core instructions    : On
                 ;Smart register allocation     : On
                 ;Automatic register allocation : On
                 
                 	#pragma AVRPART ADMIN PART_NAME ATmega8L
                 	#pragma AVRPART MEMORY PROG_FLASH 8192
                 	#pragma AVRPART MEMORY EEPROM 512
                 	#pragma AVRPART MEMORY INT_SRAM SIZE 1119
                 	#pragma AVRPART MEMORY INT_SRAM START_ADDR 0x60
                 
                 	.LISTMAC
                 	.EQU UDRE=0x5
                 	.EQU RXC=0x7
                 	.EQU USR=0xB
                 	.EQU UDR=0xC
                 	.EQU SPSR=0xE
                 	.EQU SPDR=0xF
                 	.EQU EERE=0x0
                 	.EQU EEWE=0x1
                 	.EQU EEMWE=0x2
                 	.EQU EECR=0x1C
                 	.EQU EEDR=0x1D
                 	.EQU EEARL=0x1E
                 	.EQU EEARH=0x1F
                 	.EQU WDTCR=0x21
                 	.EQU MCUCR=0x35
                 	.EQU GICR=0x3B
                 	.EQU SPL=0x3D
                 	.EQU SPH=0x3E
                 	.EQU SREG=0x3F
                 
                 	.DEF R0X0=R0
                 	.DEF R0X1=R1
                 	.DEF R0X2=R2
                 	.DEF R0X3=R3
                 	.DEF R0X4=R4
                 	.DEF R0X5=R5
                 	.DEF R0X6=R6
                 	.DEF R0X7=R7
                 	.DEF R0X8=R8
                 	.DEF R0X9=R9
                 	.DEF R0XA=R10
                 	.DEF R0XB=R11
                 	.DEF R0XC=R12
                 	.DEF R0XD=R13
                 	.DEF R0XE=R14
                 	.DEF R0XF=R15
                 	.DEF R0X10=R16
                 	.DEF R0X11=R17
                 	.DEF R0X12=R18
                 	.DEF R0X13=R19
                 	.DEF R0X14=R20
                 	.DEF R0X15=R21
                 	.DEF R0X16=R22
                 	.DEF R0X17=R23
                 	.DEF R0X18=R24
                 	.DEF R0X19=R25
                 	.DEF R0X1A=R26
                 	.DEF R0X1B=R27
                 	.DEF R0X1C=R28
                 	.DEF R0X1D=R29
                 	.DEF R0X1E=R30
                 	.DEF R0X1F=R31
                 
                 	.EQU __SRAM_START=0x0060
                 	.EQU __SRAM_END=0x045F
                 	.EQU __DSTACK_SIZE=0x0100
                 	.EQU __HEAP_SIZE=0x0000
                 	.EQU __CLEAR_SRAM_SIZE=__SRAM_END-__SRAM_START+1
                 
                 	.MACRO __CPD1N
                 	CPI  R30,LOW(@0)
                 	LDI  R26,HIGH(@0)
                 	CPC  R31,R26
                 	LDI  R26,BYTE3(@0)
                 	CPC  R22,R26
                 	LDI  R26,BYTE4(@0)
                 	CPC  R23,R26
                 	.ENDM
                 
                 	.MACRO __CPD2N
                 	CPI  R26,LOW(@0)
                 	LDI  R30,HIGH(@0)
                 	CPC  R27,R30
                 	LDI  R30,BYTE3(@0)
                 	CPC  R24,R30
                 	LDI  R30,BYTE4(@0)
                 	CPC  R25,R30
                 	.ENDM
                 
                 	.MACRO __CPWRR
                 	CP   R@0,R@2
                 	CPC  R@1,R@3
                 	.ENDM
                 
                 	.MACRO __CPWRN
                 	CPI  R@0,LOW(@2)
                 	LDI  R30,HIGH(@2)
                 	CPC  R@1,R30
                 	.ENDM
                 
                 	.MACRO __ADDB1MN
                 	SUBI R30,LOW(-@0-(@1))
                 	.ENDM
                 
                 	.MACRO __ADDB2MN
                 	SUBI R26,LOW(-@0-(@1))
                 	.ENDM
                 
                 	.MACRO __ADDW1MN
                 	SUBI R30,LOW(-@0-(@1))
                 	SBCI R31,HIGH(-@0-(@1))
                 	.ENDM
                 
                 	.MACRO __ADDW2MN
                 	SUBI R26,LOW(-@0-(@1))
                 	SBCI R27,HIGH(-@0-(@1))
                 	.ENDM
                 
                 	.MACRO __ADDW1FN
                 	SUBI R30,LOW(-2*@0-(@1))
                 	SBCI R31,HIGH(-2*@0-(@1))
                 	.ENDM
                 
                 	.MACRO __ADDD1FN
                 	SUBI R30,LOW(-2*@0-(@1))
                 	SBCI R31,HIGH(-2*@0-(@1))
                 	SBCI R22,BYTE3(-2*@0-(@1))
                 	.ENDM
                 
                 	.MACRO __ADDD1N
                 	SUBI R30,LOW(-@0)
                 	SBCI R31,HIGH(-@0)
                 	SBCI R22,BYTE3(-@0)
                 	SBCI R23,BYTE4(-@0)
                 	.ENDM
                 
                 	.MACRO __ADDD2N
                 	SUBI R26,LOW(-@0)
                 	SBCI R27,HIGH(-@0)
                 	SBCI R24,BYTE3(-@0)
                 	SBCI R25,BYTE4(-@0)
                 	.ENDM
                 
                 	.MACRO __SUBD1N
                 	SUBI R30,LOW(@0)
                 	SBCI R31,HIGH(@0)
                 	SBCI R22,BYTE3(@0)
                 	SBCI R23,BYTE4(@0)
                 	.ENDM
                 
                 	.MACRO __SUBD2N
                 	SUBI R26,LOW(@0)
                 	SBCI R27,HIGH(@0)
                 	SBCI R24,BYTE3(@0)
                 	SBCI R25,BYTE4(@0)
                 	.ENDM
                 
                 	.MACRO __ANDBMNN
                 	LDS  R30,@0+(@1)
                 	ANDI R30,LOW(@2)
                 	STS  @0+(@1),R30
                 	.ENDM
                 
                 	.MACRO __ANDWMNN
                 	LDS  R30,@0+(@1)
                 	ANDI R30,LOW(@2)
                 	STS  @0+(@1),R30
                 	LDS  R30,@0+(@1)+1
                 	ANDI R30,HIGH(@2)
                 	STS  @0+(@1)+1,R30
                 	.ENDM
                 
                 	.MACRO __ANDD1N
                 	ANDI R30,LOW(@0)
                 	ANDI R31,HIGH(@0)
                 	ANDI R22,BYTE3(@0)
                 	ANDI R23,BYTE4(@0)
                 	.ENDM
                 
                 	.MACRO __ANDD2N
                 	ANDI R26,LOW(@0)
                 	ANDI R27,HIGH(@0)
                 	ANDI R24,BYTE3(@0)
                 	ANDI R25,BYTE4(@0)
                 	.ENDM
                 
                 	.MACRO __ORBMNN
                 	LDS  R30,@0+(@1)
                 	ORI  R30,LOW(@2)
                 	STS  @0+(@1),R30
                 	.ENDM
                 
                 	.MACRO __ORWMNN
                 	LDS  R30,@0+(@1)
                 	ORI  R30,LOW(@2)
                 	STS  @0+(@1),R30
                 	LDS  R30,@0+(@1)+1
                 	ORI  R30,HIGH(@2)
                 	STS  @0+(@1)+1,R30
                 	.ENDM
                 
                 	.MACRO __ORD1N
                 	ORI  R30,LOW(@0)
                 	ORI  R31,HIGH(@0)
                 	ORI  R22,BYTE3(@0)
                 	ORI  R23,BYTE4(@0)
                 	.ENDM
                 
                 	.MACRO __ORD2N
                 	ORI  R26,LOW(@0)
                 	ORI  R27,HIGH(@0)
                 	ORI  R24,BYTE3(@0)
                 	ORI  R25,BYTE4(@0)
                 	.ENDM
                 
                 	.MACRO __DELAY_USB
                 	LDI  R24,LOW(@0)
                 __DELAY_USB_LOOP:
                 	DEC  R24
                 	BRNE __DELAY_USB_LOOP
                 	.ENDM
                 
                 	.MACRO __DELAY_USW
                 	LDI  R24,LOW(@0)
                 	LDI  R25,HIGH(@0)
                 __DELAY_USW_LOOP:
                 	SBIW R24,1
                 	BRNE __DELAY_USW_LOOP
                 	.ENDM
                 
                 	.MACRO __GETD1S
                 	LDD  R30,Y+@0
                 	LDD  R31,Y+@0+1
                 	LDD  R22,Y+@0+2
                 	LDD  R23,Y+@0+3
                 	.ENDM
                 
                 	.MACRO __GETD2S
                 	LDD  R26,Y+@0
                 	LDD  R27,Y+@0+1
                 	LDD  R24,Y+@0+2
                 	LDD  R25,Y+@0+3
                 	.ENDM
                 
                 	.MACRO __PUTD1S
                 	STD  Y+@0,R30
                 	STD  Y+@0+1,R31
                 	STD  Y+@0+2,R22
                 	STD  Y+@0+3,R23
                 	.ENDM
                 
                 	.MACRO __PUTD2S
                 	STD  Y+@0,R26
                 	STD  Y+@0+1,R27
                 	STD  Y+@0+2,R24
                 	STD  Y+@0+3,R25
                 	.ENDM
                 
                 	.MACRO __PUTDZ2
                 	STD  Z+@0,R26
                 	STD  Z+@0+1,R27
                 	STD  Z+@0+2,R24
                 	STD  Z+@0+3,R25
                 	.ENDM
                 
                 	.MACRO __CLRD1S
                 	STD  Y+@0,R30
                 	STD  Y+@0+1,R30
                 	STD  Y+@0+2,R30
                 	STD  Y+@0+3,R30
                 	.ENDM
                 
                 	.MACRO __POINTB1MN
                 	LDI  R30,LOW(@0+(@1))
                 	.ENDM
                 
                 	.MACRO __POINTW1MN
                 	LDI  R30,LOW(@0+(@1))
                 	LDI  R31,HIGH(@0+(@1))
                 	.ENDM
                 
                 	.MACRO __POINTD1M
                 	LDI  R30,LOW(@0)
                 	LDI  R31,HIGH(@0)
                 	LDI  R22,BYTE3(@0)
                 	LDI  R23,BYTE4(@0)
                 	.ENDM
                 
                 	.MACRO __POINTW1FN
                 	LDI  R30,LOW(2*@0+(@1))
                 	LDI  R31,HIGH(2*@0+(@1))
                 	.ENDM
                 
                 	.MACRO __POINTD1FN
                 	LDI  R30,LOW(2*@0+(@1))
                 	LDI  R31,HIGH(2*@0+(@1))
                 	LDI  R22,BYTE3(2*@0+(@1))
                 	LDI  R23,BYTE4(2*@0+(@1))
                 	.ENDM
                 
                 	.MACRO __POINTB2MN
                 	LDI  R26,LOW(@0+(@1))
                 	.ENDM
                 
                 	.MACRO __POINTW2MN
                 	LDI  R26,LOW(@0+(@1))
                 	LDI  R27,HIGH(@0+(@1))
                 	.ENDM
                 
                 	.MACRO __POINTBRM
                 	LDI  R@0,LOW(@1)
                 	.ENDM
                 
                 	.MACRO __POINTWRM
                 	LDI  R@0,LOW(@2)
                 	LDI  R@1,HIGH(@2)
                 	.ENDM
                 
                 	.MACRO __POINTBRMN
                 	LDI  R@0,LOW(@1+(@2))
                 	.ENDM
                 
                 	.MACRO __POINTWRMN
                 	LDI  R@0,LOW(@2+(@3))
                 	LDI  R@1,HIGH(@2+(@3))
                 	.ENDM
                 
                 	.MACRO __POINTWRFN
                 	LDI  R@0,LOW(@2*2+(@3))
                 	LDI  R@1,HIGH(@2*2+(@3))
                 	.ENDM
                 
                 	.MACRO __GETD1N
                 	LDI  R30,LOW(@0)
                 	LDI  R31,HIGH(@0)
                 	LDI  R22,BYTE3(@0)
                 	LDI  R23,BYTE4(@0)
                 	.ENDM
                 
                 	.MACRO __GETD2N
                 	LDI  R26,LOW(@0)
                 	LDI  R27,HIGH(@0)
                 	LDI  R24,BYTE3(@0)
                 	LDI  R25,BYTE4(@0)
                 	.ENDM
                 
                 	.MACRO __GETB1MN
                 	LDS  R30,@0+(@1)
                 	.ENDM
                 
                 	.MACRO __GETB1HMN
                 	LDS  R31,@0+(@1)
                 	.ENDM
                 
                 	.MACRO __GETW1MN
                 	LDS  R30,@0+(@1)
                 	LDS  R31,@0+(@1)+1
                 	.ENDM
                 
                 	.MACRO __GETD1MN
                 	LDS  R30,@0+(@1)
                 	LDS  R31,@0+(@1)+1
                 	LDS  R22,@0+(@1)+2
                 	LDS  R23,@0+(@1)+3
                 	.ENDM
                 
                 	.MACRO __GETBRMN
                 	LDS  R@0,@1+(@2)
                 	.ENDM
                 
                 	.MACRO __GETWRMN
                 	LDS  R@0,@2+(@3)
                 	LDS  R@1,@2+(@3)+1
                 	.ENDM
                 
                 	.MACRO __GETWRZ
                 	LDD  R@0,Z+@2
                 	LDD  R@1,Z+@2+1
                 	.ENDM
                 
                 	.MACRO __GETD2Z
                 	LDD  R26,Z+@0
                 	LDD  R27,Z+@0+1
                 	LDD  R24,Z+@0+2
                 	LDD  R25,Z+@0+3
                 	.ENDM
                 
                 	.MACRO __GETB2MN
                 	LDS  R26,@0+(@1)
                 	.ENDM
                 
                 	.MACRO __GETW2MN
                 	LDS  R26,@0+(@1)
                 	LDS  R27,@0+(@1)+1
                 	.ENDM
                 
                 	.MACRO __GETD2MN
                 	LDS  R26,@0+(@1)
                 	LDS  R27,@0+(@1)+1
                 	LDS  R24,@0+(@1)+2
                 	LDS  R25,@0+(@1)+3
                 	.ENDM
                 
                 	.MACRO __PUTB1MN
                 	STS  @0+(@1),R30
                 	.ENDM
                 
                 	.MACRO __PUTW1MN
                 	STS  @0+(@1),R30
                 	STS  @0+(@1)+1,R31
                 	.ENDM
                 
                 	.MACRO __PUTD1MN
                 	STS  @0+(@1),R30
                 	STS  @0+(@1)+1,R31
                 	STS  @0+(@1)+2,R22
                 	STS  @0+(@1)+3,R23
                 	.ENDM
                 
                 	.MACRO __PUTB1EN
                 	LDI  R26,LOW(@0+(@1))
                 	LDI  R27,HIGH(@0+(@1))
                 	RCALL __EEPROMWRB
                 	.ENDM
                 
                 	.MACRO __PUTW1EN
                 	LDI  R26,LOW(@0+(@1))
                 	LDI  R27,HIGH(@0+(@1))
                 	RCALL __EEPROMWRW
                 	.ENDM
                 
                 	.MACRO __PUTD1EN
                 	LDI  R26,LOW(@0+(@1))
                 	LDI  R27,HIGH(@0+(@1))
                 	RCALL __EEPROMWRD
                 	.ENDM
                 
                 	.MACRO __PUTBR0MN
                 	STS  @0+(@1),R0
                 	.ENDM
                 
                 	.MACRO __PUTBMRN
                 	STS  @0+(@1),R@2
                 	.ENDM
                 
                 	.MACRO __PUTWMRN
                 	STS  @0+(@1),R@2
                 	STS  @0+(@1)+1,R@3
                 	.ENDM
                 
                 	.MACRO __PUTBZR
                 	STD  Z+@1,R@0
                 	.ENDM
                 
                 	.MACRO __PUTWZR
                 	STD  Z+@2,R@0
                 	STD  Z+@2+1,R@1
                 	.ENDM
                 
                 	.MACRO __GETW1R
                 	MOV  R30,R@0
                 	MOV  R31,R@1
                 	.ENDM
                 
                 	.MACRO __GETW2R
                 	MOV  R26,R@0
                 	MOV  R27,R@1
                 	.ENDM
                 
                 	.MACRO __GETWRN
                 	LDI  R@0,LOW(@2)
                 	LDI  R@1,HIGH(@2)
                 	.ENDM
                 
                 	.MACRO __PUTW1R
                 	MOV  R@0,R30
                 	MOV  R@1,R31
                 	.ENDM
                 
                 	.MACRO __PUTW2R
                 	MOV  R@0,R26
                 	MOV  R@1,R27
                 	.ENDM
                 
                 	.MACRO __ADDWRN
                 	SUBI R@0,LOW(-@2)
                 	SBCI R@1,HIGH(-@2)
                 	.ENDM
                 
                 	.MACRO __ADDWRR
                 	ADD  R@0,R@2
                 	ADC  R@1,R@3
                 	.ENDM
                 
                 	.MACRO __SUBWRN
                 	SUBI R@0,LOW(@2)
                 	SBCI R@1,HIGH(@2)
                 	.ENDM
                 
                 	.MACRO __SUBWRR
                 	SUB  R@0,R@2
                 	SBC  R@1,R@3
                 	.ENDM
                 
                 	.MACRO __ANDWRN
                 	ANDI R@0,LOW(@2)
                 	ANDI R@1,HIGH(@2)
                 	.ENDM
                 
                 	.MACRO __ANDWRR
                 	AND  R@0,R@2
                 	AND  R@1,R@3
                 	.ENDM
                 
                 	.MACRO __ORWRN
                 	ORI  R@0,LOW(@2)
                 	ORI  R@1,HIGH(@2)
                 	.ENDM
                 
                 	.MACRO __ORWRR
                 	OR   R@0,R@2
                 	OR   R@1,R@3
                 	.ENDM
                 
                 	.MACRO __EORWRR
                 	EOR  R@0,R@2
                 	EOR  R@1,R@3
                 	.ENDM
                 
                 	.MACRO __GETWRS
                 	LDD  R@0,Y+@2
                 	LDD  R@1,Y+@2+1
                 	.ENDM
                 
                 	.MACRO __PUTBSR
                 	STD  Y+@1,R@0
                 	.ENDM
                 
                 	.MACRO __PUTWSR
                 	STD  Y+@2,R@0
                 	STD  Y+@2+1,R@1
                 	.ENDM
                 
                 	.MACRO __MOVEWRR
                 	MOV  R@0,R@2
                 	MOV  R@1,R@3
                 	.ENDM
                 
                 	.MACRO __INWR
                 	IN   R@0,@2
                 	IN   R@1,@2+1
                 	.ENDM
                 
                 	.MACRO __OUTWR
                 	OUT  @2+1,R@1
                 	OUT  @2,R@0
                 	.ENDM
                 
                 	.MACRO __CALL1MN
                 	LDS  R30,@0+(@1)
                 	LDS  R31,@0+(@1)+1
                 	ICALL
                 	.ENDM
                 
                 	.MACRO __CALL1FN
                 	LDI  R30,LOW(2*@0+(@1))
                 	LDI  R31,HIGH(2*@0+(@1))
                 	RCALL __GETW1PF
                 	ICALL
                 	.ENDM
                 
                 	.MACRO __CALL2EN
                 	LDI  R26,LOW(@0+(@1))
                 	LDI  R27,HIGH(@0+(@1))
                 	RCALL __EEPROMRDW
                 	ICALL
                 	.ENDM
                 
                 	.MACRO __GETW1STACK
                 	IN   R26,SPL
                 	IN   R27,SPH
                 	ADIW R26,@0+1
                 	LD   R30,X+
                 	LD   R31,X
                 	.ENDM
                 
                 	.MACRO __GETD1STACK
                 	IN   R26,SPL
                 	IN   R27,SPH
                 	ADIW R26,@0+1
                 	LD   R30,X+
                 	LD   R31,X+
                 	LD   R22,X
                 	.ENDM
                 
                 	.MACRO __NBST
                 	BST  R@0,@1
                 	IN   R30,SREG
                 	LDI  R31,0x40
                 	EOR  R30,R31
                 	OUT  SREG,R30
                 	.ENDM
                 
                 
                 	.MACRO __PUTB1SN
                 	LDD  R26,Y+@0
                 	LDD  R27,Y+@0+1
                 	SUBI R26,LOW(-@1)
                 	SBCI R27,HIGH(-@1)
                 	ST   X,R30
                 	.ENDM
                 
                 	.MACRO __PUTW1SN
                 	LDD  R26,Y+@0
                 	LDD  R27,Y+@0+1
                 	SUBI R26,LOW(-@1)
                 	SBCI R27,HIGH(-@1)
                 	ST   X+,R30
                 	ST   X,R31
                 	.ENDM
                 
                 	.MACRO __PUTD1SN
                 	LDD  R26,Y+@0
                 	LDD  R27,Y+@0+1
                 	SUBI R26,LOW(-@1)
                 	SBCI R27,HIGH(-@1)
                 	RCALL __PUTDP1
                 	.ENDM
                 
                 	.MACRO __PUTB1SNS
                 	LDD  R26,Y+@0
                 	LDD  R27,Y+@0+1
                 	ADIW R26,@1
                 	ST   X,R30
                 	.ENDM
                 
                 	.MACRO __PUTW1SNS
                 	LDD  R26,Y+@0
                 	LDD  R27,Y+@0+1
                 	ADIW R26,@1
                 	ST   X+,R30
                 	ST   X,R31
                 	.ENDM
                 
                 	.MACRO __PUTD1SNS
                 	LDD  R26,Y+@0
                 	LDD  R27,Y+@0+1
                 	ADIW R26,@1
                 	RCALL __PUTDP1
                 	.ENDM
                 
                 	.MACRO __PUTB1PMN
                 	LDS  R26,@0
                 	LDS  R27,@0+1
                 	SUBI R26,LOW(-@1)
                 	SBCI R27,HIGH(-@1)
                 	ST   X,R30
                 	.ENDM
                 
                 	.MACRO __PUTW1PMN
                 	LDS  R26,@0
                 	LDS  R27,@0+1
                 	SUBI R26,LOW(-@1)
                 	SBCI R27,HIGH(-@1)
                 	ST   X+,R30
                 	ST   X,R31
                 	.ENDM
                 
                 	.MACRO __PUTD1PMN
                 	LDS  R26,@0
                 	LDS  R27,@0+1
                 	SUBI R26,LOW(-@1)
                 	SBCI R27,HIGH(-@1)
                 	RCALL __PUTDP1
                 	.ENDM
                 
                 	.MACRO __PUTB1PMNS
                 	LDS  R26,@0
                 	LDS  R27,@0+1
                 	ADIW R26,@1
                 	ST   X,R30
                 	.ENDM
                 
                 	.MACRO __PUTW1PMNS
                 	LDS  R26,@0
                 	LDS  R27,@0+1
                 	ADIW R26,@1
                 	ST   X+,R30
                 	ST   X,R31
                 	.ENDM
                 
                 	.MACRO __PUTD1PMNS
                 	LDS  R26,@0
                 	LDS  R27,@0+1
                 	ADIW R26,@1
                 	RCALL __PUTDP1
                 	.ENDM
                 
                 	.MACRO __PUTB1RN
                 	MOVW R26,R@0
                 	SUBI R26,LOW(-@1)
                 	SBCI R27,HIGH(-@1)
                 	ST   X,R30
                 	.ENDM
                 
                 	.MACRO __PUTW1RN
                 	MOVW R26,R@0
                 	SUBI R26,LOW(-@1)
                 	SBCI R27,HIGH(-@1)
                 	ST   X+,R30
                 	ST   X,R31
                 	.ENDM
                 
                 	.MACRO __PUTD1RN
                 	MOVW R26,R@0
                 	SUBI R26,LOW(-@1)
                 	SBCI R27,HIGH(-@1)
                 	RCALL __PUTDP1
                 	.ENDM
                 
                 	.MACRO __PUTB1RNS
                 	MOVW R26,R@0
                 	ADIW R26,@1
                 	ST   X,R30
                 	.ENDM
                 
                 	.MACRO __PUTW1RNS
                 	MOVW R26,R@0
                 	ADIW R26,@1
                 	ST   X+,R30
                 	ST   X,R31
                 	.ENDM
                 
                 	.MACRO __PUTD1RNS
                 	MOVW R26,R@0
                 	ADIW R26,@1
                 	RCALL __PUTDP1
                 	.ENDM
                 
                 	.MACRO __PUTB1RON
                 	MOV  R26,R@0
                 	MOV  R27,R@1
                 	SUBI R26,LOW(-@2)
                 	SBCI R27,HIGH(-@2)
                 	ST   X,R30
                 	.ENDM
                 
                 	.MACRO __PUTW1RON
                 	MOV  R26,R@0
                 	MOV  R27,R@1
                 	SUBI R26,LOW(-@2)
                 	SBCI R27,HIGH(-@2)
                 	ST   X+,R30
                 	ST   X,R31
                 	.ENDM
                 
                 	.MACRO __PUTD1RON
                 	MOV  R26,R@0
                 	MOV  R27,R@1
                 	SUBI R26,LOW(-@2)
                 	SBCI R27,HIGH(-@2)
                 	RCALL __PUTDP1
                 	.ENDM
                 
                 	.MACRO __PUTB1RONS
                 	MOV  R26,R@0
                 	MOV  R27,R@1
                 	ADIW R26,@2
                 	ST   X,R30
                 	.ENDM
                 
                 	.MACRO __PUTW1RONS
                 	MOV  R26,R@0
                 	MOV  R27,R@1
                 	ADIW R26,@2
                 	ST   X+,R30
                 	ST   X,R31
                 	.ENDM
                 
                 	.MACRO __PUTD1RONS
                 	MOV  R26,R@0
                 	MOV  R27,R@1
                 	ADIW R26,@2
                 	RCALL __PUTDP1
                 	.ENDM
                 
                 
                 	.MACRO __GETB1SX
                 	MOVW R30,R28
                 	SUBI R30,LOW(-@0)
                 	SBCI R31,HIGH(-@0)
                 	LD   R30,Z
                 	.ENDM
                 
                 	.MACRO __GETB1HSX
                 	MOVW R30,R28
                 	SUBI R30,LOW(-@0)
                 	SBCI R31,HIGH(-@0)
                 	LD   R31,Z
                 	.ENDM
                 
                 	.MACRO __GETW1SX
                 	MOVW R30,R28
                 	SUBI R30,LOW(-@0)
                 	SBCI R31,HIGH(-@0)
                 	LD   R0,Z+
                 	LD   R31,Z
                 	MOV  R30,R0
                 	.ENDM
                 
                 	.MACRO __GETD1SX
                 	MOVW R30,R28
                 	SUBI R30,LOW(-@0)
                 	SBCI R31,HIGH(-@0)
                 	LD   R0,Z+
                 	LD   R1,Z+
                 	LD   R22,Z+
                 	LD   R23,Z
                 	MOVW R30,R0
                 	.ENDM
                 
                 	.MACRO __GETB2SX
                 	MOVW R26,R28
                 	SUBI R26,LOW(-@0)
                 	SBCI R27,HIGH(-@0)
                 	LD   R26,X
                 	.ENDM
                 
                 	.MACRO __GETW2SX
                 	MOVW R26,R28
                 	SUBI R26,LOW(-@0)
                 	SBCI R27,HIGH(-@0)
                 	LD   R0,X+
                 	LD   R27,X
                 	MOV  R26,R0
                 	.ENDM
                 
                 	.MACRO __GETD2SX
                 	MOVW R26,R28
                 	SUBI R26,LOW(-@0)
                 	SBCI R27,HIGH(-@0)
                 	LD   R0,X+
                 	LD   R1,X+
                 	LD   R24,X+
                 	LD   R25,X
                 	MOVW R26,R0
                 	.ENDM
                 
                 	.MACRO __GETBRSX
                 	MOVW R30,R28
                 	SUBI R30,LOW(-@1)
                 	SBCI R31,HIGH(-@1)
                 	LD   R@0,Z
                 	.ENDM
                 
                 	.MACRO __GETWRSX
                 	MOVW R30,R28
                 	SUBI R30,LOW(-@2)
                 	SBCI R31,HIGH(-@2)
                 	LD   R@0,Z+
                 	LD   R@1,Z
                 	.ENDM
                 
                 	.MACRO __GETBRSX2
                 	MOVW R26,R28
                 	SUBI R26,LOW(-@1)
                 	SBCI R27,HIGH(-@1)
                 	LD   R@0,X
                 	.ENDM
                 
                 	.MACRO __GETWRSX2
                 	MOVW R26,R28
                 	SUBI R26,LOW(-@2)
                 	SBCI R27,HIGH(-@2)
                 	LD   R@0,X+
                 	LD   R@1,X
                 	.ENDM
                 
                 	.MACRO __LSLW8SX
                 	MOVW R30,R28
                 	SUBI R30,LOW(-@0)
                 	SBCI R31,HIGH(-@0)
                 	LD   R31,Z
                 	CLR  R30
                 	.ENDM
                 
                 	.MACRO __PUTB1SX
                 	MOVW R26,R28
                 	SUBI R26,LOW(-@0)
                 	SBCI R27,HIGH(-@0)
                 	ST   X,R30
                 	.ENDM
                 
                 	.MACRO __PUTW1SX
                 	MOVW R26,R28
                 	SUBI R26,LOW(-@0)
                 	SBCI R27,HIGH(-@0)
                 	ST   X+,R30
                 	ST   X,R31
                 	.ENDM
                 
                 	.MACRO __PUTD1SX
                 	MOVW R26,R28
                 	SUBI R26,LOW(-@0)
                 	SBCI R27,HIGH(-@0)
                 	ST   X+,R30
                 	ST   X+,R31
                 	ST   X+,R22
                 	ST   X,R23
                 	.ENDM
                 
                 	.MACRO __CLRW1SX
                 	MOVW R26,R28
                 	SUBI R26,LOW(-@0)
                 	SBCI R27,HIGH(-@0)
                 	ST   X+,R30
                 	ST   X,R30
                 	.ENDM
                 
                 	.MACRO __CLRD1SX
                 	MOVW R26,R28
                 	SUBI R26,LOW(-@0)
                 	SBCI R27,HIGH(-@0)
                 	ST   X+,R30
                 	ST   X+,R30
                 	ST   X+,R30
                 	ST   X,R30
                 	.ENDM
                 
                 	.MACRO __PUTB2SX
                 	MOVW R30,R28
                 	SUBI R30,LOW(-@0)
                 	SBCI R31,HIGH(-@0)
                 	ST   Z,R26
                 	.ENDM
                 
                 	.MACRO __PUTW2SX
                 	MOVW R30,R28
                 	SUBI R30,LOW(-@0)
                 	SBCI R31,HIGH(-@0)
                 	ST   Z+,R26
                 	ST   Z,R27
                 	.ENDM
                 
                 	.MACRO __PUTD2SX
                 	MOVW R30,R28
                 	SUBI R30,LOW(-@0)
                 	SBCI R31,HIGH(-@0)
                 	ST   Z+,R26
                 	ST   Z+,R27
                 	ST   Z+,R24
                 	ST   Z,R25
                 	.ENDM
                 
                 	.MACRO __PUTBSRX
                 	MOVW R30,R28
                 	SUBI R30,LOW(-@1)
                 	SBCI R31,HIGH(-@1)
                 	ST   Z,R@0
                 	.ENDM
                 
                 	.MACRO __PUTWSRX
                 	MOVW R30,R28
                 	SUBI R30,LOW(-@2)
                 	SBCI R31,HIGH(-@2)
                 	ST   Z+,R@0
                 	ST   Z,R@1
                 	.ENDM
                 
                 	.MACRO __PUTB1SNX
                 	MOVW R26,R28
                 	SUBI R26,LOW(-@0)
                 	SBCI R27,HIGH(-@0)
                 	LD   R0,X+
                 	LD   R27,X
                 	MOV  R26,R0
                 	SUBI R26,LOW(-@1)
                 	SBCI R27,HIGH(-@1)
                 	ST   X,R30
                 	.ENDM
                 
                 	.MACRO __PUTW1SNX
                 	MOVW R26,R28
                 	SUBI R26,LOW(-@0)
                 	SBCI R27,HIGH(-@0)
                 	LD   R0,X+
                 	LD   R27,X
                 	MOV  R26,R0
                 	SUBI R26,LOW(-@1)
                 	SBCI R27,HIGH(-@1)
                 	ST   X+,R30
                 	ST   X,R31
                 	.ENDM
                 
                 	.MACRO __PUTD1SNX
                 	MOVW R26,R28
                 	SUBI R26,LOW(-@0)
                 	SBCI R27,HIGH(-@0)
                 	LD   R0,X+
                 	LD   R27,X
                 	MOV  R26,R0
                 	SUBI R26,LOW(-@1)
                 	SBCI R27,HIGH(-@1)
                 	ST   X+,R30
                 	ST   X+,R31
                 	ST   X+,R22
                 	ST   X,R23
                 	.ENDM
                 
                 	.MACRO __MULBRR
                 	MULS R@0,R@1
                 	MOVW R30,R0
                 	.ENDM
                 
                 	.MACRO __MULBRRU
                 	MUL  R@0,R@1
                 	MOVW R30,R0
                 	.ENDM
                 
                 	.MACRO __MULBRR0
                 	MULS R@0,R@1
                 	.ENDM
                 
                 	.MACRO __MULBRRU0
                 	MUL  R@0,R@1
                 	.ENDM
                 
                 	.MACRO __MULBNWRU
                 	LDI  R26,@2
                 	MUL  R26,R@0
                 	MOVW R30,R0
                 	MUL  R26,R@1
                 	ADD  R31,R0
                 	.ENDM
                 
                 ;NAME DEFINITIONS FOR GLOBAL VARIABLES ALLOCATED TO REGISTERS
                 	.DEF _i=R5
                 	.DEF _z=R4
                 
                 	.CSEG
                 	.ORG 0x00
                 
                 ;START OF CODE MARKER
                 __START_OF_CODE:
                 
                 ;INTERRUPT VECTORS
000000 c04c      	RJMP __RESET
000001 cffe      	RJMP 0x00
000002 c0f4      	RJMP _ext_int1_isr
000003 cffc      	RJMP 0x00
000004 cffb      	RJMP 0x00
000005 cffa      	RJMP 0x00
000006 cff9      	RJMP 0x00
000007 cff8      	RJMP 0x00
000008 cff7      	RJMP 0x00
000009 cff6      	RJMP 0x00
00000a cff5      	RJMP 0x00
00000b cff4      	RJMP 0x00
00000c cff3      	RJMP 0x00
00000d cff2      	RJMP 0x00
00000e cff1      	RJMP 0x00
00000f cff0      	RJMP 0x00
000010 cfef      	RJMP 0x00
000011 cfee      	RJMP 0x00
000012 cfed      	RJMP 0x00
                 
                 _init:
000013 0b08
000014 0c00
000015 0d58
000016 0ee9      	.DB  0x8,0xB,0x0,0xC,0x58,0xD,0xE9,0xE
000017 0f00
000018 1084
000019 11f1
00001a 1204      	.DB  0x0,0xF,0x84,0x10,0xF1,0x11,0x4,0x12
00001b 1302
00001c 14e5
00001d 0a00
00001e 1504      	.DB  0x2,0x13,0xE5,0x14,0x0,0xA,0x4,0x15
00001f 2156
000020 2210
000021 1607
000022 1730      	.DB  0x56,0x21,0x10,0x22,0x7,0x16,0x30,0x17
000023 1818
000024 1916
000025 1a6c
000026 1bfb      	.DB  0x18,0x18,0x16,0x19,0x6C,0x1A,0xFB,0x1B
000027 1c40
000028 1d91
000029 23a9
00002a 240a      	.DB  0x40,0x1C,0x91,0x1D,0xA9,0x23,0xA,0x24
00002b 2500
00002c 2611
00002d 2959
00002e 2c88      	.DB  0x0,0x25,0x11,0x26,0x59,0x29,0x88,0x2C
00002f 2d31
000030 2e0b
000031 000e
000032 020e      	.DB  0x31,0x2D,0xB,0x2E,0xE,0x0,0xE,0x2
000033 0740
000034 0805
000035 0900
000036 06ff      	.DB  0x40,0x7,0x5,0x8,0x0,0x9,0xFF,0x6
000037 0307
000038 04cf
000039 05fc      	.DB  0x7,0x3,0xCF,0x4,0xFC,0x5
                 _tbl10_G103:
00003a 2710
00003b 03e8
00003c 0064
00003d 000a      	.DB  0x10,0x27,0xE8,0x3,0x64,0x0,0xA,0x0
00003e 0001      	.DB  0x1,0x0
                 _tbl16_G103:
00003f 1000
000040 0100
000041 0010
000042 0001      	.DB  0x0,0x10,0x0,0x1,0x10,0x0,0x1,0x0
                 
                 _0x2040060:
C:\cvavreval\AVR\SD-WC\List\DS1-1+.asm(1105): warning: .cseg .db misalignment - padding zero byte
000043 0001      	.DB  0x1
                 _0x2040000:
000044 4e2d
000045 4e41
000046 4900
000047 464e      	.DB  0x2D,0x4E,0x41,0x4E,0x0,0x49,0x4E,0x46
C:\cvavreval\AVR\SD-WC\List\DS1-1+.asm(1108): warning: .cseg .db misalignment - padding zero byte
000048 0000      	.DB  0x0
                 
                 __GLOBAL_INI_TBL:
000049 0001      	.DW  0x01
00004a 0160      	.DW  __seed_G102
00004b 0086      	.DW  _0x2040060*2
                 
                 _0xFFFFFFFF:
00004c 0000      	.DW  0
                 
                 __RESET:
00004d 94f8      	CLI
00004e 27ee      	CLR  R30
00004f bbec      	OUT  EECR,R30
                 
                 ;INTERRUPT VECTORS ARE PLACED
                 ;AT THE START OF FLASH
000050 e0f1      	LDI  R31,1
000051 bffb      	OUT  GICR,R31
000052 bfeb      	OUT  GICR,R30
000053 bfe5      	OUT  MCUCR,R30
                 
                 ;DISABLE WATCHDOG
000054 e1f8      	LDI  R31,0x18
000055 bdf1      	OUT  WDTCR,R31
000056 bde1      	OUT  WDTCR,R30
                 
                 ;CLEAR R2-R14
000057 e08d      	LDI  R24,(14-2)+1
000058 e0a2      	LDI  R26,2
000059 27bb      	CLR  R27
                 __CLEAR_REG:
00005a 93ed      	ST   X+,R30
00005b 958a      	DEC  R24
00005c f7e9      	BRNE __CLEAR_REG
                 
                 ;CLEAR SRAM
00005d e080      	LDI  R24,LOW(__CLEAR_SRAM_SIZE)
00005e e094      	LDI  R25,HIGH(__CLEAR_SRAM_SIZE)
00005f e6a0      	LDI  R26,__SRAM_START
                 __CLEAR_SRAM:
000060 93ed      	ST   X+,R30
000061 9701      	SBIW R24,1
000062 f7e9      	BRNE __CLEAR_SRAM
                 
                 ;GLOBAL VARIABLES INITIALIZATION
000063 e9e2      	LDI  R30,LOW(__GLOBAL_INI_TBL*2)
000064 e0f0      	LDI  R31,HIGH(__GLOBAL_INI_TBL*2)
                 __GLOBAL_INI_NEXT:
000065 9185      	LPM  R24,Z+
000066 9195      	LPM  R25,Z+
000067 9700      	SBIW R24,0
000068 f061      	BREQ __GLOBAL_INI_END
000069 91a5      	LPM  R26,Z+
00006a 91b5      	LPM  R27,Z+
00006b 9005      	LPM  R0,Z+
00006c 9015      	LPM  R1,Z+
00006d 01bf      	MOVW R22,R30
00006e 01f0      	MOVW R30,R0
                 __GLOBAL_INI_LOOP:
00006f 9005      	LPM  R0,Z+
000070 920d      	ST   X+,R0
000071 9701      	SBIW R24,1
000072 f7e1      	BRNE __GLOBAL_INI_LOOP
000073 01fb      	MOVW R30,R22
000074 cff0      	RJMP __GLOBAL_INI_NEXT
                 __GLOBAL_INI_END:
                 
                 ;HARDWARE STACK POINTER INITIALIZATION
000075 e5ef      	LDI  R30,LOW(__SRAM_END-__HEAP_SIZE)
000076 bfed      	OUT  SPL,R30
000077 e0e4      	LDI  R30,HIGH(__SRAM_END-__HEAP_SIZE)
000078 bfee      	OUT  SPH,R30
                 
                 ;DATA STACK POINTER INITIALIZATION
000079 e6c0      	LDI  R28,LOW(__SRAM_START+__DSTACK_SIZE)
00007a e0d1      	LDI  R29,HIGH(__SRAM_START+__DSTACK_SIZE)
                 
00007b c0c8      	RJMP _main
                 
                 	.ESEG
                 	.ORG 0
                 
                 	.DSEG
                 	.ORG 0x160
                 
                 	.CSEG
                 ;/*****************************************************
                 ;This program was produced by the
                 ;CodeWizardAVR V2.05.0 Professional
                 ;Automatic Program Generator
                 ;© Copyright 1998-2010 Pavel Haiduc, HP InfoTech s.r.l.
                 ;http://www.hpinfotech.com
                 ;
                 ;Project :
                 ;Version :
                 ;Date    : 03.04.2012
                 ;Author  :
                 ;Company :
                 ;Comments:
                 ;
                 ;
                 ;Chip type               : ATmega8L
                 ;Program type            : Application
                 ;AVR Core Clock frequency: 3,686400 MHz
                 ;Memory model            : Small
                 ;External RAM size       : 0
                 ;Data Stack size         : 256
                 ;*****************************************************/
                 ;
                 ;#include <mega8.h>
                 	#ifndef __SLEEP_DEFINED__
                 	#define __SLEEP_DEFINED__
                 	.EQU __se_bit=0x80
                 	.EQU __sm_mask=0x70
                 	.EQU __sm_powerdown=0x20
                 	.EQU __sm_powersave=0x30
                 	.EQU __sm_standby=0x60
                 	.EQU __sm_ext_standby=0x70
                 	.EQU __sm_adc_noise_red=0x10
                 	.SET power_ctrl_reg=mcucr
                 	#endif
                 ;#include <spi.h>
                 ;#include <delay.h>
                 ;#include <string.h>
                 ;#include <stdlib.h>
                 ;#include <stdio.h>
                 ;//++++++++++++ Определение строб-комманд трансивера+++++++++++++++++++++++++++++++++++++++++++++++++++++
                 ;#define SRES 0x30 //Сброс трансивера
                 ;#define SIDLE 0x36 //Переход в режим IDLE
                 ;#define SCAL 0x33   // Калибровка частотного синтезатора
                 ;#define SRX 0x34   // Переход в режим RX
                 ;#define STX 0x35   // Переход в режим TX
                 ;#define SFRX 0x3A  // Очистка RX FIFO
                 ;#define SFTX 0x3B  // Очистка TX FIFO
                 ;#define SNOP 0x3D  // Пустая строб-команда
                 ;//+++++++++++++++++++++++++++++++++++++++++++++++++++++++++++++++++++++++++++++++++++++++++++
                 ; // Массив инициализации регистров (старший байт - адрес, младший - значение)
                 ;flash unsigned int init[39]={0x0B08,     //0 FSCTRL1  Параметры синтезатора частоты
                 ;                             0x0C00,     //1 FSCTRL0
                 ;                             0x0D58,     //2 FREQ2 Определение базовой несущей частоты
                 ;                             0x0EE9,     //3 FREQ1
                 ;                             0x0F00,     //4 FREQ0
                 ;                             0x1084,     //5 MDMCFG4 ПАРАМЕТРЫ МОДЕМА ширина полосы пропускания
                 ;                             0x11F1,     //6 MDMCFG3 скорость передачи
                 ;                             0x1204,     //7 MDMCFG2 вид модуляции параметры слова синхронизации
                 ;                             0x1302,     //8 MDMCFG1 длинна приамбулы включение FEC
                 ;                             0x14E5,     //9 MDMCFG0 величина разноса каналлов
                 ;                             0x0A00,     //10 CHANNR номер канала
                 ;                             0x1504,     //11 DEVIATN девиация
                 ;                             0x2156,     //12 FREND1
                 ;                             0x2210,     //13 FREND0
                 ;                             0x1607,     //14 MCSM2   ПАРАМЕТРЫ КОНТРОЛЯ РАДИО
                 ;                             0x1730,     //15 MCSM1
                 ;                             0x1818,     //16 MCSM0
                 ;                             0x1916,     //17 FOCCFG компенсация сдвига частоты
                 ;                             0x1A6C,     //18 BSCFG кофигурация побитовой синхронизации
                 ;                             0x1BFB,     //19 AGCCTRL2 Параметры МШУ и порог чувствительности при приеме
                 ;                             0x1C40,     //20 AGCCTRL1
                 ;                             0x1D91,     //21 AGCCTRL0
                 ;                             0x23A9,     //22 FSCAL3  Параметры калибровки синтезатора
                 ;                             0x240A,     //23 FSCAL2
                 ;                             0x2500,     //24 FSCAL1
                 ;                             0x2611,     //25 FSCAL0
                 ;                             0x2959,     //26 FSTEST
                 ;                             0x2C88,     //27 TEST2
                 ;                             0x2D31,     //28 TEST1
                 ;                             0x2E0B,     //29 TEST0
                 ;                             0x000E,     //30 IOCFG2 Конфигурация GDO2 - 1при приеме синхрослова 0 пакет принят
                 ;                             0x020E,     //31 IOCFG0 Конфигурация GDO0 - обнаружение несущей
                 ;                             0x0740,     //32 PKTCTRL1 Конфигурация пакета
                 ;                             0x0805,     //33 PKTCTRL0
                 ;                             0x0900,     //34 ADDR Адрес устройства
                 ;                             0x06FF,     //35 PKTLEN Длинна пакета
                 ;                             0x0307,      //36 FIFOTHR граница переполнения FIFO
                 ;                             0x04CF,      //37
                 ;                             0x05FC,       //38
                 ;                             } ;
                 ;//+++++++++++++++++++++++++++++++++++++++++++++++++++++++++++++++++++++++++++++++++++++++++++
                 ;union U      // Определение объединения
                 ;		{
                 ;			unsigned int buf;
                 ;			unsigned char b[2];
                 ;		};
                 ;
                 ;union U data;
                 ;// Определение глобальных переменных
                 ;eeprom unsigned char STATUS[128];
                 ;unsigned char i; //Основной счетчик
                 ; unsigned char z;
                 ;//********************************************************************************************
                 ;void LightDiode(unsigned char n) // Функция управления светодиодом
                 ; 0000 005F {
                 
                 	.CSEG
                 _LightDiode:
                 ; 0000 0060  switch (n)
                 ;	n -> Y+0
00007c 81e8      	LD   R30,Y
00007d d12c      	RCALL SUBOPT_0x0
                 ; 0000 0061  {
                 ; 0000 0062  case 0:
00007e 9730      	SBIW R30,0
00007f f419      	BRNE _0x6
                 ; 0000 0063 			{
                 ; 0000 0064 			PORTC.4=0;
000080 98ac      	CBI  0x15,4
                 ; 0000 0065             PORTC.5=0;
000081 98ad      	CBI  0x15,5
                 ; 0000 0066 				break;
000082 c013      	RJMP _0x5
                 ; 0000 0067 			}
                 ; 0000 0068  case 1:
                 _0x6:
000083 30e1      	CPI  R30,LOW(0x1)
000084 e0a0      	LDI  R26,HIGH(0x1)
000085 07fa      	CPC  R31,R26
000086 f419      	BRNE _0xB
                 ; 0000 0069 			{
                 ; 0000 006A 			PORTC.4=1;
000087 9aac      	SBI  0x15,4
                 ; 0000 006B             PORTC.5=0;
000088 98ad      	CBI  0x15,5
                 ; 0000 006C 				break;
000089 c00c      	RJMP _0x5
                 ; 0000 006D 			}
                 ; 0000 006E  case 2:
                 _0xB:
00008a 30e2      	CPI  R30,LOW(0x2)
00008b e0a0      	LDI  R26,HIGH(0x2)
00008c 07fa      	CPC  R31,R26
00008d f411      	BRNE _0x10
                 ; 0000 006F 			{
                 ; 0000 0070 			PORTC.4=0;
00008e 98ac      	CBI  0x15,4
                 ; 0000 0071             PORTC.5=1;
00008f c005      	RJMP _0x6B
                 ; 0000 0072 				break;
                 ; 0000 0073  case 3:
                 _0x10:
000090 30e3      	CPI  R30,LOW(0x3)
000091 e0a0      	LDI  R26,HIGH(0x3)
000092 07fa      	CPC  R31,R26
000093 f411      	BRNE _0x5
                 ; 0000 0074 			{
                 ; 0000 0075 			PORTC.4=1;
000094 9aac      	SBI  0x15,4
                 ; 0000 0076             PORTC.5=1;
                 _0x6B:
000095 9aad      	SBI  0x15,5
                 ; 0000 0077 				break;
                 ; 0000 0078 			} 			}
                 ; 0000 0079  }
                 _0x5:
                 ; 0000 007A 
                 ; 0000 007B }
000096 c005      	RJMP _0x20C0002
                 ;//****************************************************************************************************
                 ;//*******************ФУНКЦИИ ДЛЯ РАБОТЫ С ТРАНСИВЕРОМ*****************************************
                 ;//============================================================================================
                 ;//*********************************************************************************************
                 ;unsigned char SPI_SEND(unsigned char data)  // Передать/принять байт  по SPI
                 ; 0000 0081 {
                 _SPI_SEND:
                 ; 0000 0082 SPDR = data;
                 ;	data -> Y+0
000097 81e8      	LD   R30,Y
000098 b9ef      	OUT  0xF,R30
                 ; 0000 0083 		while (!(SPSR & (1<<SPIF)));
                 _0x1A:
000099 9b77      	SBIS 0xE,7
00009a cffe      	RJMP _0x1A
                 ; 0000 0084 		return SPDR;
00009b b1ef      	IN   R30,0xF
                 _0x20C0002:
00009c 9621      	ADIW R28,1
00009d 9508      	RET
                 ; 0000 0085 }
                 ;
                 ;//*******************************************************************************************
                 ;void RESET_TR(void) //Сброс трансивера по включению питания
                 ; 0000 0089 {
                 _RESET_TR:
                 ; 0000 008A SPCR=0x00; //Отключение SPI
00009e e0e0      	LDI  R30,LOW(0)
00009f b9ed      	OUT  0xD,R30
                 ; 0000 008B PORTB.5=1; //Устанавливаем 1 на SCK
0000a0 9ac5      	SBI  0x18,5
                 ; 0000 008C PORTB.3=0;  // Устанавливаем 0 на MOSI
0000a1 98c3      	CBI  0x18,3
                 ; 0000 008D PORTB.2=0; // SPI_SS ON
0000a2 98c2      	CBI  0x18,2
                 ; 0000 008E delay_us(1);
                +
0000a3 e081     +LDI R24 , LOW ( 1 )
                +__DELAY_USB_LOOP :
0000a4 958a     +DEC R24
0000a5 f7f1     +BRNE __DELAY_USB_LOOP
                 	__DELAY_USB 1
                 ; 0000 008F PORTB.2=1; // SPI_SS OFF
0000a6 9ac2      	SBI  0x18,2
                 ; 0000 0090 delay_us(40);
                +
0000a7 e381     +LDI R24 , LOW ( 49 )
                +__DELAY_USB_LOOP :
0000a8 958a     +DEC R24
0000a9 f7f1     +BRNE __DELAY_USB_LOOP
                 	__DELAY_USB 49
                 ; 0000 0091 SPCR=0x50; //Включение SPI
0000aa e5e0      	LDI  R30,LOW(80)
0000ab b9ed      	OUT  0xD,R30
                 ; 0000 0092 PORTB.2=0; // SPI_SS ON
0000ac 98c2      	CBI  0x18,2
                 ; 0000 0093 while(PORTB.4==1); //Ждем 0 на MISO
                 _0x27:
0000ad 99c4      	SBIC 0x18,4
0000ae cffe      	RJMP _0x27
                 ; 0000 0094 SPI_SEND(SRES);
0000af e3e0      	LDI  R30,LOW(48)
0000b0 d0fb      	RCALL SUBOPT_0x1
                 ; 0000 0095 PORTB.2=1; // SPI_SS OFF
0000b1 c043      	RJMP _0x20C0001
                 ; 0000 0096 }
                 ;
                 ;//*******************************************************************************************
                 ;void WRITE_REG( unsigned int reg) // Функция записи регистра
                 ; 0000 009A {
                 _WRITE_REG:
                 ; 0000 009B  union U dat;
                 ; 0000 009C  dat.buf=reg;
0000b2 9722      	SBIW R28,2
                 ;	reg -> Y+2
                 ;	dat -> Y+0
0000b3 81ea      	LDD  R30,Y+2
0000b4 81fb      	LDD  R31,Y+2+1
0000b5 83e8      	ST   Y,R30
0000b6 83f9      	STD  Y+1,R31
                 ; 0000 009D  SPI_SEND(dat.b[1]);  //Адрес регистра
0000b7 81e9      	LDD  R30,Y+1
0000b8 d0f3      	RCALL SUBOPT_0x1
                 ; 0000 009E  SPI_SEND(dat.b[0]);  //Значение регистра
0000b9 81e8      	LD   R30,Y
0000ba d0f1      	RCALL SUBOPT_0x1
                 ; 0000 009F }
0000bb 9624      	ADIW R28,4
0000bc 9508      	RET
                 ;//********************************************************************************************
                 ;unsigned char READ_REG(unsigned char adr)  // Функция чтения регистра
                 ; 0000 00A2 {  unsigned char reg;
                 _READ_REG:
                 ; 0000 00A3    SPI_SEND(adr | 0x80);   // Старший бит определяет операцию
0000bd 931a      	ST   -Y,R17
                 ;	adr -> Y+1
                 ;	reg -> R17
0000be 81e9      	LDD  R30,Y+1
0000bf 68e0      	ORI  R30,0x80
0000c0 d0eb      	RCALL SUBOPT_0x1
                 ; 0000 00A4    reg= SPI_SEND(0xFF);
0000c1 efef      	LDI  R30,LOW(255)
0000c2 d0e9      	RCALL SUBOPT_0x1
0000c3 2f1e      	MOV  R17,R30
                 ; 0000 00A5    return reg;
0000c4 2fe1      	MOV  R30,R17
0000c5 8118      	LDD  R17,Y+0
0000c6 9622      	ADIW R28,2
0000c7 9508      	RET
                 ; 0000 00A6 }
                 ;//**********************************************************************************************
                 ; void INIT_TR(void) //Функция инициализации трансивера
                 ; 0000 00A9  { union U dt;
                 _INIT_TR:
                 ; 0000 00AA    unsigned char err;
                 ; 0000 00AB   PORTB.2=0; // SPI_SS ON
0000c8 9722      	SBIW R28,2
0000c9 931a      	ST   -Y,R17
                 ;	dt -> Y+1
                 ;	err -> R17
0000ca 98c2      	CBI  0x18,2
                 ; 0000 00AC   while(PORTB.4==1); //Ждем 0 на MISO
                 _0x2E:
0000cb 99c4      	SBIC 0x18,4
0000cc cffe      	RJMP _0x2E
                 ; 0000 00AD   do{
                 _0x32:
                 ; 0000 00AE   for (i=0;i<39;i++)
0000cd 2455      	CLR  R5
                 _0x35:
0000ce e2e7      	LDI  R30,LOW(39)
0000cf 165e      	CP   R5,R30
0000d0 f430      	BRSH _0x36
                 ; 0000 00AF    {
                 ; 0000 00B0     WRITE_REG(init[i]);
0000d1 d0dc      	RCALL SUBOPT_0x2
0000d2 93fa      	ST   -Y,R31
0000d3 93ea      	ST   -Y,R30
0000d4 dfdd      	RCALL _WRITE_REG
                 ; 0000 00B1     };
0000d5 9453      	INC  R5
0000d6 cff7      	RJMP _0x35
                 _0x36:
                 ; 0000 00B2     err=0;
0000d7 e010      	LDI  R17,LOW(0)
                 ; 0000 00B3 
                 ; 0000 00B4     for (i=0;i<39;i++)
0000d8 2455      	CLR  R5
                 _0x38:
0000d9 e2e7      	LDI  R30,LOW(39)
0000da 165e      	CP   R5,R30
0000db f460      	BRSH _0x39
                 ; 0000 00B5      {
                 ; 0000 00B6      dt.buf=init[i];
0000dc d0d1      	RCALL SUBOPT_0x2
0000dd 83e9      	STD  Y+1,R30
0000de 83fa      	STD  Y+1+1,R31
                 ; 0000 00B7      if(dt.b[0]!=READ_REG(dt.b[1])){ err=1; }
0000df 81ea      	LDD  R30,Y+2
0000e0 93ea      	ST   -Y,R30
0000e1 dfdb      	RCALL _READ_REG
0000e2 81a9      	LDD  R26,Y+1
0000e3 17ea      	CP   R30,R26
0000e4 f009      	BREQ _0x3A
0000e5 e011      	LDI  R17,LOW(1)
                 ; 0000 00B8      }
                 _0x3A:
0000e6 9453      	INC  R5
0000e7 cff1      	RJMP _0x38
                 _0x39:
                 ; 0000 00B9 
                 ; 0000 00BA     }while(err==1);
0000e8 3011      	CPI  R17,1
0000e9 f319      	BREQ _0x32
                 ; 0000 00BB 
                 ; 0000 00BC    PORTB.2=1; // SPI_SS OFF
0000ea 9ac2      	SBI  0x18,2
                 ; 0000 00BD  }
0000eb 8118      	LDD  R17,Y+0
0000ec 9623      	ADIW R28,3
0000ed 9508      	RET
                 ;//********************************************************************************************
                 ;void WRITE_PATABLE(void)    //Запись таблицы мощности
                 ; 0000 00C0 {
                 _WRITE_PATABLE:
                 ; 0000 00C1 PORTB.2=0; // SPI_SS ON
0000ee 98c2      	CBI  0x18,2
                 ; 0000 00C2 while(PORTB.4==1); //Ждем 0 на MISO
                 _0x3F:
0000ef 99c4      	SBIC 0x18,4
0000f0 cffe      	RJMP _0x3F
                 ; 0000 00C3 WRITE_REG(0x3EFF);         //Запись значения выходной мощности передатчика +1dbm
0000f1 efef      	LDI  R30,LOW(16127)
0000f2 e3fe      	LDI  R31,HIGH(16127)
0000f3 d0c4      	RCALL SUBOPT_0x3
0000f4 dfbd      	RCALL _WRITE_REG
                 ; 0000 00C4 //SPI_SEND(0x7E);
                 ; 0000 00C5 //SPI_SEND(0x00);
                 ; 0000 00C6 //SPI_SEND(0xFF);
                 ; 0000 00C7 PORTB.2=1; // SPI_SS OFF
                 _0x20C0001:
0000f5 9ac2      	SBI  0x18,2
                 ; 0000 00C8 }
0000f6 9508      	RET
                 ;//*********************************************************************************************
                 ;//++++++++++++++++++++++++++++++++ПРЕРЫВАНИЯ++++++++++++++++++++++++++++++++++++++++++++++++++
                 ;//***********************************************************************************************
                 ;// External Interrupt 1 service routine
                 ;interrupt [EXT_INT1] void ext_int1_isr(void) //Прерывание по приему пакета
                 ; 0000 00CE {  LightDiode(2);
                 _ext_int1_isr:
0000f7 920a      	ST   -Y,R0
0000f8 921a      	ST   -Y,R1
0000f9 92fa      	ST   -Y,R15
0000fa 936a      	ST   -Y,R22
0000fb 937a      	ST   -Y,R23
0000fc 938a      	ST   -Y,R24
0000fd 939a      	ST   -Y,R25
0000fe 93aa      	ST   -Y,R26
0000ff 93ba      	ST   -Y,R27
000100 93ea      	ST   -Y,R30
000101 93fa      	ST   -Y,R31
000102 b7ef      	IN   R30,SREG
000103 93ea      	ST   -Y,R30
000104 e0e2      	LDI  R30,LOW(2)
000105 d0b5      	RCALL SUBOPT_0x4
                 ; 0000 00CF  //while(PORTD.3==1);
                 ; 0000 00D0   //while(1);
                 ; 0000 00D1  delay_ms(200);
000106 ece8      	LDI  R30,LOW(200)
000107 e0f0      	LDI  R31,HIGH(200)
000108 d0b4      	RCALL SUBOPT_0x5
                 ; 0000 00D2  SPI_SEND(SIDLE);
000109 e3e6      	LDI  R30,LOW(54)
00010a d0a1      	RCALL SUBOPT_0x1
                 ; 0000 00D3   SPI_SEND(0xFB);
00010b efeb      	LDI  R30,LOW(251)
00010c d09f      	RCALL SUBOPT_0x1
                 ; 0000 00D4  z=SPI_SEND(0xFF);
00010d efef      	LDI  R30,LOW(255)
00010e d09d      	RCALL SUBOPT_0x1
00010f 2e4e      	MOV  R4,R30
                 ; 0000 00D5   STATUS[0]=z;
000110 2de4      	MOV  R30,R4
000111 e0a0      	LDI  R26,LOW(_STATUS)
000112 e0b0      	LDI  R27,HIGH(_STATUS)
000113 d0bb      	RCALL __EEPROMWRB
                 ; 0000 00D6   PORTB.2=1; // SPI_SS OFF
000114 9ac2      	SBI  0x18,2
                 ; 0000 00D7 
                 ; 0000 00D8  PORTB.2=0; // SPI_SS ON
000115 98c2      	CBI  0x18,2
                 ; 0000 00D9    while(PORTB.4==1); //Ждем 0 на MISO
                 _0x48:
000116 99c4      	SBIC 0x18,4
000117 cffe      	RJMP _0x48
                 ; 0000 00DA    SPI_SEND(0xFF);
000118 efef      	LDI  R30,LOW(255)
000119 d092      	RCALL SUBOPT_0x1
                 ; 0000 00DB    for(i=1;i<z;i++)
00011a e0e1      	LDI  R30,LOW(1)
00011b 2e5e      	MOV  R5,R30
                 _0x4C:
00011c 1454      	CP   R5,R4
00011d f468      	BRSH _0x4D
                 ; 0000 00DC    {   STATUS[i]=SPI_SEND(0x00);
00011e 2de5      	MOV  R30,R5
00011f d08a      	RCALL SUBOPT_0x0
000120 50e0      	SUBI R30,LOW(-_STATUS)
000121 40f0      	SBCI R31,HIGH(-_STATUS)
000122 93ff      	PUSH R31
000123 93ef      	PUSH R30
000124 e0e0      	LDI  R30,LOW(0)
000125 d086      	RCALL SUBOPT_0x1
000126 91af      	POP  R26
000127 91bf      	POP  R27
000128 d0a6      	RCALL __EEPROMWRB
                 ; 0000 00DD     //if( SPI_SEND(0xFF)==0xD3)  { LightDiode(0); while(1);}
                 ; 0000 00DE 
                 ; 0000 00DF     //if (SPI_SEND(0xFF)==0x91){LightDiode(1); while(1);}   }          ;
                 ; 0000 00E0    }
000129 9453      	INC  R5
00012a cff1      	RJMP _0x4C
                 _0x4D:
                 ; 0000 00E1    PORTB.2=1; // SPI_SS OFF
00012b 9ac2      	SBI  0x18,2
                 ; 0000 00E2 
                 ; 0000 00E3   PORTB.2=0; // SPI_SS ON
00012c 98c2      	CBI  0x18,2
                 ; 0000 00E4    while(PORTB.4==1); //Ждем 0 на MISO
                 _0x52:
00012d 99c4      	SBIC 0x18,4
00012e cffe      	RJMP _0x52
                 ; 0000 00E5     SPI_SEND(SFRX);
00012f e3ea      	LDI  R30,LOW(58)
000130 d07b      	RCALL SUBOPT_0x1
                 ; 0000 00E6     SPI_SEND(SRX);
000131 e3e4      	LDI  R30,LOW(52)
000132 d079      	RCALL SUBOPT_0x1
                 ; 0000 00E7     PORTB.2=1; // SPI_SS OFF
000133 9ac2      	SBI  0x18,2
                 ; 0000 00E8 
                 ; 0000 00E9  //while(1);
                 ; 0000 00EA  LightDiode(1);
000134 e0e1      	LDI  R30,LOW(1)
000135 d085      	RCALL SUBOPT_0x4
                 ; 0000 00EB 
                 ; 0000 00EC           /*
                 ; 0000 00ED // if(PORTD.3==0)    LightDiode(0);
                 ; 0000 00EE   PORTB.2=0; // SPI_SS ON
                 ; 0000 00EF    while(PORTB.4==1); //Ждем 0 на MISO
                 ; 0000 00F0  STATUS[0]=SPI_SEND(SNOP);
                 ; 0000 00F1   while(PORTD.3==1);
                 ; 0000 00F2   STATUS[1]=SPI_SEND(SNOP);
                 ; 0000 00F3 
                 ; 0000 00F4 
                 ; 0000 00F5     delay_ms(100);
                 ; 0000 00F6     STATUS[2]=SPI_SEND(SNOP);
                 ; 0000 00F7      SPI_SEND(SIDLE);
                 ; 0000 00F8      SPI_SEND(SFRX);
                 ; 0000 00F9      SPI_SEND(SRX);
                 ; 0000 00FA       PORTB.2=1; // SPI_SS OFF
                 ; 0000 00FB                */
                 ; 0000 00FC 
                 ; 0000 00FD 
                 ; 0000 00FE }
000136 91e9      	LD   R30,Y+
000137 bfef      	OUT  SREG,R30
000138 91f9      	LD   R31,Y+
000139 91e9      	LD   R30,Y+
00013a 91b9      	LD   R27,Y+
00013b 91a9      	LD   R26,Y+
00013c 9199      	LD   R25,Y+
00013d 9189      	LD   R24,Y+
00013e 9179      	LD   R23,Y+
00013f 9169      	LD   R22,Y+
000140 90f9      	LD   R15,Y+
000141 9019      	LD   R1,Y+
000142 9009      	LD   R0,Y+
000143 9518      	RETI
                 ;//*********************************************************************************************
                 ;//============================================================================================
                 ;//+++++++++++++ ОСНОВНАЯ ФУНКЦИЯ ПРОГРАММЫ ++++++++++++++++++++++++++++++++++++++++++++++++++
                 ;//============================================================================================
                 ;void main(void)
                 ; 0000 0104 {
                 _main:
                 ; 0000 0105 // Declare your local variables here
                 ; 0000 0106 
                 ; 0000 0107 // Input/Output Ports initialization
                 ; 0000 0108 // Port B initialization
                 ; 0000 0109 // Func7=In Func6=In Func5=Out Func4=In Func3=Out Func2=Out Func1=In Func0=In
                 ; 0000 010A // State7=T State6=T State5=0 State4=T State3=1 State2=1 State1=T State0=T
                 ; 0000 010B PORTB=0x0D;
000144 e0ed      	LDI  R30,LOW(13)
000145 bbe8      	OUT  0x18,R30
                 ; 0000 010C DDRB=0x2C;
000146 e2ec      	LDI  R30,LOW(44)
000147 bbe7      	OUT  0x17,R30
                 ; 0000 010D 
                 ; 0000 010E // Port C initialization
                 ; 0000 010F // Func6=In Func5=Out Func4=Out Func3=In Func2=In Func1=In Func0=In
                 ; 0000 0110 // State6=T State5=0 State4=0 State3=T State2=T State1=T State0=T
                 ; 0000 0111 PORTC=0x00;
000148 e0e0      	LDI  R30,LOW(0)
000149 bbe5      	OUT  0x15,R30
                 ; 0000 0112 DDRC=0x30;
00014a e3e0      	LDI  R30,LOW(48)
00014b bbe4      	OUT  0x14,R30
                 ; 0000 0113 
                 ; 0000 0114 // Port D initialization
                 ; 0000 0115 // Func7=In Func6=In Func5=In Func4=In Func3=In Func2=In Func1=In Func0=In
                 ; 0000 0116 // State7=T State6=T State5=T State4=T State3=T State2=T State1=T State0=T
                 ; 0000 0117 PORTD=0x08;
00014c e0e8      	LDI  R30,LOW(8)
00014d bbe2      	OUT  0x12,R30
                 ; 0000 0118 DDRD=0x00;
00014e e0e0      	LDI  R30,LOW(0)
00014f bbe1      	OUT  0x11,R30
                 ; 0000 0119 
                 ; 0000 011A // Timer/Counter 0 initialization
                 ; 0000 011B // Clock source: System Clock
                 ; 0000 011C // Clock value: Timer 0 Stopped
                 ; 0000 011D TCCR0=0x00;
000150 bfe3      	OUT  0x33,R30
                 ; 0000 011E TCNT0=0x00;
000151 bfe2      	OUT  0x32,R30
                 ; 0000 011F 
                 ; 0000 0120 // Timer/Counter 1 initialization
                 ; 0000 0121 // Clock source: System Clock
                 ; 0000 0122 // Clock value: Timer1 Stopped
                 ; 0000 0123 // Mode: Normal top=0xFFFF
                 ; 0000 0124 // OC1A output: Discon.
                 ; 0000 0125 // OC1B output: Discon.
                 ; 0000 0126 // Noise Canceler: Off
                 ; 0000 0127 // Input Capture on Falling Edge
                 ; 0000 0128 // Timer1 Overflow Interrupt: Off
                 ; 0000 0129 // Input Capture Interrupt: Off
                 ; 0000 012A // Compare A Match Interrupt: Off
                 ; 0000 012B // Compare B Match Interrupt: Off
                 ; 0000 012C TCCR1A=0x00;
000152 bdef      	OUT  0x2F,R30
                 ; 0000 012D TCCR1B=0x00;
000153 bdee      	OUT  0x2E,R30
                 ; 0000 012E TCNT1H=0x00;
000154 bded      	OUT  0x2D,R30
                 ; 0000 012F TCNT1L=0x00;
000155 bdec      	OUT  0x2C,R30
                 ; 0000 0130 ICR1H=0x00;
000156 bde7      	OUT  0x27,R30
                 ; 0000 0131 ICR1L=0x00;
000157 bde6      	OUT  0x26,R30
                 ; 0000 0132 OCR1AH=0x00;
000158 bdeb      	OUT  0x2B,R30
                 ; 0000 0133 OCR1AL=0x00;
000159 bdea      	OUT  0x2A,R30
                 ; 0000 0134 OCR1BH=0x00;
00015a bde9      	OUT  0x29,R30
                 ; 0000 0135 OCR1BL=0x00;
00015b bde8      	OUT  0x28,R30
                 ; 0000 0136 
                 ; 0000 0137 // Timer/Counter 2 initialization
                 ; 0000 0138 // Clock source: System Clock
                 ; 0000 0139 // Clock value: Timer2 Stopped
                 ; 0000 013A // Mode: Normal top=0xFF
                 ; 0000 013B // OC2 output: Disconnected
                 ; 0000 013C ASSR=0x00;
00015c bde2      	OUT  0x22,R30
                 ; 0000 013D TCCR2=0x00;
00015d bde5      	OUT  0x25,R30
                 ; 0000 013E TCNT2=0x00;
00015e bde4      	OUT  0x24,R30
                 ; 0000 013F OCR2=0x00;
00015f bde3      	OUT  0x23,R30
                 ; 0000 0140 
                 ; 0000 0141 // External Interrupt(s) initialization
                 ; 0000 0142 // INT0: Off
                 ; 0000 0143 // INT1: On
                 ; 0000 0144 // INT1 Mode: Rising Edge
                 ; 0000 0145 GICR=0x00;
000160 bfeb      	OUT  0x3B,R30
                 ; 0000 0146 MCUCR=0x0C;
000161 e0ec      	LDI  R30,LOW(12)
000162 bfe5      	OUT  0x35,R30
                 ; 0000 0147 GIFR=0x80;
000163 e8e0      	LDI  R30,LOW(128)
000164 bfea      	OUT  0x3A,R30
                 ; 0000 0148 
                 ; 0000 0149 // Timer(s)/Counter(s) Interrupt(s) initialization
                 ; 0000 014A TIMSK=0x00;
000165 e0e0      	LDI  R30,LOW(0)
000166 bfe9      	OUT  0x39,R30
                 ; 0000 014B 
                 ; 0000 014C // USART initialization
                 ; 0000 014D // USART disabled
                 ; 0000 014E UCSRB=0x00;
000167 b9ea      	OUT  0xA,R30
                 ; 0000 014F 
                 ; 0000 0150 // Analog Comparator initialization
                 ; 0000 0151 // Analog Comparator: Off
                 ; 0000 0152 // Analog Comparator Input Capture by Timer/Counter 1: Off
                 ; 0000 0153 ACSR=0x80;
000168 e8e0      	LDI  R30,LOW(128)
000169 b9e8      	OUT  0x8,R30
                 ; 0000 0154 SFIOR=0x00;
00016a e0e0      	LDI  R30,LOW(0)
00016b bfe0      	OUT  0x30,R30
                 ; 0000 0155 
                 ; 0000 0156 // ADC initialization
                 ; 0000 0157 // ADC disabled
                 ; 0000 0158 ADCSRA=0x00;
00016c b9e6      	OUT  0x6,R30
                 ; 0000 0159 
                 ; 0000 015A // SPI initialization
                 ; 0000 015B // SPI Type: Master
                 ; 0000 015C // SPI Clock Rate: 921,600 kHz
                 ; 0000 015D // SPI Clock Phase: Cycle Start
                 ; 0000 015E // SPI Clock Polarity: Low
                 ; 0000 015F // SPI Data Order: MSB First
                 ; 0000 0160 SPCR=0x50;
00016d e5e0      	LDI  R30,LOW(80)
00016e b9ed      	OUT  0xD,R30
                 ; 0000 0161 SPSR=0x00;
00016f e0e0      	LDI  R30,LOW(0)
000170 b9ee      	OUT  0xE,R30
                 ; 0000 0162 
                 ; 0000 0163 // TWI initialization
                 ; 0000 0164 // TWI disabled
                 ; 0000 0165 TWCR=0x00;
000171 bfe6      	OUT  0x36,R30
                 ; 0000 0166      #asm("sei")
000172 9478      	sei
                 ; 0000 0167 while (1)
                 ; 0000 0168       {
                 ; 0000 0169         for(i=0;i<128;i++)
000173 2455      	CLR  R5
                 _0x5B:
000174 e8e0      	LDI  R30,LOW(128)
000175 165e      	CP   R5,R30
000176 f440      	BRSH _0x5C
                 ; 0000 016A         {
                 ; 0000 016B         STATUS[i]=0xFF;
000177 2da5      	MOV  R26,R5
000178 e0b0      	LDI  R27,0
000179 50a0      	SUBI R26,LOW(-_STATUS)
00017a 40b0      	SBCI R27,HIGH(-_STATUS)
00017b efef      	LDI  R30,LOW(255)
00017c d052      	RCALL __EEPROMWRB
                 ; 0000 016C         }
00017d 9453      	INC  R5
00017e cff5      	RJMP _0x5B
                 _0x5C:
                 ; 0000 016D      // delay_ms(1000);
                 ; 0000 016E 
                 ; 0000 016F       RESET_TR();
00017f df1e      	RCALL _RESET_TR
                 ; 0000 0170       delay_ms(10);
000180 e0ea      	LDI  R30,LOW(10)
000181 e0f0      	LDI  R31,HIGH(10)
000182 d03a      	RCALL SUBOPT_0x5
                 ; 0000 0171       INIT_TR();
000183 df44      	RCALL _INIT_TR
                 ; 0000 0172       WRITE_PATABLE();
000184 df69      	RCALL _WRITE_PATABLE
                 ; 0000 0173 
                 ; 0000 0174 
                 ; 0000 0175 
                 ; 0000 0176       delay_ms(300);
000185 e2ec      	LDI  R30,LOW(300)
000186 e0f1      	LDI  R31,HIGH(300)
000187 d035      	RCALL SUBOPT_0x5
                 ; 0000 0177       PORTB.2=0; // SPI_SS ON
000188 98c2      	CBI  0x18,2
                 ; 0000 0178       while(PORTB.4==1); //Ждем 0 на MISO
                 _0x5F:
000189 99c4      	SBIC 0x18,4
00018a cffe      	RJMP _0x5F
                 ; 0000 0179       SPI_SEND(SIDLE); //Переход в режим IDLE
00018b e3e6      	LDI  R30,LOW(54)
00018c d01f      	RCALL SUBOPT_0x1
                 ; 0000 017A       SPI_SEND(SFRX); //Сброс буфера приема
00018d e3ea      	LDI  R30,LOW(58)
00018e d01d      	RCALL SUBOPT_0x1
                 ; 0000 017B       SPI_SEND(SFTX); //Сброс буфера передачи
00018f e3eb      	LDI  R30,LOW(59)
000190 d01b      	RCALL SUBOPT_0x1
                 ; 0000 017C       SPI_SEND(SRX);  //Переход в режим RX
000191 e3e4      	LDI  R30,LOW(52)
000192 d019      	RCALL SUBOPT_0x1
                 ; 0000 017D         delay_ms(1);
000193 e0e1      	LDI  R30,LOW(1)
000194 e0f0      	LDI  R31,HIGH(1)
000195 d027      	RCALL SUBOPT_0x5
                 ; 0000 017E        LightDiode(1);
000196 e0e1      	LDI  R30,LOW(1)
000197 d023      	RCALL SUBOPT_0x4
                 ; 0000 017F      // GIFR=0x80;   // Сброс флага прерывания
                 ; 0000 0180      // GICR|=0x80;  //Разрешение прерывания по приему пакета
                 ; 0000 0181 
                 ; 0000 0182       /*
                 ; 0000 0183         SPI_SEND(0x7F);
                 ; 0000 0184       SPI_SEND(0x07);
                 ; 0000 0185       SPI_SEND('S');
                 ; 0000 0186       SPI_SEND('E');
                 ; 0000 0187       SPI_SEND('X');
                 ; 0000 0188       SPI_SEND('O');
                 ; 0000 0189       SPI_SEND('N');
                 ; 0000 018A       SPI_SEND('I');
                 ; 0000 018B       SPI_SEND('X');
                 ; 0000 018C       PORTB.2=1; // SPI_SS OFF
                 ; 0000 018D 
                 ; 0000 018E       PORTB.2=0; // SPI_SS ON
                 ; 0000 018F       while(PORTB.4==1); //Ждем 0 на MISO
                 ; 0000 0190       SPI_SEND(STX);
                 ; 0000 0191             */
                 ; 0000 0192       //STATUS[0]=READ_REG(0x04);
                 ; 0000 0193       //STATUS[1]=READ_REG(0x05);
                 ; 0000 0194                /*
                 ; 0000 0195          LightDiode(0);
                 ; 0000 0196       for (i=1;i<128;i++)
                 ; 0000 0197        {
                 ; 0000 0198          SPI_SEND(0xF4);
                 ; 0000 0199          STATUS[i]=SPI_SEND(0xFF);
                 ; 0000 019A          delay_ms(10);
                 ; 0000 019B 
                 ; 0000 019C 
                 ; 0000 019D         }
                 ; 0000 019E          SPI_SEND(0xFB);
                 ; 0000 019F          STATUS[0]=SPI_SEND(0xFF);
                 ; 0000 01A0       PORTB.2=1; // SPI_SS OFF
                 ; 0000 01A1             LightDiode(1);
                 ; 0000 01A2                   */
                 ; 0000 01A3                 /*
                 ; 0000 01A4 
                 ; 0000 01A5       PORTB.2=0; // SPI_SS ON
                 ; 0000 01A6       while(PORTB.4==1); //Ждем 0 на MISO
                 ; 0000 01A7 
                 ; 0000 01A8        for (i=0;i<37;i++)
                 ; 0000 01A9        {
                 ; 0000 01AA        data.buf=init[i];
                 ; 0000 01AB         STATUS[i]=READ_REG(data.b[1]);
                 ; 0000 01AC        }
                 ; 0000 01AD 
                 ; 0000 01AE       STATUS[0]=0xAA;
                 ; 0000 01AF       STATUS[1]=READ_REG(0x3E);
                 ; 0000 01B0       STATUS[2]=0xAA;
                 ; 0000 01B1       STATUS[3]=SPI_SEND(SNOP);
                 ; 0000 01B2       PORTB.2=1; // SPI_SS OFF
                 ; 0000 01B3 
                 ; 0000 01B4 
                 ; 0000 01B5         // delay_ms(3000);
                 ; 0000 01B6           LightDiode(1);
                 ; 0000 01B7           PORTB.2=0; // SPI_SS ON
                 ; 0000 01B8       while(PORTB.4==1); //Ждем 0 на MISO
                 ; 0000 01B9           STATUS[5]=SPI_SEND(SNOP);
                 ; 0000 01BA       PORTB.2=1; // SPI_SS OFF
                 ; 0000 01BB 
                 ; 0000 01BC        // LightDiode(0);
                 ; 0000 01BD        // while(PORTB.0==0);
                 ; 0000 01BE         // LightDiode(2);
                 ; 0000 01BF         */
                 ; 0000 01C0       GIFR=0x80;   // Сброс флага прерывания
000198 e8e0      	LDI  R30,LOW(128)
000199 bfea      	OUT  0x3A,R30
                 ; 0000 01C1       GICR|=0x80;  //Разрешение прерывания по приему пакета
00019a b7eb      	IN   R30,0x3B
00019b 68e0      	ORI  R30,0x80
00019c bfeb      	OUT  0x3B,R30
                 ; 0000 01C2      //PORTB.2=0; // SPI_SS ON
                 ; 0000 01C3      // while(PORTB.4==1); //Ждем 0 на MISO
                 ; 0000 01C4                  /*
                 ; 0000 01C5       for (i=0;i<128;i++)
                 ; 0000 01C6       { STATUS[i]=SPI_SEND(0xF4);
                 ; 0000 01C7        delay_ms(1);}
                 ; 0000 01C8                   */
                 ; 0000 01C9 
                 ; 0000 01CA        while(1);
                 _0x62:
00019d cfff      	RJMP _0x62
                 ; 0000 01CB 
                 ; 0000 01CC        while(1)  {
                 _0x65:
                 ; 0000 01CD                    if (PORTB.0==1){ LightDiode(2);
00019e 9bc0      	SBIS 0x18,0
00019f c006      	RJMP _0x68
0001a0 e0e2      	LDI  R30,LOW(2)
0001a1 d019      	RCALL SUBOPT_0x4
                 ; 0000 01CE                        delay_ms(100);}
0001a2 e6e4      	LDI  R30,LOW(100)
0001a3 e0f0      	LDI  R31,HIGH(100)
0001a4 d018      	RCALL SUBOPT_0x5
                 ; 0000 01CF        else LightDiode(1);
0001a5 c002      	RJMP _0x69
                 _0x68:
0001a6 e0e1      	LDI  R30,LOW(1)
0001a7 d013      	RCALL SUBOPT_0x4
                 ; 0000 01D0        }
                 _0x69:
0001a8 cff5      	RJMP _0x65
                 ; 0000 01D1 
                 ; 0000 01D2       }
                 ; 0000 01D3 }
                 _0x6A:
0001a9 cfff      	RJMP _0x6A
                 	#ifndef __SLEEP_DEFINED__
                 	#endif
                 
                 	.CSEG
                 
                 	.CSEG
                 
                 	.CSEG
                 
                 	.DSEG
                 
                 	.CSEG
                 	#ifndef __SLEEP_DEFINED__
                 	#endif
                 
                 	.CSEG
                 
                 	.CSEG
                 
                 	.CSEG
                 
                 	.ESEG
                 _STATUS:
000000           	.BYTE 0x80
                 
                 	.DSEG
                 __seed_G102:
000160           	.BYTE 0x4
                 
                 	.CSEG
                 ;OPTIMIZER ADDED SUBROUTINE, CALLED 4 TIMES, CODE SIZE REDUCTION:4 WORDS
                 SUBOPT_0x0:
0001aa e0f0      	LDI  R31,0
0001ab 9508      	RET
                 
                 ;OPTIMIZER ADDED SUBROUTINE, CALLED 16 TIMES, CODE SIZE REDUCTION:13 WORDS
                 SUBOPT_0x1:
0001ac 93ea      	ST   -Y,R30
0001ad cee9      	RJMP _SPI_SEND
                 
                 ;OPTIMIZER ADDED SUBROUTINE, CALLED 2 TIMES, CODE SIZE REDUCTION:6 WORDS
                 SUBOPT_0x2:
0001ae 2de5      	MOV  R30,R5
0001af e2a6      	LDI  R26,LOW(_init*2)
0001b0 e0b0      	LDI  R27,HIGH(_init*2)
0001b1 dff8      	RCALL SUBOPT_0x0
0001b2 0fee      	LSL  R30
0001b3 1fff      	ROL  R31
0001b4 0fea      	ADD  R30,R26
0001b5 1ffb      	ADC  R31,R27
0001b6 d014      	RCALL __GETW1PF
0001b7 9508      	RET
                 
                 ;OPTIMIZER ADDED SUBROUTINE, CALLED 6 TIMES, CODE SIZE REDUCTION:3 WORDS
                 SUBOPT_0x3:
0001b8 93fa      	ST   -Y,R31
0001b9 93ea      	ST   -Y,R30
0001ba 9508      	RET
                 
                 ;OPTIMIZER ADDED SUBROUTINE, CALLED 5 TIMES, CODE SIZE REDUCTION:2 WORDS
                 SUBOPT_0x4:
0001bb 93ea      	ST   -Y,R30
0001bc cebf      	RJMP _LightDiode
                 
                 ;OPTIMIZER ADDED SUBROUTINE, CALLED 5 TIMES, CODE SIZE REDUCTION:2 WORDS
                 SUBOPT_0x5:
0001bd dffa      	RCALL SUBOPT_0x3
0001be c000      	RJMP _delay_ms
                 
                 
                 	.CSEG
                 _delay_ms:
0001bf 91e9      	ld   r30,y+
0001c0 91f9      	ld   r31,y+
0001c1 9630      	adiw r30,0
0001c2 f039      	breq __delay_ms1
                 __delay_ms0:
                +
0001c3 e98a     +LDI R24 , LOW ( 0x39A )
0001c4 e093     +LDI R25 , HIGH ( 0x39A )
                +__DELAY_USW_LOOP :
0001c5 9701     +SBIW R24 , 1
0001c6 f7f1     +BRNE __DELAY_USW_LOOP
                 	__DELAY_USW 0x39A
0001c7 95a8      	wdr
0001c8 9731      	sbiw r30,1
0001c9 f7c9      	brne __delay_ms0
                 __delay_ms1:
0001ca 9508      	ret
                 
                 __GETW1PF:
0001cb 9005      	LPM  R0,Z+
0001cc 91f4      	LPM  R31,Z
0001cd 2de0      	MOV  R30,R0
0001ce 9508      	RET
                 
                 __EEPROMWRB:
0001cf 9be1      	SBIS EECR,EEWE
0001d0 c002      	RJMP __EEPROMWRB1
0001d1 95a8      	WDR
0001d2 cffc      	RJMP __EEPROMWRB
                 __EEPROMWRB1:
0001d3 b79f      	IN   R25,SREG
0001d4 94f8      	CLI
0001d5 bbae      	OUT  EEARL,R26
0001d6 bbbf      	OUT  EEARH,R27
0001d7 9ae0      	SBI  EECR,EERE
0001d8 b38d      	IN   R24,EEDR
0001d9 17e8      	CP   R30,R24
0001da f019      	BREQ __EEPROMWRB0
0001db bbed      	OUT  EEDR,R30
0001dc 9ae2      	SBI  EECR,EEMWE
0001dd 9ae1      	SBI  EECR,EEWE
                 __EEPROMWRB0:
0001de bf9f      	OUT  SREG,R25
0001df 9508      	RET
                 
                 ;END OF CODE MARKER
                 __END_OF_CODE:


RESOURCE USE INFORMATION
------------------------

Notice:
The register and instruction counts are symbol table hit counts,
and hence implicitly used resources are not counted, eg, the
'lpm' instruction without operands implicitly uses r0 and z,
none of which are counted.

x,y,z are separate entities in the symbol table and are
counted separately from r26..r31 here.

.dseg memory usage only counts static data declared with .byte

ATmega8L register use summary:
r0 :   8 r1 :   3 r2 :   0 r3 :   0 r4 :   3 r5 :  15 r6 :   0 r7 :   0 
r8 :   0 r9 :   0 r10:   0 r11:   0 r12:   0 r13:   0 r14:   0 r15:   2 
r16:   0 r17:   9 r18:   0 r19:   0 r20:   0 r21:   0 r22:   4 r23:   2 
r24:  17 r25:   7 r26:  20 r27:  11 r28:   7 r29:   1 r30: 147 r31:  28 
x  :   3 y  :  50 z  :   9 
Registers used: 19 out of 35 (54.3%)

ATmega8L instruction use summary:
.lds  :   0 .lds.l:   0 .sts  :   0 .sts.l:   0 adc   :   1 add   :   1 
adiw  :   5 and   :   0 andi  :   0 asr   :   0 bclr  :   0 bld   :   0 
brbc  :   0 brbs  :   0 brcc  :   0 brcs  :   0 break :   0 breq  :   5 
brge  :   0 brhc  :   0 brhs  :   0 brid  :   0 brie  :   0 brlo  :   0 
brlt  :   0 brmi  :   0 brne  :  11 brpl  :   0 brsh  :   4 brtc  :   0 
brts  :   0 brvc  :   0 brvs  :   0 bset  :   0 bst   :   0 cbi   :  12 
cbr   :   0 clc   :   0 clh   :   0 cli   :   2 cln   :   0 clr   :   5 
cls   :   0 clt   :   0 clv   :   0 clz   :   0 com   :   0 cp    :   6 
cpc   :   3 cpi   :   4 cpse  :   0 dec   :   3 des   :   0 eor   :   0 
fmul  :   0 fmuls :   0 fmulsu:   0 icall :   0 ijmp  :   0 in    :   5 
inc   :   4 ld    :  17 ldd   :   8 ldi   :  79 lds   :   0 lpm   :  10 
lsl   :   1 lsr   :   0 mov   :   9 movw  :   3 mul   :   0 muls  :   0 
mulsu :   0 neg   :   0 nop   :   0 or    :   0 ori   :   2 out   :  51 
pop   :   2 push  :   2 rcall :  43 ret   :  11 reti  :   1 rjmp  :  47 
rol   :   1 ror   :   0 sbc   :   0 sbci  :   2 sbi   :  13 sbic  :   6 
sbis  :   3 sbiw  :   8 sbr   :   0 sbrc  :   0 sbrs  :   0 sec   :   0 
seh   :   0 sei   :   1 sen   :   0 ser   :   0 ses   :   0 set   :   0 
sev   :   0 sez   :   0 sleep :   0 spm   :   0 st    :  25 std   :   3 
sts   :   0 sub   :   0 subi  :   2 swap  :   0 tst   :   0 wdr   :   2 

Instructions used: 41 out of 114 (36.0%)

ATmega8L memory use summary [bytes]:
Segment   Begin    End      Code   Data   Used    Size   Use%
---------------------------------------------------------------
[.cseg] 0x000000 0x0003c0    844    116    960    8192  11.7%
[.dseg] 0x000060 0x000164      0      4      4    1119   0.4%
[.eseg] 0x000000 0x000080      0    128    128     512  25.0%

Assembly complete, 0 errors, 4 warnings
